#
# There is insufficient memory for the Java Runtime Environment to continue.
# Native memory allocation (malloc) failed to allocate 774592 bytes. Error detail: Chunk::new
# Possible reasons:
#   The system is out of physical RAM or swap space
#   This process is running with CompressedOops enabled, and the Java Heap may be blocking the growth of the native heap
# Possible solutions:
#   Reduce memory load on the system
#   Increase physical memory or swap space
#   Check if swap backing store is full
#   Decrease Java heap size (-Xmx/-Xms)
#   Decrease number of Java threads
#   Decrease Java thread stack sizes (-Xss)
#   Set larger code cache with -XX:ReservedCodeCacheSize=
#   JVM is running with Unscaled Compressed Oops mode in which the Java heap is
#     placed in the first 4GB address space. The Java Heap base address is the
#     maximum limit for the native heap growth. Please use -XX:HeapBaseMinAddress
#     to set the Java Heap base and to place the Java Heap above 4GB virtual address.
# This output file may be truncated or incomplete.
#
#  Out of Memory Error (arena.cpp:168), pid=3424, tid=10356
#
# JRE version: OpenJDK Runtime Environment Temurin-21.0.9+10 (21.0.9+10) (build 21.0.9+10-LTS)
# Java VM: OpenJDK 64-Bit Server VM Temurin-21.0.9+10 (21.0.9+10-LTS, mixed mode, sharing, tiered, compressed oops, compressed class ptrs, parallel gc, windows-amd64)
# No core dump will be written. Minidumps are not enabled by default on client versions of Windows
#

---------------  S U M M A R Y ------------

Command Line: --add-modules=ALL-SYSTEM --add-opens=java.base/java.util=ALL-UNNAMED --add-opens=java.base/java.lang=ALL-UNNAMED --add-opens=java.base/sun.nio.fs=ALL-UNNAMED -Declipse.application=org.eclipse.jdt.ls.core.id1 -Dosgi.bundles.defaultStartLevel=4 -Declipse.product=org.eclipse.jdt.ls.core.product -Djava.import.generatesMetadataFilesAtProjectRoot=false -DDetectVMInstallationsJob.disabled=true -Dfile.encoding=utf8 -XX:+UseParallelGC -XX:GCTimeRatio=4 -XX:AdaptiveSizePolicyWeight=90 -Dsun.zip.disableMemoryMapping=true -Xmx2G -Xms100m -Xlog:disable -javaagent:c:\Users\hp\.vscode\extensions\redhat.java-1.50.0-win32-x64\lombok\lombok-1.18.39-4050.jar -XX:+HeapDumpOnOutOfMemoryError -XX:HeapDumpPath=c:\Users\hp\AppData\Roaming\Code\User\workspaceStorage\314233e027ade1efa6ded64e5f5a4286\redhat.java -Daether.dependencyCollector.impl=bf c:\Users\hp\.vscode\extensions\redhat.java-1.50.0-win32-x64\server\plugins\org.eclipse.equinox.launcher_1.7.100.v20251111-0406.jar -configuration c:\Users\hp\AppData\Roaming\Code\User\globalStorage\redhat.java\1.50.0\config_win -data c:\Users\hp\AppData\Roaming\Code\User\workspaceStorage\314233e027ade1efa6ded64e5f5a4286\redhat.java\jdt_ws --pipe=\\.\pipe\lsp-2c59ff37a85a3d7676b37fcf1844c0bc-sock

Host: Intel(R) Core(TM) i3-10110U CPU @ 2.10GHz, 4 cores, 3G,  Windows 11 , 64 bit Build 26100 (10.0.26100.7309)
Time: Fri Dec 19 21:00:12 2025 SE Asia Standard Time elapsed time: 116.001827 seconds (0d 0h 1m 56s)

---------------  T H R E A D  ---------------

Current thread (0x0000022ccefb4ae0):  JavaThread "C2 CompilerThread0" daemon [_thread_in_native, id=10356, stack(0x00000055ee600000,0x00000055ee700000) (1024K)]


Current CompileTask:
C2:116002 9454       4       java.lang.invoke.DirectMethodHandle::make (275 bytes)

Stack: [0x00000055ee600000,0x00000055ee700000]
Native frames: (J=compiled Java code, j=interpreted, Vv=VM code, C=native code)
V  [jvm.dll+0x6d6e29]
V  [jvm.dll+0x8b4b76]
V  [jvm.dll+0x8b712e]
V  [jvm.dll+0x8b7813]
V  [jvm.dll+0x283d86]
V  [jvm.dll+0xc66ed]
V  [jvm.dll+0xc6c31]
V  [jvm.dll+0x3be53b]
V  [jvm.dll+0x1e3d59]
V  [jvm.dll+0x24c0f3]
V  [jvm.dll+0x24b580]
V  [jvm.dll+0x1cb13e]
V  [jvm.dll+0x25b29d]
V  [jvm.dll+0x25982a]
V  [jvm.dll+0x3f7ea6]
V  [jvm.dll+0x85e9ad]
V  [jvm.dll+0x6d565d]
C  [ucrtbase.dll+0x37b0]
C  [KERNEL32.DLL+0x2e8d7]
C  [ntdll.dll+0x8c53c]


---------------  P R O C E S S  ---------------

Threads class SMR info:
_java_thread_list=0x0000022cebf4d610, length=39, elements={
0x0000022ccf0bda40, 0x0000022ccefa6a60, 0x0000022ccefac3e0, 0x0000022ccefafbb0,
0x0000022ccefb0800, 0x0000022ccefb3260, 0x0000022ccefb3cb0, 0x0000022ccefb4ae0,
0x0000022ccf02dde0, 0x0000022ce67a7640, 0x0000022ce68da550, 0x0000022ceb1ae670,
0x0000022ceb571240, 0x0000022ceb03f7c0, 0x0000022ccf061710, 0x0000022ceb969740,
0x0000022ceb0d11e0, 0x0000022ceb1ca3c0, 0x0000022ceb1cb770, 0x0000022ceb1caa50,
0x0000022ceb1cb0e0, 0x0000022ceb1cbe00, 0x0000022ceb1c96a0, 0x0000022ceb1c9010,
0x0000022ceb1c8980, 0x0000022ceb1c9d30, 0x0000022ced575df0, 0x0000022ced574a40,
0x0000022ced572970, 0x0000022ced573d20, 0x0000022ced576480, 0x0000022ced573690,
0x0000022ced573000, 0x0000022ced576b10, 0x0000022ced5743b0, 0x0000022ced575760,
0x0000022ced5750d0, 0x0000022ced578be0, 0x0000022ced579900
}

Java Threads: ( => current thread )
  0x0000022ccf0bda40 JavaThread "main"                              [_thread_blocked, id=5952, stack(0x00000055edc00000,0x00000055edd00000) (1024K)]
  0x0000022ccefa6a60 JavaThread "Reference Handler"          daemon [_thread_blocked, id=17052, stack(0x00000055ee000000,0x00000055ee100000) (1024K)]
  0x0000022ccefac3e0 JavaThread "Finalizer"                  daemon [_thread_blocked, id=13256, stack(0x00000055ee100000,0x00000055ee200000) (1024K)]
  0x0000022ccefafbb0 JavaThread "Signal Dispatcher"          daemon [_thread_blocked, id=18648, stack(0x00000055ee200000,0x00000055ee300000) (1024K)]
  0x0000022ccefb0800 JavaThread "Attach Listener"            daemon [_thread_blocked, id=14828, stack(0x00000055ee300000,0x00000055ee400000) (1024K)]
  0x0000022ccefb3260 JavaThread "Service Thread"             daemon [_thread_blocked, id=17712, stack(0x00000055ee400000,0x00000055ee500000) (1024K)]
  0x0000022ccefb3cb0 JavaThread "Monitor Deflation Thread"   daemon [_thread_blocked, id=15176, stack(0x00000055ee500000,0x00000055ee600000) (1024K)]
=>0x0000022ccefb4ae0 JavaThread "C2 CompilerThread0"         daemon [_thread_in_native, id=10356, stack(0x00000055ee600000,0x00000055ee700000) (1024K)]
  0x0000022ccf02dde0 JavaThread "C1 CompilerThread0"         daemon [_thread_blocked, id=8744, stack(0x00000055ee700000,0x00000055ee800000) (1024K)]
  0x0000022ce67a7640 JavaThread "Common-Cleaner"             daemon [_thread_blocked, id=1972, stack(0x00000055ee800000,0x00000055ee900000) (1024K)]
  0x0000022ce68da550 JavaThread "Notification Thread"        daemon [_thread_blocked, id=13352, stack(0x00000055eea00000,0x00000055eeb00000) (1024K)]
  0x0000022ceb1ae670 JavaThread "Active Thread: Equinox Container: d234342b-8151-46c0-8edf-4f87bcd328fc"        [_thread_blocked, id=16860, stack(0x00000055eee00000,0x00000055eef00000) (1024K)]
  0x0000022ceb571240 JavaThread "Refresh Thread: Equinox Container: d234342b-8151-46c0-8edf-4f87bcd328fc" daemon [_thread_blocked, id=13496, stack(0x00000055eef00000,0x00000055ef000000) (1024K)]
  0x0000022ceb03f7c0 JavaThread "Framework Event Dispatcher: Equinox Container: d234342b-8151-46c0-8edf-4f87bcd328fc" daemon [_thread_blocked, id=20124, stack(0x00000055ef000000,0x00000055ef100000) (1024K)]
  0x0000022ccf061710 JavaThread "Start Level: Equinox Container: d234342b-8151-46c0-8edf-4f87bcd328fc" daemon [_thread_blocked, id=19976, stack(0x00000055ef100000,0x00000055ef200000) (1024K)]
  0x0000022ceb969740 JavaThread "Bundle File Closer"         daemon [_thread_blocked, id=9120, stack(0x00000055ef200000,0x00000055ef300000) (1024K)]
  0x0000022ceb0d11e0 JavaThread "SCR Component Actor"        daemon [_thread_blocked, id=10312, stack(0x00000055eda00000,0x00000055edb00000) (1024K)]
  0x0000022ceb1ca3c0 JavaThread "Worker-JM"                         [_thread_blocked, id=1004, stack(0x00000055edb00000,0x00000055edc00000) (1024K)]
  0x0000022ceb1cb770 JavaThread "JNA Cleaner"                daemon [_thread_blocked, id=7300, stack(0x00000055ef300000,0x00000055ef400000) (1024K)]
  0x0000022ceb1caa50 JavaThread "Worker-0"                          [_thread_blocked, id=18496, stack(0x00000055ef400000,0x00000055ef500000) (1024K)]
  0x0000022ceb1cb0e0 JavaThread "Worker-1"                          [_thread_blocked, id=21740, stack(0x00000055ef500000,0x00000055ef600000) (1024K)]
  0x0000022ceb1cbe00 JavaThread "Worker-2"                          [_thread_blocked, id=11372, stack(0x00000055ef600000,0x00000055ef700000) (1024K)]
  0x0000022ceb1c96a0 JavaThread "Worker-3"                          [_thread_blocked, id=4048, stack(0x00000055ef700000,0x00000055ef800000) (1024K)]
  0x0000022ceb1c9010 JavaThread "Java indexing"              daemon [_thread_blocked, id=20964, stack(0x00000055ef800000,0x00000055ef900000) (1024K)]
  0x0000022ceb1c8980 JavaThread "Worker-4"                          [_thread_blocked, id=14112, stack(0x00000055efb00000,0x00000055efc00000) (1024K)]
  0x0000022ceb1c9d30 JavaThread "Worker-5"                          [_thread_blocked, id=2276, stack(0x00000055efc00000,0x00000055efd00000) (1024K)]
  0x0000022ced575df0 JavaThread "Thread-1"                   daemon [_thread_in_native, id=9596, stack(0x00000055efd00000,0x00000055efe00000) (1024K)]
  0x0000022ced574a40 JavaThread "Thread-2"                   daemon [_thread_in_native, id=15544, stack(0x00000055efe00000,0x00000055eff00000) (1024K)]
  0x0000022ced572970 JavaThread "Thread-3"                   daemon [_thread_in_native, id=18476, stack(0x00000055eff00000,0x00000055f0000000) (1024K)]
  0x0000022ced573d20 JavaThread "Thread-4"                   daemon [_thread_in_native, id=3412, stack(0x00000055f0000000,0x00000055f0100000) (1024K)]
  0x0000022ced576480 JavaThread "Thread-5"                   daemon [_thread_in_native, id=13792, stack(0x00000055f0100000,0x00000055f0200000) (1024K)]
  0x0000022ced573690 JavaThread "pool-2-thread-1"                   [_thread_blocked, id=11212, stack(0x00000055f0200000,0x00000055f0300000) (1024K)]
  0x0000022ced573000 JavaThread "WorkspaceEventsHandler"            [_thread_blocked, id=20840, stack(0x00000055f0500000,0x00000055f0600000) (1024K)]
  0x0000022ced576b10 JavaThread "pool-1-thread-1"                   [_thread_blocked, id=21248, stack(0x00000055f0600000,0x00000055f0700000) (1024K)]
  0x0000022ced5743b0 JavaThread "ForkJoinPool.commonPool-worker-1" daemon [_thread_blocked, id=20876, stack(0x00000055f0900000,0x00000055f0a00000) (1024K)]
  0x0000022ced575760 JavaThread "ForkJoinPool.commonPool-worker-2" daemon [_thread_blocked, id=11952, stack(0x00000055f0a00000,0x00000055f0b00000) (1024K)]
  0x0000022ced5750d0 JavaThread "ForkJoinPool.commonPool-worker-3" daemon [_thread_in_vm, id=17820, stack(0x00000055f0b00000,0x00000055f0c00000) (1024K)]
  0x0000022ced578be0 JavaThread "Worker-6"                          [_thread_blocked, id=22084, stack(0x00000055f0800000,0x00000055f0900000) (1024K)]
  0x0000022ced579900 JavaThread "Cleaner-0"                  daemon [_thread_blocked, id=17588, stack(0x00000055f0c00000,0x00000055f0d00000) (1024K)]
Total: 39

Other Threads:
  0x0000022ccf17b880 VMThread "VM Thread"                           [id=23488, stack(0x00000055edf00000,0x00000055ee000000) (1024K)]
  0x0000022ccef4ca00 WatcherThread "VM Periodic Task Thread"        [id=16624, stack(0x00000055ede00000,0x00000055edf00000) (1024K)]
  0x0000022ccf0dbd70 WorkerThread "GC Thread#0"                     [id=13808, stack(0x00000055edd00000,0x00000055ede00000) (1024K)]
  0x0000022ceb550280 WorkerThread "GC Thread#1"                     [id=21088, stack(0x00000055eeb00000,0x00000055eec00000) (1024K)]
  0x0000022ceb3c91b0 WorkerThread "GC Thread#2"                     [id=4940, stack(0x00000055eec00000,0x00000055eed00000) (1024K)]
  0x0000022ceb3c9550 WorkerThread "GC Thread#3"                     [id=18744, stack(0x00000055eed00000,0x00000055eee00000) (1024K)]
Total: 6

Threads with active compile tasks:
C2 CompilerThread0  116069 9454       4       java.lang.invoke.DirectMethodHandle::make (275 bytes)
Total: 1

VM state: not at safepoint (normal execution)

VM Mutex/Monitor currently owned by a thread:  ([mutex/lock_event])
[0x00007ff86745b4f0] Metaspace_lock - owner thread: 0x0000022ced5750d0

Heap address: 0x0000000080000000, size: 2048 MB, Compressed Oops mode: 32-bit

CDS archive(s) mapped at: [0x0000022c80000000-0x0000022c80ba0000-0x0000022c80ba0000), size 12189696, SharedBaseAddress: 0x0000022c80000000, ArchiveRelocationMode: 1.
Compressed class space mapped at: 0x0000022c81000000-0x0000022cc1000000, reserved size: 1073741824
Narrow klass base: 0x0000022c80000000, Narrow klass shift: 0, Narrow klass range: 0x100000000

GC Precious Log:
 CardTable entry size: 512
 CPUs: 4 total, 4 available
 Memory: 3919M
 Large Page Support: Disabled
 NUMA Support: Disabled
 Compressed Oops: Enabled (32-bit)
 Alignments: Space 512K, Generation 512K, Heap 2M
 Heap Min Capacity: 100M
 Heap Initial Capacity: 100M
 Heap Max Capacity: 2G
 Pre-touch: Disabled
 Parallel Workers: 4

Heap:
 PSYoungGen      total 20992K, used 10715K [0x00000000d5580000, 0x00000000d7600000, 0x0000000100000000)
  eden space 19456K, 47% used [0x00000000d5580000,0x00000000d5e7f638,0x00000000d6880000)
  from space 1536K, 97% used [0x00000000d7480000,0x00000000d75f7600,0x00000000d7600000)
  to   space 5120K, 0% used [0x00000000d6c00000,0x00000000d6c00000,0x00000000d7100000)
 ParOldGen       total 122368K, used 121973K [0x0000000080000000, 0x0000000087780000, 0x00000000d5580000)
  object space 122368K, 99% used [0x0000000080000000,0x000000008771d448,0x0000000087780000)
 Metaspace       used 66406K, committed 67776K, reserved 1114112K
  class space    used 7124K, committed 7744K, reserved 1048576K

Card table byte_map: [0x0000022ccea60000,0x0000022ccee70000] _byte_map_base: 0x0000022cce660000

Marking Bits: (ParMarkBitMap*) 0x00007ff867462460
 Begin Bits: [0x0000022ce1570000, 0x0000022ce3570000)
 End Bits:   [0x0000022ce3570000, 0x0000022ce5570000)

Polling page: 0x0000022cccec0000

Metaspace:

Usage:
  Non-class:     57.89 MB used.
      Class:      6.96 MB used.
       Both:     64.85 MB used.

Virtual space:
  Non-class space:       64.00 MB reserved,      58.62 MB ( 92%) committed,  1 nodes.
      Class space:        1.00 GB reserved,       7.56 MB ( <1%) committed,  1 nodes.
             Both:        1.06 GB reserved,      66.19 MB (  6%) committed. 

Chunk freelists:
   Non-Class:  5.17 MB
       Class:  8.30 MB
        Both:  13.47 MB

MaxMetaspaceSize: unlimited
CompressedClassSpaceSize: 1.00 GB
Initial GC threshold: 21.00 MB
Current GC threshold: 97.31 MB
CDS: on
 - commit_granule_bytes: 65536.
 - commit_granule_words: 8192.
 - virtual_space_node_default_size: 8388608.
 - enlarge_chunks_in_place: 1.
 - use_allocation_guard: 0.


Internal statistics:

num_allocs_failed_limit: 9.
num_arena_births: 1020.
num_arena_deaths: 20.
num_vsnodes_births: 2.
num_vsnodes_deaths: 0.
num_space_committed: 1059.
num_space_uncommitted: 0.
num_chunks_returned_to_freelist: 32.
num_chunks_taken_from_freelist: 3922.
num_chunk_merges: 15.
num_chunk_splits: 2412.
num_chunks_enlarged: 1377.
num_inconsistent_stats: 0.

CodeHeap 'non-profiled nmethods': size=120000Kb used=5451Kb max_used=5451Kb free=114548Kb
 bounds [0x0000022cd9d90000, 0x0000022cda2f0000, 0x0000022ce12c0000]
CodeHeap 'profiled nmethods': size=120000Kb used=19212Kb max_used=19212Kb free=100787Kb
 bounds [0x0000022cd22c0000, 0x0000022cd3590000, 0x0000022cd97f0000]
CodeHeap 'non-nmethods': size=5760Kb used=1461Kb max_used=1545Kb free=4298Kb
 bounds [0x0000022cd97f0000, 0x0000022cd9a60000, 0x0000022cd9d90000]
CodeCache: size=245760Kb, used=26124Kb, max_used=26208Kb, free=219633Kb
 total_blobs=9492, nmethods=8711, adapters=687, full_count=0
Compilation: enabled, stopped_count=0, restarted_count=0

Compilation events (20 events):
Event: 115.134 Thread 0x0000022ccf02dde0 9483       3       org.eclipse.lsp4j.jsonrpc.messages.Either::isLeft (13 bytes)
Event: 115.134 Thread 0x0000022ccf02dde0 nmethod 9483 0x0000022cd357f910 code [0x0000022cd357faa0, 0x0000022cd357fc00]
Event: 115.134 Thread 0x0000022ccf02dde0 9485       3       com.google.gson.stream.JsonWriter::beforeValue (140 bytes)
Event: 115.135 Thread 0x0000022ccf02dde0 nmethod 9485 0x0000022cd357fc90 code [0x0000022cd357ff00, 0x0000022cd3580858]
Event: 115.135 Thread 0x0000022ccf02dde0 9484       3       com.google.gson.stream.JsonWriter::nullValue (44 bytes)
Event: 115.135 Thread 0x0000022ccf02dde0 nmethod 9484 0x0000022cd3580b90 code [0x0000022cd3580d80, 0x0000022cd35811a0]
Event: 115.163 Thread 0x0000022ccf02dde0 9486  s    3       org.eclipse.core.internal.localstore.FileStoreRoot::getCanonicalRoot (23 bytes)
Event: 115.163 Thread 0x0000022ccf02dde0 nmethod 9486 0x0000022cd3581310 code [0x0000022cd35814c0, 0x0000022cd3581720]
Event: 115.232 Thread 0x0000022ccf02dde0 9487       3       org.eclipse.jdt.internal.corext.dom.GenericVisitor::endVisitNode (1 bytes)
Event: 115.233 Thread 0x0000022ccf02dde0 nmethod 9487 0x0000022cd3581810 code [0x0000022cd35819a0, 0x0000022cd3581aa8]
Event: 115.233 Thread 0x0000022ccf02dde0 9488       1       java.util.stream.MatchOps$BooleanTerminalSink::cancellationRequested (5 bytes)
Event: 115.233 Thread 0x0000022ccf02dde0 nmethod 9488 0x0000022cda2e1c10 code [0x0000022cda2e1da0, 0x0000022cda2e1e70]
Event: 115.238 Thread 0x0000022ccf02dde0 9489       1       org.eclipse.jdt.core.dom.ASTNode::getLocationInParent (5 bytes)
Event: 115.238 Thread 0x0000022ccf02dde0 nmethod 9489 0x0000022cda2e1f10 code [0x0000022cda2e20a0, 0x0000022cda2e2168]
Event: 115.355 Thread 0x0000022ccf02dde0 9491       1       org.eclipse.core.internal.jobs.JobManager::isActive (5 bytes)
Event: 115.355 Thread 0x0000022ccf02dde0 nmethod 9491 0x0000022cda2e2690 code [0x0000022cda2e2820, 0x0000022cda2e28f0]
Event: 115.471 Thread 0x0000022ccf02dde0 9492       1       org.eclipse.lsp4j.jsonrpc.messages.NotificationMessage::getMethod (5 bytes)
Event: 115.472 Thread 0x0000022ccf02dde0 nmethod 9492 0x0000022cda2e2990 code [0x0000022cda2e2b20, 0x0000022cda2e2be8]
Event: 115.473 Thread 0x0000022ccf02dde0 9493       1       org.eclipse.core.internal.jobs.JobChangeEvent::getJob (5 bytes)
Event: 115.473 Thread 0x0000022ccf02dde0 nmethod 9493 0x0000022cda2e2c90 code [0x0000022cda2e2e20, 0x0000022cda2e2ee8]

GC Heap History (20 events):
Event: 95.219 GC heap before
{Heap before GC invocations=34 (full 2):
 PSYoungGen      total 21504K, used 13226K [0x00000000d5580000, 0x00000000d6c00000, 0x0000000100000000)
  eden space 19456K, 64% used [0x00000000d5580000,0x00000000d61bff78,0x00000000d6880000)
  from space 2048K, 33% used [0x00000000d6880000,0x00000000d692aa40,0x00000000d6a80000)
  to   space 1536K, 0% used [0x00000000d6a80000,0x00000000d6a80000,0x00000000d6c00000)
 ParOldGen       total 68608K, used 45603K [0x0000000080000000, 0x0000000084300000, 0x00000000d5580000)
  object space 68608K, 66% used [0x0000000080000000,0x0000000082c88c10,0x0000000084300000)
 Metaspace       used 58572K, committed 59776K, reserved 1114112K
  class space    used 6334K, committed 6912K, reserved 1048576K
}
Event: 95.222 GC heap after
{Heap after GC invocations=34 (full 2):
 PSYoungGen      total 20480K, used 536K [0x00000000d5580000, 0x00000000d6b80000, 0x0000000100000000)
  eden space 19456K, 0% used [0x00000000d5580000,0x00000000d5580000,0x00000000d6880000)
  from space 1024K, 52% used [0x00000000d6a80000,0x00000000d6b061c8,0x00000000d6b80000)
  to   space 1024K, 0% used [0x00000000d6980000,0x00000000d6980000,0x00000000d6a80000)
 ParOldGen       total 68608K, used 45619K [0x0000000080000000, 0x0000000084300000, 0x00000000d5580000)
  object space 68608K, 66% used [0x0000000080000000,0x0000000082c8cc10,0x0000000084300000)
 Metaspace       used 58572K, committed 59776K, reserved 1114112K
  class space    used 6334K, committed 6912K, reserved 1048576K
}
Event: 95.222 GC heap before
{Heap before GC invocations=35 (full 3):
 PSYoungGen      total 20480K, used 536K [0x00000000d5580000, 0x00000000d6b80000, 0x0000000100000000)
  eden space 19456K, 0% used [0x00000000d5580000,0x00000000d5580000,0x00000000d6880000)
  from space 1024K, 52% used [0x00000000d6a80000,0x00000000d6b061c8,0x00000000d6b80000)
  to   space 1024K, 0% used [0x00000000d6980000,0x00000000d6980000,0x00000000d6a80000)
 ParOldGen       total 68608K, used 45619K [0x0000000080000000, 0x0000000084300000, 0x00000000d5580000)
  object space 68608K, 66% used [0x0000000080000000,0x0000000082c8cc10,0x0000000084300000)
 Metaspace       used 58572K, committed 59776K, reserved 1114112K
  class space    used 6334K, committed 6912K, reserved 1048576K
}
Event: 95.372 GC heap after
{Heap after GC invocations=35 (full 3):
 PSYoungGen      total 20480K, used 0K [0x00000000d5580000, 0x00000000d6b80000, 0x0000000100000000)
  eden space 19456K, 0% used [0x00000000d5580000,0x00000000d5580000,0x00000000d6880000)
  from space 1024K, 0% used [0x00000000d6a80000,0x00000000d6a80000,0x00000000d6b80000)
  to   space 1024K, 0% used [0x00000000d6980000,0x00000000d6980000,0x00000000d6a80000)
 ParOldGen       total 68608K, used 41107K [0x0000000080000000, 0x0000000084300000, 0x00000000d5580000)
  object space 68608K, 59% used [0x0000000080000000,0x0000000082824f60,0x0000000084300000)
 Metaspace       used 58572K, committed 59776K, reserved 1114112K
  class space    used 6334K, committed 6912K, reserved 1048576K
}
Event: 97.311 GC heap before
{Heap before GC invocations=36 (full 3):
 PSYoungGen      total 20480K, used 19456K [0x00000000d5580000, 0x00000000d6b80000, 0x0000000100000000)
  eden space 19456K, 100% used [0x00000000d5580000,0x00000000d6880000,0x00000000d6880000)
  from space 1024K, 0% used [0x00000000d6a80000,0x00000000d6a80000,0x00000000d6b80000)
  to   space 1024K, 0% used [0x00000000d6980000,0x00000000d6980000,0x00000000d6a80000)
 ParOldGen       total 68608K, used 41107K [0x0000000080000000, 0x0000000084300000, 0x00000000d5580000)
  object space 68608K, 59% used [0x0000000080000000,0x0000000082824f60,0x0000000084300000)
 Metaspace       used 60383K, committed 61568K, reserved 1114112K
  class space    used 6554K, committed 7104K, reserved 1048576K
}
Event: 97.314 GC heap after
{Heap after GC invocations=36 (full 3):
 PSYoungGen      total 20480K, used 800K [0x00000000d5580000, 0x00000000d6b00000, 0x0000000100000000)
  eden space 19456K, 0% used [0x00000000d5580000,0x00000000d5580000,0x00000000d6880000)
  from space 1024K, 78% used [0x00000000d6980000,0x00000000d6a48030,0x00000000d6a80000)
  to   space 512K, 0% used [0x00000000d6a80000,0x00000000d6a80000,0x00000000d6b00000)
 ParOldGen       total 68608K, used 41115K [0x0000000080000000, 0x0000000084300000, 0x00000000d5580000)
  object space 68608K, 59% used [0x0000000080000000,0x0000000082826f60,0x0000000084300000)
 Metaspace       used 60383K, committed 61568K, reserved 1114112K
  class space    used 6554K, committed 7104K, reserved 1048576K
}
Event: 98.244 GC heap before
{Heap before GC invocations=37 (full 3):
 PSYoungGen      total 20480K, used 20256K [0x00000000d5580000, 0x00000000d6b00000, 0x0000000100000000)
  eden space 19456K, 100% used [0x00000000d5580000,0x00000000d6880000,0x00000000d6880000)
  from space 1024K, 78% used [0x00000000d6980000,0x00000000d6a48030,0x00000000d6a80000)
  to   space 512K, 0% used [0x00000000d6a80000,0x00000000d6a80000,0x00000000d6b00000)
 ParOldGen       total 68608K, used 41115K [0x0000000080000000, 0x0000000084300000, 0x00000000d5580000)
  object space 68608K, 59% used [0x0000000080000000,0x0000000082826f60,0x0000000084300000)
 Metaspace       used 62435K, committed 63744K, reserved 1114112K
  class space    used 6763K, committed 7360K, reserved 1048576K
}
Event: 98.248 GC heap after
{Heap after GC invocations=37 (full 3):
 PSYoungGen      total 19968K, used 480K [0x00000000d5580000, 0x00000000d6c80000, 0x0000000100000000)
  eden space 19456K, 0% used [0x00000000d5580000,0x00000000d5580000,0x00000000d6880000)
  from space 512K, 93% used [0x00000000d6a80000,0x00000000d6af8020,0x00000000d6b00000)
  to   space 2048K, 0% used [0x00000000d6880000,0x00000000d6880000,0x00000000d6a80000)
 ParOldGen       total 68608K, used 42338K [0x0000000080000000, 0x0000000084300000, 0x00000000d5580000)
  object space 68608K, 61% used [0x0000000080000000,0x0000000082958bf0,0x0000000084300000)
 Metaspace       used 62435K, committed 63744K, reserved 1114112K
  class space    used 6763K, committed 7360K, reserved 1048576K
}
Event: 102.952 GC heap before
{Heap before GC invocations=38 (full 3):
 PSYoungGen      total 19968K, used 19198K [0x00000000d5580000, 0x00000000d6c80000, 0x0000000100000000)
  eden space 19456K, 96% used [0x00000000d5580000,0x00000000d67c7908,0x00000000d6880000)
  from space 512K, 93% used [0x00000000d6a80000,0x00000000d6af8020,0x00000000d6b00000)
  to   space 2048K, 0% used [0x00000000d6880000,0x00000000d6880000,0x00000000d6a80000)
 ParOldGen       total 68608K, used 42338K [0x0000000080000000, 0x0000000084300000, 0x00000000d5580000)
  object space 68608K, 61% used [0x0000000080000000,0x0000000082958bf0,0x0000000084300000)
 Metaspace       used 63953K, committed 65280K, reserved 1114112K
  class space    used 6913K, committed 7488K, reserved 1048576K
}
Event: 102.957 GC heap after
{Heap after GC invocations=38 (full 3):
 PSYoungGen      total 21504K, used 1910K [0x00000000d5580000, 0x00000000d6c80000, 0x0000000100000000)
  eden space 19456K, 0% used [0x00000000d5580000,0x00000000d5580000,0x00000000d6880000)
  from space 2048K, 93% used [0x00000000d6880000,0x00000000d6a5d888,0x00000000d6a80000)
  to   space 2048K, 0% used [0x00000000d6a80000,0x00000000d6a80000,0x00000000d6c80000)
 ParOldGen       total 68608K, used 44072K [0x0000000080000000, 0x0000000084300000, 0x00000000d5580000)
  object space 68608K, 64% used [0x0000000080000000,0x0000000082b0a270,0x0000000084300000)
 Metaspace       used 63953K, committed 65280K, reserved 1114112K
  class space    used 6913K, committed 7488K, reserved 1048576K
}
Event: 103.389 GC heap before
{Heap before GC invocations=39 (full 3):
 PSYoungGen      total 21504K, used 21366K [0x00000000d5580000, 0x00000000d6c80000, 0x0000000100000000)
  eden space 19456K, 100% used [0x00000000d5580000,0x00000000d6880000,0x00000000d6880000)
  from space 2048K, 93% used [0x00000000d6880000,0x00000000d6a5d888,0x00000000d6a80000)
  to   space 2048K, 0% used [0x00000000d6a80000,0x00000000d6a80000,0x00000000d6c80000)
 ParOldGen       total 91136K, used 81411K [0x0000000080000000, 0x0000000085900000, 0x00000000d5580000)
  object space 91136K, 89% used [0x0000000080000000,0x0000000084f80dc0,0x0000000085900000)
 Metaspace       used 64227K, committed 65536K, reserved 1114112K
  class space    used 6944K, committed 7552K, reserved 1048576K
}
Event: 103.393 GC heap after
{Heap after GC invocations=39 (full 3):
 PSYoungGen      total 19968K, used 192K [0x00000000d5580000, 0x00000000d6b00000, 0x0000000100000000)
  eden space 19456K, 0% used [0x00000000d5580000,0x00000000d5580000,0x00000000d6880000)
  from space 512K, 37% used [0x00000000d6a80000,0x00000000d6ab0000,0x00000000d6b00000)
  to   space 1024K, 0% used [0x00000000d6900000,0x00000000d6900000,0x00000000d6a00000)
 ParOldGen       total 91136K, used 83189K [0x0000000080000000, 0x0000000085900000, 0x00000000d5580000)
  object space 91136K, 91% used [0x0000000080000000,0x000000008513d430,0x0000000085900000)
 Metaspace       used 64227K, committed 65536K, reserved 1114112K
  class space    used 6944K, committed 7552K, reserved 1048576K
}
Event: 103.608 GC heap before
{Heap before GC invocations=40 (full 3):
 PSYoungGen      total 19968K, used 19648K [0x00000000d5580000, 0x00000000d6b00000, 0x0000000100000000)
  eden space 19456K, 100% used [0x00000000d5580000,0x00000000d6880000,0x00000000d6880000)
  from space 512K, 37% used [0x00000000d6a80000,0x00000000d6ab0000,0x00000000d6b00000)
  to   space 1024K, 0% used [0x00000000d6900000,0x00000000d6900000,0x00000000d6a00000)
 ParOldGen       total 91136K, used 83189K [0x0000000080000000, 0x0000000085900000, 0x00000000d5580000)
  object space 91136K, 91% used [0x0000000080000000,0x000000008513d430,0x0000000085900000)
 Metaspace       used 64313K, committed 65664K, reserved 1114112K
  class space    used 6949K, committed 7552K, reserved 1048576K
}
Event: 103.642 GC heap after
{Heap after GC invocations=40 (full 3):
 PSYoungGen      total 20480K, used 1011K [0x00000000d5580000, 0x00000000d8980000, 0x0000000100000000)
  eden space 19456K, 0% used [0x00000000d5580000,0x00000000d5580000,0x00000000d6880000)
  from space 1024K, 98% used [0x00000000d6900000,0x00000000d69fcd98,0x00000000d6a00000)
  to   space 16896K, 0% used [0x00000000d7900000,0x00000000d7900000,0x00000000d8980000)
 ParOldGen       total 96768K, used 96326K [0x0000000080000000, 0x0000000085e80000, 0x00000000d5580000)
  object space 96768K, 99% used [0x0000000080000000,0x0000000085e118a0,0x0000000085e80000)
 Metaspace       used 64313K, committed 65664K, reserved 1114112K
  class space    used 6949K, committed 7552K, reserved 1048576K
}
Event: 103.841 GC heap before
{Heap before GC invocations=41 (full 3):
 PSYoungGen      total 20480K, used 20467K [0x00000000d5580000, 0x00000000d8980000, 0x0000000100000000)
  eden space 19456K, 100% used [0x00000000d5580000,0x00000000d6880000,0x00000000d6880000)
  from space 1024K, 98% used [0x00000000d6900000,0x00000000d69fcd98,0x00000000d6a00000)
  to   space 16896K, 0% used [0x00000000d7900000,0x00000000d7900000,0x00000000d8980000)
 ParOldGen       total 96768K, used 96326K [0x0000000080000000, 0x0000000085e80000, 0x00000000d5580000)
  object space 96768K, 99% used [0x0000000080000000,0x0000000085e118a0,0x0000000085e80000)
 Metaspace       used 64393K, committed 65728K, reserved 1114112K
  class space    used 6951K, committed 7552K, reserved 1048576K
}
Event: 103.933 GC heap after
{Heap after GC invocations=41 (full 3):
 PSYoungGen      total 34304K, used 14835K [0x00000000d5580000, 0x00000000d8780000, 0x0000000100000000)
  eden space 19456K, 0% used [0x00000000d5580000,0x00000000d5580000,0x00000000d6880000)
  from space 14848K, 99% used [0x00000000d7900000,0x00000000d877cd98,0x00000000d8780000)
  to   space 15872K, 0% used [0x00000000d6880000,0x00000000d6880000,0x00000000d7800000)
 ParOldGen       total 97792K, used 97345K [0x0000000080000000, 0x0000000085f80000, 0x00000000d5580000)
  object space 97792K, 99% used [0x0000000080000000,0x0000000085f10638,0x0000000085f80000)
 Metaspace       used 64393K, committed 65728K, reserved 1114112K
  class space    used 6951K, committed 7552K, reserved 1048576K
}
Event: 105.072 GC heap before
{Heap before GC invocations=42 (full 3):
 PSYoungGen      total 34304K, used 33913K [0x00000000d5580000, 0x00000000d8780000, 0x0000000100000000)
  eden space 19456K, 98% used [0x00000000d5580000,0x00000000d6821738,0x00000000d6880000)
  from space 14848K, 99% used [0x00000000d7900000,0x00000000d877cd98,0x00000000d8780000)
  to   space 15872K, 0% used [0x00000000d6880000,0x00000000d6880000,0x00000000d7800000)
 ParOldGen       total 97792K, used 97345K [0x0000000080000000, 0x0000000085f80000, 0x00000000d5580000)
  object space 97792K, 99% used [0x0000000080000000,0x0000000085f10638,0x0000000085f80000)
 Metaspace       used 64668K, committed 65984K, reserved 1114112K
  class space    used 6973K, committed 7552K, reserved 1048576K
}
Event: 105.102 GC heap after
{Heap after GC invocations=42 (full 3):
 PSYoungGen      total 29696K, used 10017K [0x00000000d5580000, 0x00000000d8080000, 0x0000000100000000)
  eden space 19456K, 0% used [0x00000000d5580000,0x00000000d5580000,0x00000000d6880000)
  from space 10240K, 97% used [0x00000000d6880000,0x00000000d72485e8,0x00000000d7280000)
  to   space 12288K, 0% used [0x00000000d7480000,0x00000000d7480000,0x00000000d8080000)
 ParOldGen       total 112128K, used 112025K [0x0000000080000000, 0x0000000086d80000, 0x00000000d5580000)
  object space 112128K, 99% used [0x0000000080000000,0x0000000086d66638,0x0000000086d80000)
 Metaspace       used 64668K, committed 65984K, reserved 1114112K
  class space    used 6973K, committed 7552K, reserved 1048576K
}
Event: 112.523 GC heap before
{Heap before GC invocations=43 (full 3):
 PSYoungGen      total 29696K, used 29473K [0x00000000d5580000, 0x00000000d8080000, 0x0000000100000000)
  eden space 19456K, 100% used [0x00000000d5580000,0x00000000d6880000,0x00000000d6880000)
  from space 10240K, 97% used [0x00000000d6880000,0x00000000d72485e8,0x00000000d7280000)
  to   space 12288K, 0% used [0x00000000d7480000,0x00000000d7480000,0x00000000d8080000)
 ParOldGen       total 112128K, used 112025K [0x0000000080000000, 0x0000000086d80000, 0x00000000d5580000)
  object space 112128K, 99% used [0x0000000080000000,0x0000000086d66638,0x0000000086d80000)
 Metaspace       used 65717K, committed 67072K, reserved 1114112K
  class space    used 7064K, committed 7616K, reserved 1048576K
}
Event: 112.555 GC heap after
{Heap after GC invocations=43 (full 3):
 PSYoungGen      total 20992K, used 1501K [0x00000000d5580000, 0x00000000d7600000, 0x0000000100000000)
  eden space 19456K, 0% used [0x00000000d5580000,0x00000000d5580000,0x00000000d6880000)
  from space 1536K, 97% used [0x00000000d7480000,0x00000000d75f7600,0x00000000d7600000)
  to   space 5120K, 0% used [0x00000000d6c00000,0x00000000d6c00000,0x00000000d7100000)
 ParOldGen       total 122368K, used 121973K [0x0000000080000000, 0x0000000087780000, 0x00000000d5580000)
  object space 122368K, 99% used [0x0000000080000000,0x000000008771d448,0x0000000087780000)
 Metaspace       used 65717K, committed 67072K, reserved 1114112K
  class space    used 7064K, committed 7616K, reserved 1048576K
}

Dll operation events (12 events):
Event: 0.053 Loaded shared library c:\Users\hp\.vscode\extensions\redhat.java-1.50.0-win32-x64\jre\21.0.9-win32-x86_64\bin\java.dll
Event: 0.230 Loaded shared library c:\Users\hp\.vscode\extensions\redhat.java-1.50.0-win32-x64\jre\21.0.9-win32-x86_64\bin\zip.dll
Event: 0.266 Loaded shared library C:\Users\hp\.vscode\extensions\redhat.java-1.50.0-win32-x64\jre\21.0.9-win32-x86_64\bin\instrument.dll
Event: 0.290 Loaded shared library C:\Users\hp\.vscode\extensions\redhat.java-1.50.0-win32-x64\jre\21.0.9-win32-x86_64\bin\net.dll
Event: 0.294 Loaded shared library C:\Users\hp\.vscode\extensions\redhat.java-1.50.0-win32-x64\jre\21.0.9-win32-x86_64\bin\nio.dll
Event: 0.297 Loaded shared library C:\Users\hp\.vscode\extensions\redhat.java-1.50.0-win32-x64\jre\21.0.9-win32-x86_64\bin\zip.dll
Event: 0.329 Loaded shared library C:\Users\hp\.vscode\extensions\redhat.java-1.50.0-win32-x64\jre\21.0.9-win32-x86_64\bin\jimage.dll
Event: 0.443 Loaded shared library c:\Users\hp\.vscode\extensions\redhat.java-1.50.0-win32-x64\jre\21.0.9-win32-x86_64\bin\verify.dll
Event: 30.993 Loaded shared library C:\Users\hp\AppData\Roaming\Code\User\globalStorage\redhat.java\1.50.0\config_win\org.eclipse.equinox.launcher\org.eclipse.equinox.launcher.win32.win32.x86_64_1.2.1400.v20250801-0854\eclipse_11916.dll
Event: 76.790 Loaded shared library C:\Users\hp\AppData\Local\Temp\jna-3336\jna18439224538694822718.dll
Event: 83.079 Loaded shared library C:\Users\hp\.vscode\extensions\redhat.java-1.50.0-win32-x64\jre\21.0.9-win32-x86_64\bin\sunmscapi.dll
Event: 83.895 Loaded shared library C:\Users\hp\.vscode\extensions\redhat.java-1.50.0-win32-x64\jre\21.0.9-win32-x86_64\bin\extnet.dll

Deoptimization events (20 events):
Event: 112.675 Thread 0x0000022ced5750d0 Uncommon trap: trap_request=0xffffffde fr.pc=0x0000022cda225064 relative=0x00000000000007e4
Event: 112.675 Thread 0x0000022ced5750d0 Uncommon trap: reason=class_check action=maybe_recompile pc=0x0000022cda225064 method=java.io.FilterInputStream.read([B)I @ 5 c2
Event: 112.675 Thread 0x0000022ced5750d0 DEOPT PACKING pc=0x0000022cda225064 sp=0x00000055f0bfc630
Event: 112.675 Thread 0x0000022ced5750d0 DEOPT UNPACKING pc=0x0000022cd9843aa2 sp=0x00000055f0bfc608 mode 2
Event: 112.676 Thread 0x0000022ced5750d0 DEOPT PACKING pc=0x0000022cd2b23089 sp=0x00000055f0bfc780
Event: 112.676 Thread 0x0000022ced5750d0 DEOPT UNPACKING pc=0x0000022cd9844242 sp=0x00000055f0bfbd28 mode 0
Event: 112.792 Thread 0x0000022ced5750d0 Uncommon trap: trap_request=0xffffff45 fr.pc=0x0000022cd9f11a20 relative=0x0000000000001120
Event: 112.792 Thread 0x0000022ced5750d0 Uncommon trap: reason=unstable_if action=reinterpret pc=0x0000022cd9f11a20 method=org.lombokweb.asm.MethodWriter.putMethodInfo(Lorg/lombokweb/asm/ByteVector;)V @ 136 c2
Event: 112.792 Thread 0x0000022ced5750d0 DEOPT PACKING pc=0x0000022cd9f11a20 sp=0x00000055f0bfc8d0
Event: 112.792 Thread 0x0000022ced5750d0 DEOPT UNPACKING pc=0x0000022cd9843aa2 sp=0x00000055f0bfc878 mode 2
Event: 114.605 Thread 0x0000022ced5750d0 DEOPT PACKING pc=0x0000022cd2dfd248 sp=0x00000055f0bfd610
Event: 114.605 Thread 0x0000022ced5750d0 DEOPT UNPACKING pc=0x0000022cd9844242 sp=0x00000055f0bfcac8 mode 0
Event: 115.126 Thread 0x0000022ced5743b0 Uncommon trap: trap_request=0xffffffde fr.pc=0x0000022cda042008 relative=0x0000000000000a88
Event: 115.126 Thread 0x0000022ced5743b0 Uncommon trap: reason=class_check action=maybe_recompile pc=0x0000022cda042008 method=java.util.regex.Pattern.lambda$negate$7(Ljava/util/regex/Pattern$CharPredicate;I)Z @ 2 c2
Event: 115.126 Thread 0x0000022ced5743b0 DEOPT PACKING pc=0x0000022cda042008 sp=0x00000055f09fdf20
Event: 115.126 Thread 0x0000022ced5743b0 DEOPT UNPACKING pc=0x0000022cd9843aa2 sp=0x00000055f09fddd0 mode 2
Event: 115.126 Thread 0x0000022ced5743b0 Uncommon trap: trap_request=0xffffffde fr.pc=0x0000022cda042008 relative=0x0000000000000a88
Event: 115.126 Thread 0x0000022ced5743b0 Uncommon trap: reason=class_check action=maybe_recompile pc=0x0000022cda042008 method=java.util.regex.Pattern.lambda$negate$7(Ljava/util/regex/Pattern$CharPredicate;I)Z @ 2 c2
Event: 115.126 Thread 0x0000022ced5743b0 DEOPT PACKING pc=0x0000022cda042008 sp=0x00000055f09fdd90
Event: 115.126 Thread 0x0000022ced5743b0 DEOPT UNPACKING pc=0x0000022cd9843aa2 sp=0x00000055f09fdc40 mode 2

Classes loaded (20 events):
Event: 102.119 Loading class jdk/internal/event/SecurityPropertyModificationEvent
Event: 102.289 Loading class jdk/internal/event/SecurityPropertyModificationEvent done
Event: 103.071 Loading class java/util/zip/CheckedInputStream
Event: 103.130 Loading class java/util/zip/CheckedInputStream done
Event: 103.237 Loading class java/util/zip/GZIPInputStream$1
Event: 103.237 Loading class java/util/zip/GZIPInputStream$1 done
Event: 109.332 Loading class java/util/LinkedList$LLSpliterator
Event: 109.335 Loading class java/util/LinkedList$LLSpliterator done
Event: 109.616 Loading class javax/xml/transform/TransformerConfigurationException
Event: 109.621 Loading class javax/xml/transform/TransformerConfigurationException done
Event: 112.141 Loading class java/lang/StringLatin1$CharsSpliterator
Event: 112.151 Loading class java/lang/StringLatin1$CharsSpliterator done
Event: 114.805 Loading class jdk/internal/ref/CleanerImpl$InnocuousThreadFactory
Event: 114.910 Loading class jdk/internal/ref/CleanerImpl$InnocuousThreadFactory done
Event: 115.339 Loading class java/util/AbstractList$RandomAccessSubList
Event: 115.340 Loading class java/util/AbstractList$SubList
Event: 115.343 Loading class java/util/AbstractList$SubList done
Event: 115.343 Loading class java/util/AbstractList$RandomAccessSubList done
Event: 115.343 Loading class java/util/AbstractList$SubList$1
Event: 115.344 Loading class java/util/AbstractList$SubList$1 done

Classes unloaded (10 events):
Event: 78.387 Thread 0x0000022ccf17b880 Unloading class 0x0000022c811a4800 'java/lang/invoke/LambdaForm$MH+0x0000022c811a4800'
Event: 78.387 Thread 0x0000022ccf17b880 Unloading class 0x0000022c811a4400 'java/lang/invoke/LambdaForm$MH+0x0000022c811a4400'
Event: 78.387 Thread 0x0000022ccf17b880 Unloading class 0x0000022c811a4000 'java/lang/invoke/LambdaForm$MH+0x0000022c811a4000'
Event: 78.387 Thread 0x0000022ccf17b880 Unloading class 0x0000022c811a3c00 'java/lang/invoke/LambdaForm$MH+0x0000022c811a3c00'
Event: 78.387 Thread 0x0000022ccf17b880 Unloading class 0x0000022c811a3800 'java/lang/invoke/LambdaForm$BMH+0x0000022c811a3800'
Event: 78.387 Thread 0x0000022ccf17b880 Unloading class 0x0000022c811a3400 'java/lang/invoke/LambdaForm$DMH+0x0000022c811a3400'
Event: 78.387 Thread 0x0000022ccf17b880 Unloading class 0x0000022c811a2000 'java/lang/invoke/LambdaForm$DMH+0x0000022c811a2000'
Event: 81.698 Thread 0x0000022ccf17b880 Unloading class 0x0000022c81301400 'java/lang/invoke/LambdaForm$MH+0x0000022c81301400'
Event: 81.698 Thread 0x0000022ccf17b880 Unloading class 0x0000022c81300000 'java/lang/invoke/LambdaForm$MH+0x0000022c81300000'
Event: 81.698 Thread 0x0000022ccf17b880 Unloading class 0x0000022c812fdc00 'java/lang/invoke/LambdaForm$DMH+0x0000022c812fdc00'

Classes redefined (0 events):
No events

Internal exceptions (20 events):
Event: 97.765 Thread 0x0000022ceb1cbe00 Exception <a 'sun/nio/fs/WindowsException'{0x00000000d6241d78}> (0x00000000d6241d78) 
thrown [s\src\hotspot\share\prims\jni.cpp, line 520]
Event: 97.825 Thread 0x0000022ced575760 Exception <a 'java/lang/NoSuchMethodError'{0x00000000d6385f88}: 'int java.lang.invoke.DirectMethodHandle$Holder.invokeSpecialIFC(java.lang.Object, java.lang.Object, java.lang.Object)'> (0x00000000d6385f88) 
thrown [s\src\hotspot\share\interpreter\linkResolver.cpp, line 773]
Event: 98.297 Thread 0x0000022ceb1cbe00 Exception <a 'java/lang/NoSuchMethodError'{0x00000000d56d6998}: 'java.lang.Object java.lang.invoke.DirectMethodHandle$Holder.invokeStatic(java.lang.Object, java.lang.Object, int, java.lang.Object)'> (0x00000000d56d6998) 
thrown [s\src\hotspot\share\interpreter\linkResolver.cpp, line 773]
Event: 98.340 Thread 0x0000022ceb1cbe00 Exception <a 'java/lang/NoSuchMethodError'{0x00000000d56dd0a8}: 'java.lang.Object java.lang.invoke.DirectMethodHandle$Holder.newInvokeSpecial(java.lang.Object, java.lang.Object, int)'> (0x00000000d56dd0a8) 
thrown [s\src\hotspot\share\interpreter\linkResolver.cpp, line 773]
Event: 98.527 Thread 0x0000022ced576b10 Exception <a 'java/lang/IncompatibleClassChangeError'{0x00000000d57bf140}: Found class java.lang.Object, but interface was expected> (0x00000000d57bf140) 
thrown [s\src\hotspot\share\interpreter\linkResolver.cpp, line 840]
Event: 104.183 Thread 0x0000022ceb1c96a0 Exception <a 'java/io/FileNotFoundException'{0x00000000d63608d8}> (0x00000000d63608d8) 
thrown [s\src\hotspot\share\prims\jni.cpp, line 520]
Event: 104.494 Thread 0x0000022ceb1c96a0 Exception <a 'java/io/FileNotFoundException'{0x00000000d63618d0}> (0x00000000d63618d0) 
thrown [s\src\hotspot\share\prims\jni.cpp, line 520]
Event: 104.494 Thread 0x0000022ceb1c96a0 Exception <a 'java/io/FileNotFoundException'{0x00000000d6362628}> (0x00000000d6362628) 
thrown [s\src\hotspot\share\prims\jni.cpp, line 520]
Event: 105.901 Thread 0x0000022ced5743b0 Exception <a 'sun/nio/fs/WindowsException'{0x00000000d5c76508}> (0x00000000d5c76508) 
thrown [s\src\hotspot\share\prims\jni.cpp, line 520]
Event: 105.924 Thread 0x0000022ced5743b0 Exception <a 'sun/nio/fs/WindowsException'{0x00000000d5c948c0}> (0x00000000d5c948c0) 
thrown [s\src\hotspot\share\prims\jni.cpp, line 520]
Event: 105.940 Thread 0x0000022ced5743b0 Exception <a 'sun/nio/fs/WindowsException'{0x00000000d5c95790}> (0x00000000d5c95790) 
thrown [s\src\hotspot\share\prims\jni.cpp, line 520]
Event: 105.940 Thread 0x0000022ced5743b0 Exception <a 'sun/nio/fs/WindowsException'{0x00000000d5c96070}> (0x00000000d5c96070) 
thrown [s\src\hotspot\share\prims\jni.cpp, line 520]
Event: 105.941 Thread 0x0000022ced5743b0 Exception <a 'sun/nio/fs/WindowsException'{0x00000000d5c975d0}> (0x00000000d5c975d0) 
thrown [s\src\hotspot\share\prims\jni.cpp, line 520]
Event: 105.942 Thread 0x0000022ced5743b0 Exception <a 'sun/nio/fs/WindowsException'{0x00000000d5c97eb0}> (0x00000000d5c97eb0) 
thrown [s\src\hotspot\share\prims\jni.cpp, line 520]
Event: 105.942 Thread 0x0000022ced5743b0 Exception <a 'sun/nio/fs/WindowsException'{0x00000000d5c98d40}> (0x00000000d5c98d40) 
thrown [s\src\hotspot\share\prims\jni.cpp, line 520]
Event: 105.942 Thread 0x0000022ced5743b0 Exception <a 'sun/nio/fs/WindowsException'{0x00000000d5c99370}> (0x00000000d5c99370) 
thrown [s\src\hotspot\share\prims\jni.cpp, line 520]
Event: 110.691 Thread 0x0000022ced575760 Implicit null exception at 0x0000022cda2a5169 to 0x0000022cda2a548c
Event: 110.804 Thread 0x0000022ced576b10 Exception <a 'java/lang/IncompatibleClassChangeError'{0x00000000d5ed5fb8}: Found class java.lang.Object, but interface was expected> (0x00000000d5ed5fb8) 
thrown [s\src\hotspot\share\interpreter\linkResolver.cpp, line 840]
Event: 110.889 Thread 0x0000022ced5743b0 Exception <a 'java/lang/ArrayIndexOutOfBoundsException'{0x00000000d6368ed8}> (0x00000000d6368ed8) 
thrown [s\src\hotspot\share\runtime\sharedRuntime.cpp, line 625]
Event: 114.971 Thread 0x0000022ced575760 Exception <a 'java/lang/NoSuchMethodError'{0x00000000d5b4c498}: 'java.lang.Object java.lang.invoke.DirectMethodHandle$Holder.invokeStaticInit(java.lang.Object, java.lang.Object, java.lang.Object)'> (0x00000000d5b4c498) 
thrown [s\src\hotspot\share\interpreter\linkResolver.cpp, line 773]

ZGC Phase Switch (0 events):
No events

VM Operations (20 events):
Event: 107.105 Executing VM operation: Cleanup
Event: 107.106 Executing VM operation: Cleanup done
Event: 109.122 Executing VM operation: Cleanup
Event: 109.137 Executing VM operation: Cleanup done
Event: 109.706 Executing VM operation: HandshakeAllThreads (Deoptimize)
Event: 109.706 Executing VM operation: HandshakeAllThreads (Deoptimize) done
Event: 109.709 Executing VM operation: HandshakeAllThreads (Deoptimize)
Event: 109.709 Executing VM operation: HandshakeAllThreads (Deoptimize) done
Event: 110.717 Executing VM operation: Cleanup
Event: 110.790 Executing VM operation: Cleanup done
Event: 110.836 Executing VM operation: HandshakeAllThreads (Deoptimize)
Event: 110.837 Executing VM operation: HandshakeAllThreads (Deoptimize) done
Event: 111.845 Executing VM operation: Cleanup
Event: 111.845 Executing VM operation: Cleanup done
Event: 112.523 Executing VM operation: ParallelGCFailedAllocation (Allocation Failure)
Event: 112.555 Executing VM operation: ParallelGCFailedAllocation (Allocation Failure) done
Event: 113.557 Executing VM operation: Cleanup
Event: 113.670 Executing VM operation: Cleanup done
Event: 115.690 Executing VM operation: Cleanup
Event: 115.691 Executing VM operation: Cleanup done

Memory protections (0 events):
No events

Nmethod flushes (20 events):
Event: 95.275 Thread 0x0000022ccf17b880 flushing  nmethod 0x0000022cd2c1b590
Event: 95.275 Thread 0x0000022ccf17b880 flushing  nmethod 0x0000022cd2c1c490
Event: 95.275 Thread 0x0000022ccf17b880 flushing  nmethod 0x0000022cd2c1ca90
Event: 95.275 Thread 0x0000022ccf17b880 flushing  nmethod 0x0000022cd2c1e390
Event: 95.275 Thread 0x0000022ccf17b880 flushing  nmethod 0x0000022cd2c1e910
Event: 95.275 Thread 0x0000022ccf17b880 flushing  nmethod 0x0000022cd2c1f010
Event: 95.275 Thread 0x0000022ccf17b880 flushing  nmethod 0x0000022cd2c1f590
Event: 95.275 Thread 0x0000022ccf17b880 flushing  nmethod 0x0000022cd2c20290
Event: 95.275 Thread 0x0000022ccf17b880 flushing  nmethod 0x0000022cd2c20b10
Event: 95.275 Thread 0x0000022ccf17b880 flushing  nmethod 0x0000022cd2c21010
Event: 95.275 Thread 0x0000022ccf17b880 flushing  nmethod 0x0000022cd2c22290
Event: 95.275 Thread 0x0000022ccf17b880 flushing  nmethod 0x0000022cd2c22610
Event: 95.275 Thread 0x0000022ccf17b880 flushing  nmethod 0x0000022cd2c2c410
Event: 95.275 Thread 0x0000022ccf17b880 flushing  nmethod 0x0000022cd2c30890
Event: 95.275 Thread 0x0000022ccf17b880 flushing  nmethod 0x0000022cd2c4c510
Event: 95.275 Thread 0x0000022ccf17b880 flushing  nmethod 0x0000022cd2c4eb10
Event: 95.275 Thread 0x0000022ccf17b880 flushing  nmethod 0x0000022cd2c50990
Event: 95.275 Thread 0x0000022ccf17b880 flushing  nmethod 0x0000022cd2c50e90
Event: 95.275 Thread 0x0000022ccf17b880 flushing  nmethod 0x0000022cd2c51410
Event: 95.275 Thread 0x0000022ccf17b880 flushing  nmethod 0x0000022cd2c68590

Events (20 events):
Event: 82.407 Thread 0x0000022ceb1c8980 Thread added: 0x0000022ceb1c9d30
Event: 82.559 Thread 0x0000022ccf0bda40 Thread added: 0x0000022ced575df0
Event: 82.561 Thread 0x0000022ccf0bda40 Thread added: 0x0000022ced574a40
Event: 82.561 Thread 0x0000022ccf0bda40 Thread added: 0x0000022ced572970
Event: 82.562 Thread 0x0000022ccf0bda40 Thread added: 0x0000022ced573d20
Event: 82.562 Thread 0x0000022ccf0bda40 Thread added: 0x0000022ced576480
Event: 82.619 Thread 0x0000022ccf0bda40 Thread added: 0x0000022ced573690
Event: 83.124 Thread 0x0000022ccf0bda40 Thread added: 0x0000022ced573000
Event: 83.124 Thread 0x0000022ccf0bda40 Thread added: 0x0000022ced576b10
Event: 84.987 Thread 0x0000022ceb1c96a0 Thread added: 0x0000022ced5750d0
Event: 84.990 Thread 0x0000022ced5750d0 Thread exited: 0x0000022ced5750d0
Event: 85.235 Thread 0x0000022ceb1c96a0 Thread added: 0x0000022ced577830
Event: 85.376 Thread 0x0000022ceb1cbe00 Thread added: 0x0000022ced5743b0
Event: 85.377 Thread 0x0000022ced5743b0 Thread added: 0x0000022ced575760
Event: 85.377 Thread 0x0000022ced575760 Thread added: 0x0000022ced5750d0
Event: 95.372 Thread 0x0000022ced577830 Thread exited: 0x0000022ced577830
Event: 97.880 Thread 0x0000022ceb1c9d30 Thread added: 0x0000022ced578be0
Event: 102.438 Thread 0x0000022ced5750d0 Thread added: 0x0000022ced577ec0
Event: 104.177 Thread 0x0000022ced577ec0 Thread exited: 0x0000022ced577ec0
Event: 114.937 Thread 0x0000022ced5750d0 Thread added: 0x0000022ced579900


Dynamic libraries:
0x00007ff70a0d0000 - 0x00007ff70a0de000 	c:\Users\hp\.vscode\extensions\redhat.java-1.50.0-win32-x64\jre\21.0.9-win32-x86_64\bin\java.exe
0x00007ff905160000 - 0x00007ff9053c7000 	C:\WINDOWS\SYSTEM32\ntdll.dll
0x00007ff9036a0000 - 0x00007ff903769000 	C:\WINDOWS\System32\KERNEL32.DLL
0x00007ff902860000 - 0x00007ff902c4f000 	C:\WINDOWS\System32\KERNELBASE.dll
0x00007ff902420000 - 0x00007ff90256b000 	C:\WINDOWS\System32\ucrtbase.dll
0x00007ff8e6490000 - 0x00007ff8e64a8000 	c:\Users\hp\.vscode\extensions\redhat.java-1.50.0-win32-x64\jre\21.0.9-win32-x86_64\bin\jli.dll
0x00007ff904540000 - 0x00007ff904705000 	C:\WINDOWS\System32\USER32.dll
0x00007ff9027a0000 - 0x00007ff9027c7000 	C:\WINDOWS\System32\win32u.dll
0x00007ff904740000 - 0x00007ff90476b000 	C:\WINDOWS\System32\GDI32.dll
0x00007ff902c60000 - 0x00007ff902d8c000 	C:\WINDOWS\System32\gdi32full.dll
0x00007ff9022b0000 - 0x00007ff902353000 	C:\WINDOWS\System32\msvcp_win.dll
0x00007ff8e6470000 - 0x00007ff8e648e000 	c:\Users\hp\.vscode\extensions\redhat.java-1.50.0-win32-x64\jre\21.0.9-win32-x86_64\bin\VCRUNTIME140.dll
0x00007ff8e7d80000 - 0x00007ff8e8013000 	C:\WINDOWS\WinSxS\amd64_microsoft.windows.common-controls_6595b64144ccf1df_6.0.26100.7309_none_3e05feeae336a044\COMCTL32.dll
0x00007ff904390000 - 0x00007ff904439000 	C:\WINDOWS\System32\msvcrt.dll
0x00007ff902f00000 - 0x00007ff902f31000 	C:\WINDOWS\System32\IMM32.DLL
0x00007ff8fd290000 - 0x00007ff8fd29c000 	c:\Users\hp\.vscode\extensions\redhat.java-1.50.0-win32-x64\jre\21.0.9-win32-x86_64\bin\vcruntime140_1.dll
0x00007ff8a3cb0000 - 0x00007ff8a3d3d000 	c:\Users\hp\.vscode\extensions\redhat.java-1.50.0-win32-x64\jre\21.0.9-win32-x86_64\bin\msvcp140.dll
0x00007ff8667a0000 - 0x00007ff867540000 	c:\Users\hp\.vscode\extensions\redhat.java-1.50.0-win32-x64\jre\21.0.9-win32-x86_64\bin\server\jvm.dll
0x00007ff903d80000 - 0x00007ff903e34000 	C:\WINDOWS\System32\ADVAPI32.dll
0x00007ff904770000 - 0x00007ff904816000 	C:\WINDOWS\System32\sechost.dll
0x00007ff903050000 - 0x00007ff903168000 	C:\WINDOWS\System32\RPCRT4.dll
0x00007ff904820000 - 0x00007ff904894000 	C:\WINDOWS\System32\WS2_32.dll
0x00007ff902110000 - 0x00007ff90216e000 	C:\WINDOWS\SYSTEM32\POWRPROF.dll
0x00007ff8ec600000 - 0x00007ff8ec635000 	C:\WINDOWS\SYSTEM32\WINMM.dll
0x00007ff8f35e0000 - 0x00007ff8f35eb000 	C:\WINDOWS\SYSTEM32\VERSION.dll
0x00007ff9020f0000 - 0x00007ff902104000 	C:\WINDOWS\SYSTEM32\UMPDC.dll
0x00007ff901060000 - 0x00007ff90107b000 	C:\WINDOWS\SYSTEM32\kernel.appcore.dll
0x00007ff8fcdd0000 - 0x00007ff8fcdda000 	c:\Users\hp\.vscode\extensions\redhat.java-1.50.0-win32-x64\jre\21.0.9-win32-x86_64\bin\jimage.dll
0x00007ff8ff6b0000 - 0x00007ff8ff8f2000 	C:\WINDOWS\SYSTEM32\DBGHELP.DLL
0x00007ff903310000 - 0x00007ff903695000 	C:\WINDOWS\System32\combase.dll
0x00007ff9042b0000 - 0x00007ff904386000 	C:\WINDOWS\System32\OLEAUT32.dll
0x00007ff8e68c0000 - 0x00007ff8e68fc000 	C:\WINDOWS\SYSTEM32\dbgcore.DLL
0x00007ff902570000 - 0x00007ff902615000 	C:\WINDOWS\System32\bcryptPrimitives.dll
0x00007ff8ebc20000 - 0x00007ff8ebc2f000 	c:\Users\hp\.vscode\extensions\redhat.java-1.50.0-win32-x64\jre\21.0.9-win32-x86_64\bin\instrument.dll
0x00007ff8e6140000 - 0x00007ff8e6160000 	c:\Users\hp\.vscode\extensions\redhat.java-1.50.0-win32-x64\jre\21.0.9-win32-x86_64\bin\java.dll
0x00007ff904960000 - 0x00007ff9050b3000 	C:\WINDOWS\System32\SHELL32.dll
0x00007ff902d90000 - 0x00007ff902efa000 	C:\WINDOWS\System32\wintypes.dll
0x00007ff8ffd70000 - 0x00007ff9005ce000 	C:\WINDOWS\SYSTEM32\windows.storage.dll
0x00007ff902f40000 - 0x00007ff903035000 	C:\WINDOWS\System32\SHCORE.dll
0x00007ff903d10000 - 0x00007ff903d76000 	C:\WINDOWS\System32\shlwapi.dll
0x00007ff9021d0000 - 0x00007ff9021f9000 	C:\WINDOWS\SYSTEM32\profapi.dll
0x00007ff8c8280000 - 0x00007ff8c8298000 	c:\Users\hp\.vscode\extensions\redhat.java-1.50.0-win32-x64\jre\21.0.9-win32-x86_64\bin\zip.dll
0x00007ff8e7220000 - 0x00007ff8e7230000 	C:\Users\hp\.vscode\extensions\redhat.java-1.50.0-win32-x64\jre\21.0.9-win32-x86_64\bin\net.dll
0x00007ff8f4b00000 - 0x00007ff8f4c28000 	C:\WINDOWS\SYSTEM32\WINHTTP.dll
0x00007ff9015d0000 - 0x00007ff90163b000 	C:\WINDOWS\system32\mswsock.dll
0x00007ff8c7aa0000 - 0x00007ff8c7ab6000 	C:\Users\hp\.vscode\extensions\redhat.java-1.50.0-win32-x64\jre\21.0.9-win32-x86_64\bin\nio.dll
0x00007ff8e6d80000 - 0x00007ff8e6d90000 	c:\Users\hp\.vscode\extensions\redhat.java-1.50.0-win32-x64\jre\21.0.9-win32-x86_64\bin\verify.dll
0x00007ff8b1ea0000 - 0x00007ff8b1ee4000 	C:\Users\hp\AppData\Roaming\Code\User\globalStorage\redhat.java\1.50.0\config_win\org.eclipse.equinox.launcher\org.eclipse.equinox.launcher.win32.win32.x86_64_1.2.1400.v20250801-0854\eclipse_11916.dll
0x00007ff903170000 - 0x00007ff903307000 	C:\WINDOWS\System32\ole32.dll
0x00007ff901890000 - 0x00007ff9018ab000 	C:\WINDOWS\SYSTEM32\CRYPTSP.dll
0x00007ff900fc0000 - 0x00007ff900ffa000 	C:\WINDOWS\system32\rsaenh.dll
0x00007ff901680000 - 0x00007ff9016ab000 	C:\WINDOWS\SYSTEM32\USERENV.dll
0x00007ff9021a0000 - 0x00007ff9021ca000 	C:\WINDOWS\SYSTEM32\bcrypt.dll
0x00007ff9018b0000 - 0x00007ff9018bc000 	C:\WINDOWS\SYSTEM32\CRYPTBASE.dll
0x00007ff900a70000 - 0x00007ff900aa4000 	C:\WINDOWS\SYSTEM32\IPHLPAPI.DLL
0x00007ff905110000 - 0x00007ff90511a000 	C:\WINDOWS\System32\NSI.dll
0x00007ff8a2200000 - 0x00007ff8a2249000 	C:\Users\hp\AppData\Local\Temp\jna-3336\jna18439224538694822718.dll
0x00007ff903040000 - 0x00007ff903048000 	C:\WINDOWS\System32\PSAPI.DLL
0x00007ff8f4ce0000 - 0x00007ff8f4cfe000 	C:\WINDOWS\SYSTEM32\dhcpcsvc6.DLL
0x00007ff8f4cb0000 - 0x00007ff8f4cd3000 	C:\WINDOWS\SYSTEM32\dhcpcsvc.DLL
0x00007ff8f5550000 - 0x00007ff8f555e000 	C:\Users\hp\.vscode\extensions\redhat.java-1.50.0-win32-x64\jre\21.0.9-win32-x86_64\bin\sunmscapi.dll
0x00007ff902620000 - 0x00007ff902797000 	C:\WINDOWS\System32\CRYPT32.dll
0x00007ff901ab0000 - 0x00007ff901ae0000 	C:\WINDOWS\SYSTEM32\ncrypt.dll
0x00007ff901a60000 - 0x00007ff901a9f000 	C:\WINDOWS\SYSTEM32\NTASN1.dll
0x00007ff900b00000 - 0x00007ff900c2c000 	C:\WINDOWS\SYSTEM32\DNSAPI.dll
0x00007ff8f4ca0000 - 0x00007ff8f4cab000 	C:\Windows\System32\rasadhlp.dll
0x00007ff8f3b20000 - 0x00007ff8f3ba6000 	C:\WINDOWS\System32\fwpuclnt.dll
0x00007ff8f5540000 - 0x00007ff8f5549000 	C:\Users\hp\.vscode\extensions\redhat.java-1.50.0-win32-x64\jre\21.0.9-win32-x86_64\bin\extnet.dll

JVMTI agents:
c:\Users\hp\.vscode\extensions\redhat.java-1.50.0-win32-x64\lombok\lombok-1.18.39-4050.jar path:c:\Users\hp\.vscode\extensions\redhat.java-1.50.0-win32-x64\jre\21.0.9-win32-x86_64\bin\instrument.dll, loaded, initialized, instrumentlib options:none

dbghelp: loaded successfully - version: 4.0.5 - missing functions: none
symbol engine: initialized successfully - sym options: 0x614 - pdb path: .;c:\Users\hp\.vscode\extensions\redhat.java-1.50.0-win32-x64\jre\21.0.9-win32-x86_64\bin;C:\WINDOWS\SYSTEM32;C:\WINDOWS\WinSxS\amd64_microsoft.windows.common-controls_6595b64144ccf1df_6.0.26100.7309_none_3e05feeae336a044;c:\Users\hp\.vscode\extensions\redhat.java-1.50.0-win32-x64\jre\21.0.9-win32-x86_64\bin\server;C:\Users\hp\AppData\Roaming\Code\User\globalStorage\redhat.java\1.50.0\config_win\org.eclipse.equinox.launcher\org.eclipse.equinox.launcher.win32.win32.x86_64_1.2.1400.v20250801-0854;C:\Users\hp\AppData\Local\Temp\jna-3336

VM Arguments:
jvm_args: --add-modules=ALL-SYSTEM --add-opens=java.base/java.util=ALL-UNNAMED --add-opens=java.base/java.lang=ALL-UNNAMED --add-opens=java.base/sun.nio.fs=ALL-UNNAMED -Declipse.application=org.eclipse.jdt.ls.core.id1 -Dosgi.bundles.defaultStartLevel=4 -Declipse.product=org.eclipse.jdt.ls.core.product -Djava.import.generatesMetadataFilesAtProjectRoot=false -DDetectVMInstallationsJob.disabled=true -Dfile.encoding=utf8 -XX:+UseParallelGC -XX:GCTimeRatio=4 -XX:AdaptiveSizePolicyWeight=90 -Dsun.zip.disableMemoryMapping=true -Xmx2G -Xms100m -Xlog:disable -javaagent:c:\Users\hp\.vscode\extensions\redhat.java-1.50.0-win32-x64\lombok\lombok-1.18.39-4050.jar -XX:+HeapDumpOnOutOfMemoryError -XX:HeapDumpPath=c:\Users\hp\AppData\Roaming\Code\User\workspaceStorage\314233e027ade1efa6ded64e5f5a4286\redhat.java -Daether.dependencyCollector.impl=bf 
java_command: c:\Users\hp\.vscode\extensions\redhat.java-1.50.0-win32-x64\server\plugins\org.eclipse.equinox.launcher_1.7.100.v20251111-0406.jar -configuration c:\Users\hp\AppData\Roaming\Code\User\globalStorage\redhat.java\1.50.0\config_win -data c:\Users\hp\AppData\Roaming\Code\User\workspaceStorage\314233e027ade1efa6ded64e5f5a4286\redhat.java\jdt_ws --pipe=\\.\pipe\lsp-2c59ff37a85a3d7676b37fcf1844c0bc-sock
java_class_path (initial): c:\Users\hp\.vscode\extensions\redhat.java-1.50.0-win32-x64\server\plugins\org.eclipse.equinox.launcher_1.7.100.v20251111-0406.jar
Launcher Type: SUN_STANDARD

[Global flags]
    uintx AdaptiveSizePolicyWeight                 = 90                                        {product} {command line}
     intx CICompilerCount                          = 3                                         {product} {ergonomic}
    uintx GCTimeRatio                              = 4                                         {product} {command line}
     bool HeapDumpOnOutOfMemoryError               = true                                   {manageable} {command line}
    ccstr HeapDumpPath                             = c:\Users\hp\AppData\Roaming\Code\User\workspaceStorage\314233e027ade1efa6ded64e5f5a4286\redhat.java         {manageable} {command line}
   size_t InitialHeapSize                          = 104857600                                 {product} {command line}
   size_t MaxHeapSize                              = 2147483648                                {product} {command line}
   size_t MaxNewSize                               = 715653120                                 {product} {ergonomic}
   size_t MinHeapDeltaBytes                        = 524288                                    {product} {ergonomic}
   size_t MinHeapSize                              = 104857600                                 {product} {command line}
   size_t NewSize                                  = 34603008                                  {product} {ergonomic}
    uintx NonNMethodCodeHeapSize                   = 5832780                                {pd product} {ergonomic}
    uintx NonProfiledCodeHeapSize                  = 122912730                              {pd product} {ergonomic}
   size_t OldSize                                  = 70254592                                  {product} {ergonomic}
    uintx ProfiledCodeHeapSize                     = 122912730                              {pd product} {ergonomic}
    uintx ReservedCodeCacheSize                    = 251658240                              {pd product} {ergonomic}
     bool SegmentedCodeCache                       = true                                      {product} {ergonomic}
   size_t SoftMaxHeapSize                          = 2147483648                             {manageable} {ergonomic}
     bool UseCompressedOops                        = true                           {product lp64_product} {ergonomic}
     bool UseLargePagesIndividualAllocation        = false                                  {pd product} {ergonomic}
     bool UseParallelGC                            = true                                      {product} {command line}

Logging:
Log output configuration:
 #0: stdout all=off uptime,level,tags foldmultilines=false
 #1: stderr all=off uptime,level,tags foldmultilines=false

Release file:
JAVA_VERSION="21.0.9" 
MODULES="java.base java.compiler java.datatransfer java.xml java.prefs java.desktop java.instrument java.logging java.management java.security.sasl java.naming java.rmi java.management.rmi java.net.http java.scripting java.security.jgss java.transaction.xa java.sql java.sql.rowset java.xml.crypto java.se java.smartcardio jdk.accessibility jdk.internal.jvmstat jdk.attach jdk.charsets jdk.internal.opt jdk.zipfs jdk.compiler jdk.crypto.ec jdk.crypto.cryptoki jdk.crypto.mscapi jdk.dynalink jdk.internal.ed jdk.editpad jdk.hotspot.agent jdk.httpserver jdk.internal.le jdk.internal.vm.ci jdk.internal.vm.compiler jdk.internal.vm.compiler.management jdk.jartool jdk.javadoc jdk.jcmd jdk.management jdk.management.agent jdk.jconsole jdk.jdeps jdk.jdwp.agent jdk.jdi jdk.jfr jdk.jshell jdk.jsobject jdk.jstatd jdk.localedata jdk.management.jfr jdk.naming.dns jdk.naming.rmi jdk.net jdk.nio.mapmode jdk.random jdk.sctp jdk.security.auth jdk.security.jgss jdk.unsupported jdk.unsupported.desktop jdk.xml.dom" 

Environment Variables:
PATH=C:\Program Files\Common Files\Oracle\Java\javapath;C:\WINDOWS\system32;C:\WINDOWS;C:\WINDOWS\System32\Wbem;C:\WINDOWS\System32\WindowsPowerShell\v1.0\;C:\WINDOWS\System32\OpenSSH\;C:\xampp\php;C:\ProgramData\ComposerSetup\bin;C:\Program Files\Microsoft SQL Server\Client SDK\ODBC\170\Tools\Binn\;C:\Program Files (x86)\Microsoft SQL Server\150\Tools\Binn\;C:\Program Files\Microsoft SQL Server\150\Tools\Binn\;C:\Program Files\Microsoft SQL Server\150\DTS\Binn\;C:\Program Files\dotnet\;C:\Program Files\Microsoft SQL Server\130\Tools\Binn\;C:\Program Files (x86)\Microsoft SQL Server\160\DTS\Binn\;C:\Program Files\Azure Data Studio\bin;C:\Program Files\nodejs\;C:\Program Files\Git\cmd;C:\Program Files\Java\jdk-25\bin;C:\Users\hp\AppData\Local\Programs\Python\Python313\Scripts\;C:\Users\hp\AppData\Local\Programs\Python\Python313\;C:\Users\hp\AppData\Local\Microsoft\WindowsApps;;C:\Users\hp\AppData\Local\Programs\Microsoft VS Code\bin;C:\Users\hp\AppData\Roaming\Composer\vendor\bin;C:\Program Files\Azure Data Studio\bin;C:\Users\hp\AppData\Roaming\npm
USERNAME=hp
OS=Windows_NT
PROCESSOR_IDENTIFIER=Intel64 Family 6 Model 142 Stepping 12, GenuineIntel
TMP=C:\Users\hp\AppData\Local\Temp
TEMP=C:\Users\hp\AppData\Local\Temp




Periodic native trim disabled

---------------  S Y S T E M  ---------------

OS:
 Windows 11 , 64 bit Build 26100 (10.0.26100.7309)
OS uptime: 1 days 3:45 hours

CPU: total 4 (initial active 4) (2 cores per cpu, 2 threads per core) family 6 model 142 stepping 12 microcode 0xec, cx8, cmov, fxsr, ht, mmx, 3dnowpref, sse, sse2, sse3, ssse3, sse4.1, sse4.2, popcnt, lzcnt, tsc, tscinvbit, avx, avx2, aes, erms, clmul, bmi1, bmi2, adx, fma, vzeroupper, clflush, clflushopt, rdtscp, f16c
Processor Information for the first 4 processors :
  Max Mhz: 2592, Current Mhz: 2093, Mhz Limit: 2073

Memory: 4k page, system-wide physical 3919M (170M free)
TotalPageFile size 14494M (AvailPageFile size 0M)
current process WorkingSet (physical memory assigned to process): 248M, peak: 254M
current process commit charge ("private bytes"): 417M, peak: 421M

vm_info: OpenJDK 64-Bit Server VM (21.0.9+10-LTS) for windows-amd64 JRE (21.0.9+10-LTS), built on 2025-10-21T00:00:00Z by "admin" with unknown MS VC++:1942

END.
