#
# There is insufficient memory for the Java Runtime Environment to continue.
# Native memory allocation (malloc) failed to allocate 785680 bytes. Error detail: Chunk::new
# Possible reasons:
#   The system is out of physical RAM or swap space
#   This process is running with CompressedOops enabled, and the Java Heap may be blocking the growth of the native heap
# Possible solutions:
#   Reduce memory load on the system
#   Increase physical memory or swap space
#   Check if swap backing store is full
#   Decrease Java heap size (-Xmx/-Xms)
#   Decrease number of Java threads
#   Decrease Java thread stack sizes (-Xss)
#   Set larger code cache with -XX:ReservedCodeCacheSize=
#   JVM is running with Unscaled Compressed Oops mode in which the Java heap is
#     placed in the first 4GB address space. The Java Heap base address is the
#     maximum limit for the native heap growth. Please use -XX:HeapBaseMinAddress
#     to set the Java Heap base and to place the Java Heap above 4GB virtual address.
# This output file may be truncated or incomplete.
#
#  Out of Memory Error (arena.cpp:168), pid=9412, tid=9500
#
# JRE version: OpenJDK Runtime Environment Temurin-21.0.8+9 (21.0.8+9) (build 21.0.8+9-LTS)
# Java VM: OpenJDK 64-Bit Server VM Temurin-21.0.8+9 (21.0.8+9-LTS, mixed mode, sharing, tiered, compressed oops, compressed class ptrs, parallel gc, windows-amd64)
# No core dump will be written. Minidumps are not enabled by default on client versions of Windows
#

---------------  S U M M A R Y ------------

Command Line: --add-modules=ALL-SYSTEM --add-opens=java.base/java.util=ALL-UNNAMED --add-opens=java.base/java.lang=ALL-UNNAMED --add-opens=java.base/sun.nio.fs=ALL-UNNAMED -Declipse.application=org.eclipse.jdt.ls.core.id1 -Dosgi.bundles.defaultStartLevel=4 -Declipse.product=org.eclipse.jdt.ls.core.product -Djava.import.generatesMetadataFilesAtProjectRoot=false -DDetectVMInstallationsJob.disabled=true -Dfile.encoding=utf8 -XX:+UseParallelGC -XX:GCTimeRatio=4 -XX:AdaptiveSizePolicyWeight=90 -Dsun.zip.disableMemoryMapping=true -Xmx2G -Xms100m -Xlog:disable -javaagent:c:\Users\hp\.vscode\extensions\redhat.java-1.45.0-win32-x64\lombok\lombok-1.18.39-4050.jar -XX:+HeapDumpOnOutOfMemoryError -XX:HeapDumpPath=c:\Users\hp\AppData\Roaming\Code\User\workspaceStorage\314233e027ade1efa6ded64e5f5a4286\redhat.java -Daether.dependencyCollector.impl=bf c:\Users\hp\.vscode\extensions\redhat.java-1.45.0-win32-x64\server\plugins\org.eclipse.equinox.launcher_1.7.0.v20250519-0528.jar -configuration c:\Users\hp\AppData\Roaming\Code\User\globalStorage\redhat.java\1.45.0\config_win -data c:\Users\hp\AppData\Roaming\Code\User\workspaceStorage\314233e027ade1efa6ded64e5f5a4286\redhat.java\jdt_ws --pipe=\\.\pipe\lsp-8161c94e1eb78e2c674245a0aea982ba-sock

Host: Intel(R) Core(TM) i3-10110U CPU @ 2.10GHz, 4 cores, 3G,  Windows 11 , 64 bit Build 26100 (10.0.26100.5074)
Time: Thu Sep 25 22:29:36 2025 SE Asia Standard Time elapsed time: 115.671304 seconds (0d 0h 1m 55s)

---------------  T H R E A D  ---------------

Current thread (0x00000250fc423750):  JavaThread "C2 CompilerThread0" daemon [_thread_in_native, id=9500, stack(0x00000087a4000000,0x00000087a4100000) (1024K)]


Current CompileTask:
C2:115671 11454 %     4       org.eclipse.jdt.internal.core.index.DiskIndex::mergeCategory @ 108 (301 bytes)

Stack: [0x00000087a4000000,0x00000087a4100000]
Native frames: (J=compiled Java code, j=interpreted, Vv=VM code, C=native code)
V  [jvm.dll+0x6d2449]
V  [jvm.dll+0x8ae341]
V  [jvm.dll+0x8b08be]
V  [jvm.dll+0x8b0fa3]
V  [jvm.dll+0x280c96]
V  [jvm.dll+0xc581d]
V  [jvm.dll+0xc5d53]
V  [jvm.dll+0x3b919c]
V  [jvm.dll+0x385315]
V  [jvm.dll+0x38477a]
V  [jvm.dll+0x248ed0]
V  [jvm.dll+0x2484af]
V  [jvm.dll+0x1c89ee]
V  [jvm.dll+0x257d4d]
V  [jvm.dll+0x2562ea]
V  [jvm.dll+0x3f2d16]
V  [jvm.dll+0x857e6b]
V  [jvm.dll+0x6d0b0d]
C  [ucrtbase.dll+0x37b0]
C  [KERNEL32.DLL+0x2e8d7]
C  [ntdll.dll+0x8d9c]


---------------  P R O C E S S  ---------------

Threads class SMR info:
_java_thread_list=0x00000250fe8adf20, length=40, elements={
0x00000250e3e2d890, 0x00000250fc4088d0, 0x00000250fc40ceb0, 0x00000250fc410e10,
0x00000250fc411b00, 0x00000250fc415b20, 0x00000250fc41a310, 0x00000250fc423750,
0x00000250fc445cc0, 0x00000250e3e9c8d0, 0x00000250fd430960, 0x00000250fdbf9710,
0x00000250fd748e60, 0x00000250fda630b0, 0x00000250fda69db0, 0x00000250fdd8d870,
0x00000250fe50b8d0, 0x00000250fdc3c7b0, 0x00000250fdc3ad70, 0x00000250fdc3b400,
0x00000250fdc3c120, 0x00000250fdc399c0, 0x00000250c59329e0, 0x00000250c5931630,
0x00000250c5932350, 0x00000250c5933070, 0x00000250c592fbf0, 0x00000250c5931cc0,
0x00000250c5930280, 0x00000250c5930fa0, 0x00000250ceb614a0, 0x00000250ceb60e10,
0x00000250ceb60780, 0x00000250ceb61b30, 0x00000250ceb621c0, 0x00000250ceb5ed40,
0x00000250ceb62850, 0x00000250ceb600f0, 0x00000250ceb64fb0, 0x00000250ceb63c00
}

Java Threads: ( => current thread )
  0x00000250e3e2d890 JavaThread "main"                              [_thread_blocked, id=16832, stack(0x00000087a3600000,0x00000087a3700000) (1024K)]
  0x00000250fc4088d0 JavaThread "Reference Handler"          daemon [_thread_blocked, id=23260, stack(0x00000087a3a00000,0x00000087a3b00000) (1024K)]
  0x00000250fc40ceb0 JavaThread "Finalizer"                  daemon [_thread_blocked, id=5888, stack(0x00000087a3b00000,0x00000087a3c00000) (1024K)]
  0x00000250fc410e10 JavaThread "Signal Dispatcher"          daemon [_thread_blocked, id=17428, stack(0x00000087a3c00000,0x00000087a3d00000) (1024K)]
  0x00000250fc411b00 JavaThread "Attach Listener"            daemon [_thread_blocked, id=5904, stack(0x00000087a3d00000,0x00000087a3e00000) (1024K)]
  0x00000250fc415b20 JavaThread "Service Thread"             daemon [_thread_blocked, id=6700, stack(0x00000087a3e00000,0x00000087a3f00000) (1024K)]
  0x00000250fc41a310 JavaThread "Monitor Deflation Thread"   daemon [_thread_blocked, id=8756, stack(0x00000087a3f00000,0x00000087a4000000) (1024K)]
=>0x00000250fc423750 JavaThread "C2 CompilerThread0"         daemon [_thread_in_native, id=9500, stack(0x00000087a4000000,0x00000087a4100000) (1024K)]
  0x00000250fc445cc0 JavaThread "C1 CompilerThread0"         daemon [_thread_blocked, id=5764, stack(0x00000087a4100000,0x00000087a4200000) (1024K)]
  0x00000250e3e9c8d0 JavaThread "Common-Cleaner"             daemon [_thread_blocked, id=25320, stack(0x00000087a4200000,0x00000087a4300000) (1024K)]
  0x00000250fd430960 JavaThread "Notification Thread"        daemon [_thread_blocked, id=19404, stack(0x00000087a4300000,0x00000087a4400000) (1024K)]
  0x00000250fdbf9710 JavaThread "Active Thread: Equinox Container: efb695e5-7f0f-4fdf-837d-3c987aecd6d0"        [_thread_blocked, id=21216, stack(0x00000087a4700000,0x00000087a4800000) (1024K)]
  0x00000250fd748e60 JavaThread "Refresh Thread: Equinox Container: efb695e5-7f0f-4fdf-837d-3c987aecd6d0" daemon [_thread_blocked, id=16844, stack(0x00000087a4800000,0x00000087a4900000) (1024K)]
  0x00000250fda630b0 JavaThread "Framework Event Dispatcher: Equinox Container: efb695e5-7f0f-4fdf-837d-3c987aecd6d0" daemon [_thread_blocked, id=24704, stack(0x00000087a4900000,0x00000087a4a00000) (1024K)]
  0x00000250fda69db0 JavaThread "Start Level: Equinox Container: efb695e5-7f0f-4fdf-837d-3c987aecd6d0" daemon [_thread_blocked, id=14908, stack(0x00000087a4a00000,0x00000087a4b00000) (1024K)]
  0x00000250fdd8d870 JavaThread "Bundle File Closer"         daemon [_thread_blocked, id=14020, stack(0x00000087a4b00000,0x00000087a4c00000) (1024K)]
  0x00000250fe50b8d0 JavaThread "SCR Component Actor"        daemon [_thread_blocked, id=22132, stack(0x00000087a4c00000,0x00000087a4d00000) (1024K)]
  0x00000250fdc3c7b0 JavaThread "Worker-JM"                         [_thread_blocked, id=16232, stack(0x00000087a4e00000,0x00000087a4f00000) (1024K)]
  0x00000250fdc3ad70 JavaThread "JNA Cleaner"                daemon [_thread_blocked, id=17912, stack(0x00000087a4f00000,0x00000087a5000000) (1024K)]
  0x00000250fdc3b400 JavaThread "Worker-1"                          [_thread_blocked, id=11488, stack(0x00000087a5100000,0x00000087a5200000) (1024K)]
  0x00000250fdc3c120 JavaThread "Java indexing"              daemon [_thread_in_native, id=21912, stack(0x00000087a5300000,0x00000087a5400000) (1024K)]
  0x00000250fdc399c0 JavaThread "Worker-4"                          [_thread_blocked, id=18412, stack(0x00000087a5700000,0x00000087a5800000) (1024K)]
  0x00000250c59329e0 JavaThread "Thread-2"                   daemon [_thread_in_native, id=24540, stack(0x00000087a5a00000,0x00000087a5b00000) (1024K)]
  0x00000250c5931630 JavaThread "Thread-3"                   daemon [_thread_in_native, id=25444, stack(0x00000087a5b00000,0x00000087a5c00000) (1024K)]
  0x00000250c5932350 JavaThread "Thread-4"                   daemon [_thread_in_native, id=23688, stack(0x00000087a5c00000,0x00000087a5d00000) (1024K)]
  0x00000250c5933070 JavaThread "Thread-5"                   daemon [_thread_in_native, id=22628, stack(0x00000087a5d00000,0x00000087a5e00000) (1024K)]
  0x00000250c592fbf0 JavaThread "Thread-6"                   daemon [_thread_in_native, id=3884, stack(0x00000087a5e00000,0x00000087a5f00000) (1024K)]
  0x00000250c5931cc0 JavaThread "pool-2-thread-1"                   [_thread_blocked, id=23160, stack(0x00000087a5f00000,0x00000087a6000000) (1024K)]
  0x00000250c5930280 JavaThread "WorkspaceEventsHandler"            [_thread_blocked, id=16640, stack(0x00000087a6000000,0x00000087a6100000) (1024K)]
  0x00000250c5930fa0 JavaThread "pool-1-thread-1"                   [_thread_blocked, id=24692, stack(0x00000087a6100000,0x00000087a6200000) (1024K)]
  0x00000250ceb614a0 JavaThread "Compiler Source File Reader" daemon [_thread_blocked, id=25388, stack(0x00000087a6200000,0x00000087a6300000) (1024K)]
  0x00000250ceb60e10 JavaThread "Compiler Source File Reader" daemon [_thread_blocked, id=25264, stack(0x00000087a6300000,0x00000087a6400000) (1024K)]
  0x00000250ceb60780 JavaThread "Compiler Class File Writer" daemon [_thread_blocked, id=23696, stack(0x00000087a6500000,0x00000087a6600000) (1024K)]
  0x00000250ceb61b30 JavaThread "Compiler Class File Writer" daemon [_thread_blocked, id=1600, stack(0x00000087a4d00000,0x00000087a4e00000) (1024K)]
  0x00000250ceb621c0 JavaThread "ForkJoinPool.commonPool-worker-1" daemon [_thread_blocked, id=21952, stack(0x00000087a6600000,0x00000087a6700000) (1024K)]
  0x00000250ceb5ed40 JavaThread "ForkJoinPool.commonPool-worker-2" daemon [_thread_blocked, id=5000, stack(0x00000087a6700000,0x00000087a6800000) (1024K)]
  0x00000250ceb62850 JavaThread "ForkJoinPool.commonPool-worker-3" daemon [_thread_blocked, id=23292, stack(0x00000087a6800000,0x00000087a6900000) (1024K)]
  0x00000250ceb600f0 JavaThread "Cleaner-0"                  daemon [_thread_blocked, id=2428, stack(0x00000087a6900000,0x00000087a6a00000) (1024K)]
  0x00000250ceb64fb0 JavaThread "Worker-7: Java indexing... "        [_thread_blocked, id=20752, stack(0x00000087a3300000,0x00000087a3400000) (1024K)]
  0x00000250ceb63c00 JavaThread "Compiler Processing Task"   daemon [_thread_blocked, id=14356, stack(0x00000087a3400000,0x00000087a3500000) (1024K)]
Total: 40

Other Threads:
  0x00000250e3eec960 VMThread "VM Thread"                           [id=19356, stack(0x00000087a3900000,0x00000087a3a00000) (1024K)]
  0x00000250fc3aca00 WatcherThread "VM Periodic Task Thread"        [id=24504, stack(0x00000087a3800000,0x00000087a3900000) (1024K)]
  0x00000250e3e4c220 WorkerThread "GC Thread#0"                     [id=22968, stack(0x00000087a3700000,0x00000087a3800000) (1024K)]
  0x00000250fd5ba170 WorkerThread "GC Thread#1"                     [id=17168, stack(0x00000087a4400000,0x00000087a4500000) (1024K)]
  0x00000250fd620f90 WorkerThread "GC Thread#2"                     [id=23652, stack(0x00000087a4500000,0x00000087a4600000) (1024K)]
  0x00000250fd6fe720 WorkerThread "GC Thread#3"                     [id=17016, stack(0x00000087a4600000,0x00000087a4700000) (1024K)]
Total: 6

Threads with active compile tasks:
C2 CompilerThread0  116119 11454 %     4       org.eclipse.jdt.internal.core.index.DiskIndex::mergeCategory @ 108 (301 bytes)
C1 CompilerThread0  116119 11494       2       org.eclipse.jdt.internal.compiler.parser.diagnose.RangeUtil::containsIgnoredBody (28 bytes)
Total: 2

VM state: not at safepoint (normal execution)

VM Mutex/Monitor currently owned by a thread:  ([mutex/lock_event])
[0x00007fffd15d54d8] Compile_lock - owner thread: 0x00000250fc445cc0

Heap address: 0x0000000080000000, size: 2048 MB, Compressed Oops mode: 32-bit

CDS archive(s) mapped at: [0x0000025080000000-0x0000025080ba0000-0x0000025080ba0000), size 12189696, SharedBaseAddress: 0x0000025080000000, ArchiveRelocationMode: 1.
Compressed class space mapped at: 0x0000025081000000-0x00000250c1000000, reserved size: 1073741824
Narrow klass base: 0x0000025080000000, Narrow klass shift: 0, Narrow klass range: 0x100000000

GC Precious Log:
 CardTable entry size: 512
 CPUs: 4 total, 4 available
 Memory: 3919M
 Large Page Support: Disabled
 NUMA Support: Disabled
 Compressed Oops: Enabled (32-bit)
 Alignments: Space 512K, Generation 512K, Heap 2M
 Heap Min Capacity: 100M
 Heap Initial Capacity: 100M
 Heap Max Capacity: 2G
 Pre-touch: Disabled
 Parallel Workers: 4

Heap:
 PSYoungGen      total 18432K, used 1359K [0x00000000d5580000, 0x00000000d6a00000, 0x0000000100000000)
  eden space 16896K, 4% used [0x00000000d5580000,0x00000000d5643f28,0x00000000d6600000)
  from space 1536K, 37% used [0x00000000d6700000,0x00000000d6790000,0x00000000d6880000)
  to   space 1024K, 0% used [0x00000000d6900000,0x00000000d6900000,0x00000000d6a00000)
 ParOldGen       total 68608K, used 55557K [0x0000000080000000, 0x0000000084300000, 0x00000000d5580000)
  object space 68608K, 80% used [0x0000000080000000,0x0000000083641750,0x0000000084300000)
 Metaspace       used 66538K, committed 67968K, reserved 1114112K
  class space    used 6902K, committed 7552K, reserved 1048576K

Card table byte_map: [0x00000250f7810000,0x00000250f7c20000] _byte_map_base: 0x00000250f7410000

Marking Bits: (ParMarkBitMap*) 0x00007fffd15da340
 Begin Bits: [0x00000250f7ed0000, 0x00000250f9ed0000)
 End Bits:   [0x00000250f9ed0000, 0x00000250fbed0000)

Polling page: 0x00000250e3bc0000

Metaspace:

Usage:
  Non-class:     58.24 MB used.
      Class:      6.74 MB used.
       Both:     64.98 MB used.

Virtual space:
  Non-class space:       64.00 MB reserved,      59.00 MB ( 92%) committed,  1 nodes.
      Class space:        1.00 GB reserved,       7.38 MB ( <1%) committed,  1 nodes.
             Both:        1.06 GB reserved,      66.38 MB (  6%) committed. 

Chunk freelists:
   Non-Class:  4.66 MB
       Class:  8.60 MB
        Both:  13.26 MB

MaxMetaspaceSize: unlimited
CompressedClassSpaceSize: 1.00 GB
Initial GC threshold: 21.00 MB
Current GC threshold: 97.31 MB
CDS: on
 - commit_granule_bytes: 65536.
 - commit_granule_words: 8192.
 - virtual_space_node_default_size: 8388608.
 - enlarge_chunks_in_place: 1.
 - use_allocation_guard: 0.


Internal statistics:

num_allocs_failed_limit: 11.
num_arena_births: 1088.
num_arena_deaths: 14.
num_vsnodes_births: 2.
num_vsnodes_deaths: 0.
num_space_committed: 1062.
num_space_uncommitted: 0.
num_chunks_returned_to_freelist: 25.
num_chunks_taken_from_freelist: 4309.
num_chunk_merges: 15.
num_chunk_splits: 2606.
num_chunks_enlarged: 1425.
num_inconsistent_stats: 0.

CodeHeap 'non-profiled nmethods': size=120000Kb used=7244Kb max_used=7244Kb free=112755Kb
 bounds [0x00000250f0100000, 0x00000250f0820000, 0x00000250f7630000]
CodeHeap 'profiled nmethods': size=120000Kb used=24016Kb max_used=24016Kb free=95983Kb
 bounds [0x00000250e8630000, 0x00000250e9db0000, 0x00000250efb60000]
CodeHeap 'non-nmethods': size=5760Kb used=1450Kb max_used=1560Kb free=4309Kb
 bounds [0x00000250efb60000, 0x00000250efdd0000, 0x00000250f0100000]
CodeCache: size=245760Kb, used=32710Kb, max_used=32820Kb, free=213047Kb
 total_blobs=11539, nmethods=10771, adapters=670, full_count=0
Compilation: enabled, stopped_count=0, restarted_count=0

Compilation events (20 events):
Event: 115.259 Thread 0x00000250fc423750 nmethod 11449 0x00000250f0812110 code [0x00000250f08122a0, 0x00000250f0812378]
Event: 115.259 Thread 0x00000250fc423750 11451       4       java.util.LinkedHashMap::afterNodeInsertion (40 bytes)
Event: 115.260 Thread 0x00000250fc423750 nmethod 11451 0x00000250f0812410 code [0x00000250f08125a0, 0x00000250f08126a8]
Event: 115.271 Thread 0x00000250fc445cc0 11452       3       org.eclipse.jdt.internal.compiler.parser.Parser::flushCommentsDefinedPriorTo (244 bytes)
Event: 115.272 Thread 0x00000250fc445cc0 nmethod 11452 0x00000250e9d90190 code [0x00000250e9d903e0, 0x00000250e9d90cf0]
Event: 115.274 Thread 0x00000250fc423750 11453       4       lombok.core.configuration.ConfigurationFile::hashCode (8 bytes)
Event: 115.294 Thread 0x00000250fc423750 nmethod 11453 0x00000250f0812790 code [0x00000250f0812920, 0x00000250f0812a58]
Event: 115.294 Thread 0x00000250fc423750 11454 %     4       org.eclipse.jdt.internal.core.index.DiskIndex::mergeCategory @ 108 (301 bytes)
Event: 115.294 Thread 0x00000250fc445cc0 11455       3       org.eclipse.jdt.internal.core.index.DiskIndex$IntList::asArray (23 bytes)
Event: 115.295 Thread 0x00000250fc445cc0 nmethod 11455 0x00000250e9d91010 code [0x00000250e9d911c0, 0x00000250e9d91420]
Event: 115.324 Thread 0x00000250fc445cc0 11463       3       org.eclipse.jdt.internal.compiler.ast.ASTNode::checkInvocationArgument (184 bytes)
Event: 115.326 Thread 0x00000250fc445cc0 nmethod 11463 0x00000250e9d91510 code [0x00000250e9d917c0, 0x00000250e9d92848]
Event: 115.328 Thread 0x00000250fc445cc0 11465       3       org.eclipse.jdt.internal.compiler.codegen.OperandStack::push (35 bytes)
Event: 115.328 Thread 0x00000250fc445cc0 nmethod 11465 0x00000250e9d92c90 code [0x00000250e9d92e80, 0x00000250e9d93310]
Event: 115.345 Thread 0x00000250fc445cc0 11466       3       org.eclipse.core.internal.watson.ElementTree::isImmutable (8 bytes)
Event: 115.346 Thread 0x00000250fc445cc0 nmethod 11466 0x00000250e9d93490 code [0x00000250e9d93620, 0x00000250e9d937d8]
Event: 115.349 Thread 0x00000250fc445cc0 11468       3       lombok.bytecode.ClassFileMetaData::decodeString (181 bytes)
Event: 115.350 Thread 0x00000250fc445cc0 nmethod 11468 0x00000250e9d93890 code [0x00000250e9d93a60, 0x00000250e9d93f40]
Event: 115.552 Thread 0x00000250fc445cc0 11469       3       java.util.Map::getOrDefault (28 bytes)
Event: 115.552 Thread 0x00000250fc445cc0 nmethod 11469 0x00000250e9d94190 code [0x00000250e9d94360, 0x00000250e9d946b8]

GC Heap History (20 events):
Event: 18.004 GC heap before
{Heap before GC invocations=38 (full 3):
 PSYoungGen      total 19456K, used 18953K [0x00000000d5580000, 0x00000000d6c80000, 0x0000000100000000)
  eden space 16896K, 99% used [0x00000000d5580000,0x00000000d65fc3c0,0x00000000d6600000)
  from space 2560K, 80% used [0x00000000d6a00000,0x00000000d6c060e0,0x00000000d6c80000)
  to   space 2560K, 0% used [0x00000000d6780000,0x00000000d6780000,0x00000000d6a00000)
 ParOldGen       total 68608K, used 46874K [0x0000000080000000, 0x0000000084300000, 0x00000000d5580000)
  object space 68608K, 68% used [0x0000000080000000,0x0000000082dc6b70,0x0000000084300000)
 Metaspace       used 62652K, committed 64000K, reserved 1114112K
  class space    used 6602K, committed 7168K, reserved 1048576K
}
Event: 18.007 GC heap after
{Heap after GC invocations=38 (full 3):
 PSYoungGen      total 18944K, used 1768K [0x00000000d5580000, 0x00000000d6a80000, 0x0000000100000000)
  eden space 16896K, 0% used [0x00000000d5580000,0x00000000d5580000,0x00000000d6600000)
  from space 2048K, 86% used [0x00000000d6780000,0x00000000d693a250,0x00000000d6980000)
  to   space 1024K, 0% used [0x00000000d6980000,0x00000000d6980000,0x00000000d6a80000)
 ParOldGen       total 68608K, used 48391K [0x0000000080000000, 0x0000000084300000, 0x00000000d5580000)
  object space 68608K, 70% used [0x0000000080000000,0x0000000082f41fb8,0x0000000084300000)
 Metaspace       used 62652K, committed 64000K, reserved 1114112K
  class space    used 6602K, committed 7168K, reserved 1048576K
}
Event: 98.673 GC heap before
{Heap before GC invocations=39 (full 3):
 PSYoungGen      total 18944K, used 18664K [0x00000000d5580000, 0x00000000d6a80000, 0x0000000100000000)
  eden space 16896K, 100% used [0x00000000d5580000,0x00000000d6600000,0x00000000d6600000)
  from space 2048K, 86% used [0x00000000d6780000,0x00000000d693a250,0x00000000d6980000)
  to   space 1024K, 0% used [0x00000000d6980000,0x00000000d6980000,0x00000000d6a80000)
 ParOldGen       total 68608K, used 48391K [0x0000000080000000, 0x0000000084300000, 0x00000000d5580000)
  object space 68608K, 70% used [0x0000000080000000,0x0000000082f41fb8,0x0000000084300000)
 Metaspace       used 63496K, committed 64832K, reserved 1114112K
  class space    used 6640K, committed 7168K, reserved 1048576K
}
Event: 98.805 GC heap after
{Heap after GC invocations=39 (full 3):
 PSYoungGen      total 17920K, used 1001K [0x00000000d5580000, 0x00000000d6a80000, 0x0000000100000000)
  eden space 16896K, 0% used [0x00000000d5580000,0x00000000d5580000,0x00000000d6600000)
  from space 1024K, 97% used [0x00000000d6980000,0x00000000d6a7a428,0x00000000d6a80000)
  to   space 2048K, 0% used [0x00000000d6680000,0x00000000d6680000,0x00000000d6880000)
 ParOldGen       total 68608K, used 49123K [0x0000000080000000, 0x0000000084300000, 0x00000000d5580000)
  object space 68608K, 71% used [0x0000000080000000,0x0000000082ff8ff8,0x0000000084300000)
 Metaspace       used 63496K, committed 64832K, reserved 1114112K
  class space    used 6640K, committed 7168K, reserved 1048576K
}
Event: 100.266 GC heap before
{Heap before GC invocations=40 (full 3):
 PSYoungGen      total 17920K, used 17897K [0x00000000d5580000, 0x00000000d6a80000, 0x0000000100000000)
  eden space 16896K, 100% used [0x00000000d5580000,0x00000000d6600000,0x00000000d6600000)
  from space 1024K, 97% used [0x00000000d6980000,0x00000000d6a7a428,0x00000000d6a80000)
  to   space 2048K, 0% used [0x00000000d6680000,0x00000000d6680000,0x00000000d6880000)
 ParOldGen       total 68608K, used 49123K [0x0000000080000000, 0x0000000084300000, 0x00000000d5580000)
  object space 68608K, 71% used [0x0000000080000000,0x0000000082ff8ff8,0x0000000084300000)
 Metaspace       used 63819K, committed 65152K, reserved 1114112K
  class space    used 6664K, committed 7232K, reserved 1048576K
}
Event: 100.560 GC heap after
{Heap after GC invocations=40 (full 3):
 PSYoungGen      total 18944K, used 2016K [0x00000000d5580000, 0x00000000d7000000, 0x0000000100000000)
  eden space 16896K, 0% used [0x00000000d5580000,0x00000000d5580000,0x00000000d6600000)
  from space 2048K, 98% used [0x00000000d6680000,0x00000000d6878220,0x00000000d6880000)
  to   space 5120K, 0% used [0x00000000d6b00000,0x00000000d6b00000,0x00000000d7000000)
 ParOldGen       total 68608K, used 51523K [0x0000000080000000, 0x0000000084300000, 0x00000000d5580000)
  object space 68608K, 75% used [0x0000000080000000,0x0000000083250d38,0x0000000084300000)
 Metaspace       used 63819K, committed 65152K, reserved 1114112K
  class space    used 6664K, committed 7232K, reserved 1048576K
}
Event: 102.505 GC heap before
{Heap before GC invocations=41 (full 3):
 PSYoungGen      total 18944K, used 18859K [0x00000000d5580000, 0x00000000d7000000, 0x0000000100000000)
  eden space 16896K, 99% used [0x00000000d5580000,0x00000000d65f2c90,0x00000000d6600000)
  from space 2048K, 98% used [0x00000000d6680000,0x00000000d6878220,0x00000000d6880000)
  to   space 5120K, 0% used [0x00000000d6b00000,0x00000000d6b00000,0x00000000d7000000)
 ParOldGen       total 68608K, used 51523K [0x0000000080000000, 0x0000000084300000, 0x00000000d5580000)
  object space 68608K, 75% used [0x0000000080000000,0x0000000083250d38,0x0000000084300000)
 Metaspace       used 64736K, committed 66112K, reserved 1114112K
  class space    used 6785K, committed 7424K, reserved 1048576K
}
Event: 102.513 GC heap after
{Heap after GC invocations=41 (full 3):
 PSYoungGen      total 18944K, used 1552K [0x00000000d5580000, 0x00000000d6d00000, 0x0000000100000000)
  eden space 16896K, 0% used [0x00000000d5580000,0x00000000d5580000,0x00000000d6600000)
  from space 2048K, 75% used [0x00000000d6b00000,0x00000000d6c84050,0x00000000d6d00000)
  to   space 3072K, 0% used [0x00000000d6700000,0x00000000d6700000,0x00000000d6a00000)
 ParOldGen       total 68608K, used 53443K [0x0000000080000000, 0x0000000084300000, 0x00000000d5580000)
  object space 68608K, 77% used [0x0000000080000000,0x0000000083430f58,0x0000000084300000)
 Metaspace       used 64736K, committed 66112K, reserved 1114112K
  class space    used 6785K, committed 7424K, reserved 1048576K
}
Event: 104.527 GC heap before
{Heap before GC invocations=42 (full 3):
 PSYoungGen      total 18944K, used 18399K [0x00000000d5580000, 0x00000000d6d00000, 0x0000000100000000)
  eden space 16896K, 99% used [0x00000000d5580000,0x00000000d65f3eb8,0x00000000d6600000)
  from space 2048K, 75% used [0x00000000d6b00000,0x00000000d6c84050,0x00000000d6d00000)
  to   space 3072K, 0% used [0x00000000d6700000,0x00000000d6700000,0x00000000d6a00000)
 ParOldGen       total 68608K, used 53443K [0x0000000080000000, 0x0000000084300000, 0x00000000d5580000)
  object space 68608K, 77% used [0x0000000080000000,0x0000000083430f58,0x0000000084300000)
 Metaspace       used 65580K, committed 67008K, reserved 1114112K
  class space    used 6867K, committed 7488K, reserved 1048576K
}
Event: 104.535 GC heap after
{Heap after GC invocations=42 (full 3):
 PSYoungGen      total 18432K, used 1335K [0x00000000d5580000, 0x00000000d6b80000, 0x0000000100000000)
  eden space 16896K, 0% used [0x00000000d5580000,0x00000000d5580000,0x00000000d6600000)
  from space 1536K, 86% used [0x00000000d6700000,0x00000000d684dd90,0x00000000d6880000)
  to   space 2048K, 0% used [0x00000000d6980000,0x00000000d6980000,0x00000000d6b80000)
 ParOldGen       total 68608K, used 53815K [0x0000000080000000, 0x0000000084300000, 0x00000000d5580000)
  object space 68608K, 78% used [0x0000000080000000,0x000000008348dd98,0x0000000084300000)
 Metaspace       used 65580K, committed 67008K, reserved 1114112K
  class space    used 6867K, committed 7488K, reserved 1048576K
}
Event: 105.085 GC heap before
{Heap before GC invocations=43 (full 3):
 PSYoungGen      total 18432K, used 18231K [0x00000000d5580000, 0x00000000d6b80000, 0x0000000100000000)
  eden space 16896K, 100% used [0x00000000d5580000,0x00000000d6600000,0x00000000d6600000)
  from space 1536K, 86% used [0x00000000d6700000,0x00000000d684dd90,0x00000000d6880000)
  to   space 2048K, 0% used [0x00000000d6980000,0x00000000d6980000,0x00000000d6b80000)
 ParOldGen       total 68608K, used 53815K [0x0000000080000000, 0x0000000084300000, 0x00000000d5580000)
  object space 68608K, 78% used [0x0000000080000000,0x000000008348dd98,0x0000000084300000)
 Metaspace       used 65692K, committed 67136K, reserved 1114112K
  class space    used 6868K, committed 7488K, reserved 1048576K
}
Event: 105.087 GC heap after
{Heap after GC invocations=43 (full 3):
 PSYoungGen      total 17408K, used 240K [0x00000000d5580000, 0x00000000d6a00000, 0x0000000100000000)
  eden space 16896K, 0% used [0x00000000d5580000,0x00000000d5580000,0x00000000d6600000)
  from space 512K, 46% used [0x00000000d6980000,0x00000000d69bc010,0x00000000d6a00000)
  to   space 1024K, 0% used [0x00000000d6800000,0x00000000d6800000,0x00000000d6900000)
 ParOldGen       total 68608K, used 54236K [0x0000000080000000, 0x0000000084300000, 0x00000000d5580000)
  object space 68608K, 79% used [0x0000000080000000,0x00000000834f70c0,0x0000000084300000)
 Metaspace       used 65692K, committed 67136K, reserved 1114112K
  class space    used 6868K, committed 7488K, reserved 1048576K
}
Event: 106.982 GC heap before
{Heap before GC invocations=44 (full 3):
 PSYoungGen      total 17408K, used 17136K [0x00000000d5580000, 0x00000000d6a00000, 0x0000000100000000)
  eden space 16896K, 100% used [0x00000000d5580000,0x00000000d6600000,0x00000000d6600000)
  from space 512K, 46% used [0x00000000d6980000,0x00000000d69bc010,0x00000000d6a00000)
  to   space 1024K, 0% used [0x00000000d6800000,0x00000000d6800000,0x00000000d6900000)
 ParOldGen       total 68608K, used 54236K [0x0000000080000000, 0x0000000084300000, 0x00000000d5580000)
  object space 68608K, 79% used [0x0000000080000000,0x00000000834f70c0,0x0000000084300000)
 Metaspace       used 66040K, committed 67520K, reserved 1114112K
  class space    used 6875K, committed 7488K, reserved 1048576K
}
Event: 106.983 GC heap after
{Heap after GC invocations=44 (full 3):
 PSYoungGen      total 17920K, used 128K [0x00000000d5580000, 0x00000000d6a00000, 0x0000000100000000)
  eden space 16896K, 0% used [0x00000000d5580000,0x00000000d5580000,0x00000000d6600000)
  from space 1024K, 12% used [0x00000000d6800000,0x00000000d6820000,0x00000000d6900000)
  to   space 512K, 0% used [0x00000000d6980000,0x00000000d6980000,0x00000000d6a00000)
 ParOldGen       total 68608K, used 54260K [0x0000000080000000, 0x0000000084300000, 0x00000000d5580000)
  object space 68608K, 79% used [0x0000000080000000,0x00000000834fd0c0,0x0000000084300000)
 Metaspace       used 66040K, committed 67520K, reserved 1114112K
  class space    used 6875K, committed 7488K, reserved 1048576K
}
Event: 109.063 GC heap before
{Heap before GC invocations=45 (full 3):
 PSYoungGen      total 17920K, used 17024K [0x00000000d5580000, 0x00000000d6a00000, 0x0000000100000000)
  eden space 16896K, 100% used [0x00000000d5580000,0x00000000d6600000,0x00000000d6600000)
  from space 1024K, 12% used [0x00000000d6800000,0x00000000d6820000,0x00000000d6900000)
  to   space 512K, 0% used [0x00000000d6980000,0x00000000d6980000,0x00000000d6a00000)
 ParOldGen       total 68608K, used 54260K [0x0000000080000000, 0x0000000084300000, 0x00000000d5580000)
  object space 68608K, 79% used [0x0000000080000000,0x00000000834fd0c0,0x0000000084300000)
 Metaspace       used 66156K, committed 67648K, reserved 1114112K
  class space    used 6877K, committed 7552K, reserved 1048576K
}
Event: 109.065 GC heap after
{Heap after GC invocations=45 (full 3):
 PSYoungGen      total 17408K, used 384K [0x00000000d5580000, 0x00000000d6a00000, 0x0000000100000000)
  eden space 16896K, 0% used [0x00000000d5580000,0x00000000d5580000,0x00000000d6600000)
  from space 512K, 75% used [0x00000000d6980000,0x00000000d69e0000,0x00000000d6a00000)
  to   space 512K, 0% used [0x00000000d6900000,0x00000000d6900000,0x00000000d6980000)
 ParOldGen       total 68608K, used 54308K [0x0000000080000000, 0x0000000084300000, 0x00000000d5580000)
  object space 68608K, 79% used [0x0000000080000000,0x0000000083509170,0x0000000084300000)
 Metaspace       used 66156K, committed 67648K, reserved 1114112K
  class space    used 6877K, committed 7552K, reserved 1048576K
}
Event: 110.878 GC heap before
{Heap before GC invocations=46 (full 3):
 PSYoungGen      total 17408K, used 17280K [0x00000000d5580000, 0x00000000d6a00000, 0x0000000100000000)
  eden space 16896K, 100% used [0x00000000d5580000,0x00000000d6600000,0x00000000d6600000)
  from space 512K, 75% used [0x00000000d6980000,0x00000000d69e0000,0x00000000d6a00000)
  to   space 512K, 0% used [0x00000000d6900000,0x00000000d6900000,0x00000000d6980000)
 ParOldGen       total 68608K, used 54308K [0x0000000080000000, 0x0000000084300000, 0x00000000d5580000)
  object space 68608K, 79% used [0x0000000080000000,0x0000000083509170,0x0000000084300000)
 Metaspace       used 66293K, committed 67776K, reserved 1114112K
  class space    used 6877K, committed 7552K, reserved 1048576K
}
Event: 110.881 GC heap after
{Heap after GC invocations=46 (full 3):
 PSYoungGen      total 17408K, used 496K [0x00000000d5580000, 0x00000000d6a00000, 0x0000000100000000)
  eden space 16896K, 0% used [0x00000000d5580000,0x00000000d5580000,0x00000000d6600000)
  from space 512K, 96% used [0x00000000d6900000,0x00000000d697c010,0x00000000d6980000)
  to   space 512K, 0% used [0x00000000d6980000,0x00000000d6980000,0x00000000d6a00000)
 ParOldGen       total 68608K, used 54480K [0x0000000080000000, 0x0000000084300000, 0x00000000d5580000)
  object space 68608K, 79% used [0x0000000080000000,0x0000000083534180,0x0000000084300000)
 Metaspace       used 66293K, committed 67776K, reserved 1114112K
  class space    used 6877K, committed 7552K, reserved 1048576K
}
Event: 115.289 GC heap before
{Heap before GC invocations=47 (full 3):
 PSYoungGen      total 17408K, used 17392K [0x00000000d5580000, 0x00000000d6a00000, 0x0000000100000000)
  eden space 16896K, 100% used [0x00000000d5580000,0x00000000d6600000,0x00000000d6600000)
  from space 512K, 96% used [0x00000000d6900000,0x00000000d697c010,0x00000000d6980000)
  to   space 512K, 0% used [0x00000000d6980000,0x00000000d6980000,0x00000000d6a00000)
 ParOldGen       total 68608K, used 54480K [0x0000000080000000, 0x0000000084300000, 0x00000000d5580000)
  object space 68608K, 79% used [0x0000000080000000,0x0000000083534180,0x0000000084300000)
 Metaspace       used 66442K, committed 67840K, reserved 1114112K
  class space    used 6888K, committed 7552K, reserved 1048576K
}
Event: 115.294 GC heap after
{Heap after GC invocations=47 (full 3):
 PSYoungGen      total 17408K, used 512K [0x00000000d5580000, 0x00000000d6a00000, 0x0000000100000000)
  eden space 16896K, 0% used [0x00000000d5580000,0x00000000d5580000,0x00000000d6600000)
  from space 512K, 100% used [0x00000000d6980000,0x00000000d6a00000,0x00000000d6a00000)
  to   space 1536K, 0% used [0x00000000d6700000,0x00000000d6700000,0x00000000d6880000)
 ParOldGen       total 68608K, used 55166K [0x0000000080000000, 0x0000000084300000, 0x00000000d5580000)
  object space 68608K, 80% used [0x0000000080000000,0x00000000835df980,0x0000000084300000)
 Metaspace       used 66442K, committed 67840K, reserved 1114112K
  class space    used 6888K, committed 7552K, reserved 1048576K
}

Dll operation events (10 events):
Event: 0.029 Loaded shared library c:\Users\hp\.vscode\extensions\redhat.java-1.45.0-win32-x64\jre\21.0.8-win32-x86_64\bin\java.dll
Event: 0.245 Loaded shared library c:\Users\hp\.vscode\extensions\redhat.java-1.45.0-win32-x64\jre\21.0.8-win32-x86_64\bin\zip.dll
Event: 0.337 Loaded shared library C:\Users\hp\.vscode\extensions\redhat.java-1.45.0-win32-x64\jre\21.0.8-win32-x86_64\bin\instrument.dll
Event: 0.378 Loaded shared library C:\Users\hp\.vscode\extensions\redhat.java-1.45.0-win32-x64\jre\21.0.8-win32-x86_64\bin\net.dll
Event: 0.383 Loaded shared library C:\Users\hp\.vscode\extensions\redhat.java-1.45.0-win32-x64\jre\21.0.8-win32-x86_64\bin\nio.dll
Event: 0.387 Loaded shared library C:\Users\hp\.vscode\extensions\redhat.java-1.45.0-win32-x64\jre\21.0.8-win32-x86_64\bin\zip.dll
Event: 0.413 Loaded shared library C:\Users\hp\.vscode\extensions\redhat.java-1.45.0-win32-x64\jre\21.0.8-win32-x86_64\bin\jimage.dll
Event: 0.522 Loaded shared library c:\Users\hp\.vscode\extensions\redhat.java-1.45.0-win32-x64\jre\21.0.8-win32-x86_64\bin\verify.dll
Event: 2.628 Loaded shared library C:\Users\hp\AppData\Roaming\Code\User\globalStorage\redhat.java\1.45.0\config_win\org.eclipse.equinox.launcher\org.eclipse.equinox.launcher.win32.win32.x86_64_1.2.1400.v20250801-0854\eclipse_11916.dll
Event: 5.563 Loaded shared library C:\Users\hp\AppData\Local\Temp\jna-3336\jna11801424943770378836.dll

Deoptimization events (20 events):
Event: 115.168 Thread 0x00000250ceb5ed40 DEOPT PACKING pc=0x00000250f05ac52c sp=0x00000087a67febf0
Event: 115.168 Thread 0x00000250ceb5ed40 DEOPT UNPACKING pc=0x00000250efbb3aa2 sp=0x00000087a67feb78 mode 2
Event: 115.350 Thread 0x00000250fdc3c120 DEOPT PACKING pc=0x00000250e99603a5 sp=0x00000087a53ff000
Event: 115.350 Thread 0x00000250fdc3c120 DEOPT UNPACKING pc=0x00000250efbb4242 sp=0x00000087a53fe498 mode 0
Event: 115.359 Thread 0x00000250fdc3c120 DEOPT PACKING pc=0x00000250e99603a5 sp=0x00000087a53ff000
Event: 115.359 Thread 0x00000250fdc3c120 DEOPT UNPACKING pc=0x00000250efbb4242 sp=0x00000087a53fe498 mode 0
Event: 115.374 Thread 0x00000250fdc3c120 DEOPT PACKING pc=0x00000250e99603a5 sp=0x00000087a53ff000
Event: 115.374 Thread 0x00000250fdc3c120 DEOPT UNPACKING pc=0x00000250efbb4242 sp=0x00000087a53fe498 mode 0
Event: 115.443 Thread 0x00000250fdc3c120 DEOPT PACKING pc=0x00000250e99603a5 sp=0x00000087a53ff000
Event: 115.443 Thread 0x00000250fdc3c120 DEOPT UNPACKING pc=0x00000250efbb4242 sp=0x00000087a53fe498 mode 0
Event: 115.478 Thread 0x00000250fdc3c120 DEOPT PACKING pc=0x00000250e994fade sp=0x00000087a53fefd0
Event: 115.478 Thread 0x00000250fdc3c120 DEOPT UNPACKING pc=0x00000250efbb4242 sp=0x00000087a53fe4b0 mode 0
Event: 115.516 Thread 0x00000250fdc3c120 DEOPT PACKING pc=0x00000250e99603a5 sp=0x00000087a53ff000
Event: 115.516 Thread 0x00000250fdc3c120 DEOPT UNPACKING pc=0x00000250efbb4242 sp=0x00000087a53fe498 mode 0
Event: 115.523 Thread 0x00000250fdc3c120 DEOPT PACKING pc=0x00000250e99603a5 sp=0x00000087a53ff000
Event: 115.523 Thread 0x00000250fdc3c120 DEOPT UNPACKING pc=0x00000250efbb4242 sp=0x00000087a53fe498 mode 0
Event: 115.528 Thread 0x00000250fdc3c120 DEOPT PACKING pc=0x00000250e99603a5 sp=0x00000087a53ff000
Event: 115.528 Thread 0x00000250fdc3c120 DEOPT UNPACKING pc=0x00000250efbb4242 sp=0x00000087a53fe498 mode 0
Event: 115.540 Thread 0x00000250fdc3c120 DEOPT PACKING pc=0x00000250e994fade sp=0x00000087a53fefd0
Event: 115.540 Thread 0x00000250fdc3c120 DEOPT UNPACKING pc=0x00000250efbb4242 sp=0x00000087a53fe4b0 mode 0

Classes loaded (20 events):
Event: 32.160 Loading class sun/util/resources/cldr/TimeZoneNames_en
Event: 32.162 Loading class sun/util/resources/cldr/TimeZoneNames_en done
Event: 32.162 Loading class sun/util/resources/cldr/TimeZoneNames_en_US
Event: 32.162 Loading class sun/util/resources/cldr/TimeZoneNames_en_US done
Event: 32.163 Loading class sun/util/cldr/CLDRBaseLocaleDataMetaInfo$TZCanonicalIDMapHolder
Event: 32.165 Loading class sun/util/cldr/CLDRBaseLocaleDataMetaInfo$TZCanonicalIDMapHolder done
Event: 32.166 Loading class sun/util/resources/TimeZoneNames
Event: 32.166 Loading class sun/util/resources/TimeZoneNames done
Event: 32.167 Loading class sun/util/resources/TimeZoneNames_en
Event: 32.167 Loading class sun/util/resources/TimeZoneNames_en done
Event: 101.545 Loading class java/util/stream/ReduceOps$5
Event: 101.613 Loading class java/util/stream/ReduceOps$5 done
Event: 101.613 Loading class java/util/stream/ReduceOps$CountingSink$OfRef
Event: 101.622 Loading class java/util/stream/ReduceOps$CountingSink
Event: 101.624 Loading class java/util/stream/ReduceOps$CountingSink done
Event: 101.624 Loading class java/util/stream/ReduceOps$CountingSink$OfRef done
Event: 102.460 Loading class java/util/LinkedList$LLSpliterator
Event: 102.464 Loading class java/util/LinkedList$LLSpliterator done
Event: 102.743 Loading class javax/xml/transform/TransformerConfigurationException
Event: 102.747 Loading class javax/xml/transform/TransformerConfigurationException done

Classes unloaded (7 events):
Event: 6.050 Thread 0x00000250e3eec960 Unloading class 0x00000250811a7000 'java/lang/invoke/LambdaForm$MH+0x00000250811a7000'
Event: 6.050 Thread 0x00000250e3eec960 Unloading class 0x00000250811a6c00 'java/lang/invoke/LambdaForm$MH+0x00000250811a6c00'
Event: 6.050 Thread 0x00000250e3eec960 Unloading class 0x00000250811a6800 'java/lang/invoke/LambdaForm$MH+0x00000250811a6800'
Event: 6.050 Thread 0x00000250e3eec960 Unloading class 0x00000250811a6400 'java/lang/invoke/LambdaForm$MH+0x00000250811a6400'
Event: 6.050 Thread 0x00000250e3eec960 Unloading class 0x00000250811a6000 'java/lang/invoke/LambdaForm$BMH+0x00000250811a6000'
Event: 6.050 Thread 0x00000250e3eec960 Unloading class 0x00000250811a5c00 'java/lang/invoke/LambdaForm$DMH+0x00000250811a5c00'
Event: 6.050 Thread 0x00000250e3eec960 Unloading class 0x00000250811a4800 'java/lang/invoke/LambdaForm$DMH+0x00000250811a4800'

Classes redefined (0 events):
No events

Internal exceptions (20 events):
Event: 104.064 Thread 0x00000250ceb621c0 Implicit null exception at 0x00000250f05808bb to 0x00000250f0582438
Event: 104.502 Thread 0x00000250fdc3c120 Exception <a 'sun/nio/fs/WindowsException'{0x00000000d6359598}> (0x00000000d6359598) 
thrown [s\src\hotspot\share\prims\jni.cpp, line 520]
Event: 104.881 Thread 0x00000250fdc3c120 Exception <a 'sun/nio/fs/WindowsException'{0x00000000d62b36f8}> (0x00000000d62b36f8) 
thrown [s\src\hotspot\share\prims\jni.cpp, line 520]
Event: 105.200 Thread 0x00000250ceb621c0 Implicit null exception at 0x00000250f0584c08 to 0x00000250f05867e4
Event: 105.219 Thread 0x00000250ceb621c0 Implicit null exception at 0x00000250f055c1b9 to 0x00000250f055c714
Event: 105.368 Thread 0x00000250c5930fa0 Exception <a 'java/lang/ArrayIndexOutOfBoundsException'{0x00000000d5c3e7a8}> (0x00000000d5c3e7a8) 
thrown [s\src\hotspot\share\runtime\sharedRuntime.cpp, line 625]
Event: 105.368 Thread 0x00000250c5930fa0 Exception <a 'java/lang/ArrayIndexOutOfBoundsException'{0x00000000d5c3ee00}> (0x00000000d5c3ee00) 
thrown [s\src\hotspot\share\runtime\sharedRuntime.cpp, line 625]
Event: 105.368 Thread 0x00000250c5930fa0 Exception <a 'java/lang/ArrayIndexOutOfBoundsException'{0x00000000d5c3f1a8}> (0x00000000d5c3f1a8) 
thrown [s\src\hotspot\share\runtime\sharedRuntime.cpp, line 625]
Event: 106.992 Thread 0x00000250c5930fa0 Exception <a 'java/lang/ArrayIndexOutOfBoundsException'{0x00000000d55f78d8}> (0x00000000d55f78d8) 
thrown [s\src\hotspot\share\runtime\sharedRuntime.cpp, line 625]
Event: 106.992 Thread 0x00000250c5930fa0 Exception <a 'java/lang/ArrayIndexOutOfBoundsException'{0x00000000d55f7f30}> (0x00000000d55f7f30) 
thrown [s\src\hotspot\share\runtime\sharedRuntime.cpp, line 625]
Event: 106.992 Thread 0x00000250c5930fa0 Exception <a 'java/lang/ArrayIndexOutOfBoundsException'{0x00000000d55f82d8}> (0x00000000d55f82d8) 
thrown [s\src\hotspot\share\runtime\sharedRuntime.cpp, line 625]
Event: 107.646 Thread 0x00000250c5930fa0 Exception <a 'java/lang/ArrayIndexOutOfBoundsException'{0x00000000d5c54010}> (0x00000000d5c54010) 
thrown [s\src\hotspot\share\runtime\sharedRuntime.cpp, line 625]
Event: 107.646 Thread 0x00000250c5930fa0 Exception <a 'java/lang/ArrayIndexOutOfBoundsException'{0x00000000d5c54668}> (0x00000000d5c54668) 
thrown [s\src\hotspot\share\runtime\sharedRuntime.cpp, line 625]
Event: 107.646 Thread 0x00000250c5930fa0 Exception <a 'java/lang/ArrayIndexOutOfBoundsException'{0x00000000d5c54a10}> (0x00000000d5c54a10) 
thrown [s\src\hotspot\share\runtime\sharedRuntime.cpp, line 625]
Event: 109.751 Thread 0x00000250c5930fa0 Exception <a 'java/lang/ArrayIndexOutOfBoundsException'{0x00000000d5b02770}> (0x00000000d5b02770) 
thrown [s\src\hotspot\share\runtime\sharedRuntime.cpp, line 625]
Event: 109.751 Thread 0x00000250c5930fa0 Exception <a 'java/lang/ArrayIndexOutOfBoundsException'{0x00000000d5b02dc8}> (0x00000000d5b02dc8) 
thrown [s\src\hotspot\share\runtime\sharedRuntime.cpp, line 625]
Event: 109.751 Thread 0x00000250c5930fa0 Exception <a 'java/lang/ArrayIndexOutOfBoundsException'{0x00000000d5b03170}> (0x00000000d5b03170) 
thrown [s\src\hotspot\share\runtime\sharedRuntime.cpp, line 625]
Event: 115.147 Thread 0x00000250c5930fa0 Exception <a 'java/lang/IncompatibleClassChangeError'{0x00000000d6504348}: Found class java.lang.Object, but interface was expected> (0x00000000d6504348) 
thrown [s\src\hotspot\share\interpreter\linkResolver.cpp, line 840]
Event: 115.247 Thread 0x00000250fdc3c120 Exception <a 'sun/nio/fs/WindowsException'{0x00000000d657a618}> (0x00000000d657a618) 
thrown [s\src\hotspot\share\prims\jni.cpp, line 520]
Event: 115.249 Thread 0x00000250ceb62850 Exception <a 'java/lang/NoSuchMethodError'{0x00000000d65791f8}: 'java.lang.Object java.lang.invoke.DirectMethodHandle$Holder.invokeStatic(java.lang.Object, int, int, java.lang.Object)'> (0x00000000d65791f8) 
thrown [s\src\hotspot\share\interpreter\linkResolver.cpp, line 773]

ZGC Phase Switch (0 events):
No events

VM Operations (20 events):
Event: 106.088 Executing VM operation: Cleanup
Event: 106.088 Executing VM operation: Cleanup done
Event: 106.982 Executing VM operation: ParallelGCFailedAllocation (Allocation Failure)
Event: 106.983 Executing VM operation: ParallelGCFailedAllocation (Allocation Failure) done
Event: 108.271 Executing VM operation: ICBufferFull
Event: 108.272 Executing VM operation: ICBufferFull done
Event: 109.063 Executing VM operation: ParallelGCFailedAllocation (Allocation Failure)
Event: 109.065 Executing VM operation: ParallelGCFailedAllocation (Allocation Failure) done
Event: 110.065 Executing VM operation: Cleanup
Event: 110.065 Executing VM operation: Cleanup done
Event: 110.878 Executing VM operation: ParallelGCFailedAllocation (Allocation Failure)
Event: 110.881 Executing VM operation: ParallelGCFailedAllocation (Allocation Failure) done
Event: 111.883 Executing VM operation: Cleanup
Event: 111.883 Executing VM operation: Cleanup done
Event: 113.900 Executing VM operation: Cleanup
Event: 113.900 Executing VM operation: Cleanup done
Event: 114.900 Executing VM operation: Cleanup
Event: 114.901 Executing VM operation: Cleanup done
Event: 115.275 Executing VM operation: ParallelGCFailedAllocation (Allocation Failure)
Event: 115.294 Executing VM operation: ParallelGCFailedAllocation (Allocation Failure) done

Memory protections (0 events):
No events

Nmethod flushes (20 events):
Event: 16.016 Thread 0x00000250e3eec960 flushing  nmethod 0x00000250e8ed3190
Event: 16.016 Thread 0x00000250e3eec960 flushing  nmethod 0x00000250e8ed4a90
Event: 16.016 Thread 0x00000250e3eec960 flushing  nmethod 0x00000250e8ed5090
Event: 16.016 Thread 0x00000250e3eec960 flushing  nmethod 0x00000250e8ed8510
Event: 16.016 Thread 0x00000250e3eec960 flushing  nmethod 0x00000250e8ed8d10
Event: 16.016 Thread 0x00000250e3eec960 flushing  nmethod 0x00000250e8ee4690
Event: 16.016 Thread 0x00000250e3eec960 flushing  nmethod 0x00000250e8f11e90
Event: 16.016 Thread 0x00000250e3eec960 flushing  nmethod 0x00000250e8f12190
Event: 16.016 Thread 0x00000250e3eec960 flushing  nmethod 0x00000250e8f12a90
Event: 16.016 Thread 0x00000250e3eec960 flushing  nmethod 0x00000250e8f13510
Event: 16.016 Thread 0x00000250e3eec960 flushing  nmethod 0x00000250e8f38f90
Event: 16.016 Thread 0x00000250e3eec960 flushing  nmethod 0x00000250e8f39590
Event: 16.016 Thread 0x00000250e3eec960 flushing  nmethod 0x00000250e8f39d10
Event: 16.016 Thread 0x00000250e3eec960 flushing  nmethod 0x00000250e8f3a610
Event: 16.016 Thread 0x00000250e3eec960 flushing  nmethod 0x00000250e8f3c410
Event: 16.016 Thread 0x00000250e3eec960 flushing  nmethod 0x00000250e8f3ce90
Event: 16.016 Thread 0x00000250e3eec960 flushing  nmethod 0x00000250e8f3df90
Event: 16.016 Thread 0x00000250e3eec960 flushing  nmethod 0x00000250e8f3f310
Event: 16.016 Thread 0x00000250e3eec960 flushing  nmethod 0x00000250e8f42990
Event: 16.016 Thread 0x00000250e3eec960 flushing osr nmethod 0x00000250e8f4ac10

Events (20 events):
Event: 7.695 Thread 0x00000250e3e2d890 Thread added: 0x00000250c5930280
Event: 7.695 Thread 0x00000250e3e2d890 Thread added: 0x00000250c5930fa0
Event: 8.746 Thread 0x00000250fdc39330 Thread added: 0x00000250ceb614a0
Event: 8.746 Thread 0x00000250fdc39330 Thread added: 0x00000250ceb60e10
Event: 10.206 Thread 0x00000250fdc39330 Thread added: 0x00000250ceb5e020
Event: 10.597 Thread 0x00000250fdc39330 Thread added: 0x00000250ceb60780
Event: 11.056 Thread 0x00000250fe1dc490 Thread exited: 0x00000250fe1dc490
Event: 12.901 Thread 0x00000250fdc39330 Thread added: 0x00000250ceb61b30
Event: 14.789 Thread 0x00000250c5930fa0 Thread added: 0x00000250ceb621c0
Event: 16.172 Thread 0x00000250c5930fa0 Thread added: 0x00000250ceb5ed40
Event: 16.233 Thread 0x00000250c5930910 Thread added: 0x00000250ceb62850
Event: 17.640 Thread 0x00000250ceb62850 Thread added: 0x00000250ceb600f0
Event: 73.853 Thread 0x00000250ceb5e020 Thread exited: 0x00000250ceb5e020
Event: 76.179 Thread 0x00000250fdc3a6e0 Thread exited: 0x00000250fdc3a6e0
Event: 76.864 Thread 0x00000250c5930910 Thread exited: 0x00000250c5930910
Event: 76.866 Thread 0x00000250fdc3a050 Thread exited: 0x00000250fdc3a050
Event: 76.868 Thread 0x00000250fdc39330 Thread exited: 0x00000250fdc39330
Event: 77.051 Thread 0x00000250fdc3ba90 Thread exited: 0x00000250fdc3ba90
Event: 99.569 Thread 0x00000250fdc3b400 Thread added: 0x00000250ceb64fb0
Event: 102.171 Thread 0x00000250ceb64fb0 Thread added: 0x00000250ceb63c00


Dynamic libraries:
0x00007ff7b6110000 - 0x00007ff7b611e000 	c:\Users\hp\.vscode\extensions\redhat.java-1.45.0-win32-x64\jre\21.0.8-win32-x86_64\bin\java.exe
0x00007ff8701a0000 - 0x00007ff870409000 	C:\WINDOWS\SYSTEM32\ntdll.dll
0x00007ff86eec0000 - 0x00007ff86ef89000 	C:\WINDOWS\System32\KERNEL32.DLL
0x00007ff86d960000 - 0x00007ff86dd53000 	C:\WINDOWS\System32\KERNELBASE.dll
0x00007ff86d510000 - 0x00007ff86d65b000 	C:\WINDOWS\System32\ucrtbase.dll
0x00007ff82fac0000 - 0x00007ff82fade000 	c:\Users\hp\.vscode\extensions\redhat.java-1.45.0-win32-x64\jre\21.0.8-win32-x86_64\bin\VCRUNTIME140.dll
0x00007ff831100000 - 0x00007ff831118000 	c:\Users\hp\.vscode\extensions\redhat.java-1.45.0-win32-x64\jre\21.0.8-win32-x86_64\bin\jli.dll
0x00007ff86e4a0000 - 0x00007ff86e664000 	C:\WINDOWS\System32\USER32.dll
0x00007ff86d890000 - 0x00007ff86d8b7000 	C:\WINDOWS\System32\win32u.dll
0x00007ff86fb10000 - 0x00007ff86fb3b000 	C:\WINDOWS\System32\GDI32.dll
0x00007ff86d3e0000 - 0x00007ff86d50d000 	C:\WINDOWS\System32\gdi32full.dll
0x00007ff86d330000 - 0x00007ff86d3d3000 	C:\WINDOWS\System32\msvcp_win.dll
0x00007ff855fb0000 - 0x00007ff856243000 	C:\WINDOWS\WinSxS\amd64_microsoft.windows.common-controls_6595b64144ccf1df_6.0.26100.5074_none_3e0d6f78e32fd63f\COMCTL32.dll
0x00007ff86fb40000 - 0x00007ff86fbe9000 	C:\WINDOWS\System32\msvcrt.dll
0x00007ff86e730000 - 0x00007ff86e75f000 	C:\WINDOWS\System32\IMM32.DLL
0x00007ff846c50000 - 0x00007ff846c5c000 	c:\Users\hp\.vscode\extensions\redhat.java-1.45.0-win32-x64\jre\21.0.8-win32-x86_64\bin\vcruntime140_1.dll
0x00007fffe4120000 - 0x00007fffe41ad000 	c:\Users\hp\.vscode\extensions\redhat.java-1.45.0-win32-x64\jre\21.0.8-win32-x86_64\bin\msvcp140.dll
0x00007fffd0920000 - 0x00007fffd16b7000 	c:\Users\hp\.vscode\extensions\redhat.java-1.45.0-win32-x64\jre\21.0.8-win32-x86_64\bin\server\jvm.dll
0x00007ff86e670000 - 0x00007ff86e724000 	C:\WINDOWS\System32\ADVAPI32.dll
0x00007ff86e260000 - 0x00007ff86e306000 	C:\WINDOWS\System32\sechost.dll
0x00007ff86fe40000 - 0x00007ff86ff58000 	C:\WINDOWS\System32\RPCRT4.dll
0x00007ff86ffe0000 - 0x00007ff870054000 	C:\WINDOWS\System32\WS2_32.dll
0x00007ff8514d0000 - 0x00007ff851505000 	C:\WINDOWS\SYSTEM32\WINMM.dll
0x00007ff86d190000 - 0x00007ff86d1ee000 	C:\WINDOWS\SYSTEM32\POWRPROF.dll
0x00007ff860140000 - 0x00007ff86014b000 	C:\WINDOWS\SYSTEM32\VERSION.dll
0x00007ff86d170000 - 0x00007ff86d184000 	C:\WINDOWS\SYSTEM32\UMPDC.dll
0x00007ff86c110000 - 0x00007ff86c12b000 	C:\WINDOWS\SYSTEM32\kernel.appcore.dll
0x00007ff841050000 - 0x00007ff84105a000 	c:\Users\hp\.vscode\extensions\redhat.java-1.45.0-win32-x64\jre\21.0.8-win32-x86_64\bin\jimage.dll
0x00007ff86aa60000 - 0x00007ff86aca2000 	C:\WINDOWS\SYSTEM32\DBGHELP.DLL
0x00007ff86eff0000 - 0x00007ff86f36b000 	C:\WINDOWS\System32\combase.dll
0x00007ff86dfa0000 - 0x00007ff86e077000 	C:\WINDOWS\System32\OLEAUT32.dll
0x00007ff84d5e0000 - 0x00007ff84d61d000 	C:\WINDOWS\SYSTEM32\dbgcore.DLL
0x00007ff86d8c0000 - 0x00007ff86d959000 	C:\WINDOWS\System32\bcryptPrimitives.dll
0x00007ff865aa0000 - 0x00007ff865aaf000 	c:\Users\hp\.vscode\extensions\redhat.java-1.45.0-win32-x64\jre\21.0.8-win32-x86_64\bin\instrument.dll
0x00007ff82bee0000 - 0x00007ff82beff000 	c:\Users\hp\.vscode\extensions\redhat.java-1.45.0-win32-x64\jre\21.0.8-win32-x86_64\bin\java.dll
0x00007ff86e770000 - 0x00007ff86eebd000 	C:\WINDOWS\System32\SHELL32.dll
0x00007ff86d720000 - 0x00007ff86d88c000 	C:\WINDOWS\System32\wintypes.dll
0x00007ff86afd0000 - 0x00007ff86b829000 	C:\WINDOWS\SYSTEM32\windows.storage.dll
0x00007ff86e310000 - 0x00007ff86e400000 	C:\WINDOWS\System32\SHCORE.dll
0x00007ff870060000 - 0x00007ff8700c2000 	C:\WINDOWS\System32\shlwapi.dll
0x00007ff86d250000 - 0x00007ff86d279000 	C:\WINDOWS\SYSTEM32\profapi.dll
0x00007ff829a00000 - 0x00007ff829a18000 	c:\Users\hp\.vscode\extensions\redhat.java-1.45.0-win32-x64\jre\21.0.8-win32-x86_64\bin\zip.dll
0x00007ff865a90000 - 0x00007ff865aa0000 	C:\Users\hp\.vscode\extensions\redhat.java-1.45.0-win32-x64\jre\21.0.8-win32-x86_64\bin\net.dll
0x00007ff863960000 - 0x00007ff863a7f000 	C:\WINDOWS\SYSTEM32\WINHTTP.dll
0x00007ff86c690000 - 0x00007ff86c6fb000 	C:\WINDOWS\system32\mswsock.dll
0x00007ff865a70000 - 0x00007ff865a86000 	C:\Users\hp\.vscode\extensions\redhat.java-1.45.0-win32-x64\jre\21.0.8-win32-x86_64\bin\nio.dll
0x00007ff864140000 - 0x00007ff864150000 	c:\Users\hp\.vscode\extensions\redhat.java-1.45.0-win32-x64\jre\21.0.8-win32-x86_64\bin\verify.dll
0x00007ff824d50000 - 0x00007ff824d94000 	C:\Users\hp\AppData\Roaming\Code\User\globalStorage\redhat.java\1.45.0\config_win\org.eclipse.equinox.launcher\org.eclipse.equinox.launcher.win32.win32.x86_64_1.2.1400.v20250801-0854\eclipse_11916.dll
0x00007ff86f380000 - 0x00007ff86f518000 	C:\WINDOWS\System32\ole32.dll
0x00007ff86c930000 - 0x00007ff86c94b000 	C:\WINDOWS\SYSTEM32\CRYPTSP.dll
0x00007ff86c070000 - 0x00007ff86c0ab000 	C:\WINDOWS\system32\rsaenh.dll
0x00007ff86c730000 - 0x00007ff86c75b000 	C:\WINDOWS\SYSTEM32\USERENV.dll
0x00007ff86d220000 - 0x00007ff86d246000 	C:\WINDOWS\SYSTEM32\bcrypt.dll
0x00007ff86c950000 - 0x00007ff86c95c000 	C:\WINDOWS\SYSTEM32\CRYPTBASE.dll
0x00007ff86bb80000 - 0x00007ff86bbb4000 	C:\WINDOWS\SYSTEM32\IPHLPAPI.DLL
0x00007ff86f370000 - 0x00007ff86f37a000 	C:\WINDOWS\System32\NSI.dll
0x00007ff814510000 - 0x00007ff814559000 	C:\Users\hp\AppData\Local\Temp\jna-3336\jna11801424943770378836.dll
0x00007ff86fe30000 - 0x00007ff86fe38000 	C:\WINDOWS\System32\PSAPI.DLL
0x00007ff864350000 - 0x00007ff86436e000 	C:\WINDOWS\SYSTEM32\dhcpcsvc6.DLL
0x00007ff864320000 - 0x00007ff864343000 	C:\WINDOWS\SYSTEM32\dhcpcsvc.DLL

JVMTI agents:
c:\Users\hp\.vscode\extensions\redhat.java-1.45.0-win32-x64\lombok\lombok-1.18.39-4050.jar path:c:\Users\hp\.vscode\extensions\redhat.java-1.45.0-win32-x64\jre\21.0.8-win32-x86_64\bin\instrument.dll, loaded, initialized, instrumentlib options:none

dbghelp: loaded successfully - version: 4.0.5 - missing functions: none
symbol engine: initialized successfully - sym options: 0x614 - pdb path: .;c:\Users\hp\.vscode\extensions\redhat.java-1.45.0-win32-x64\jre\21.0.8-win32-x86_64\bin;C:\WINDOWS\SYSTEM32;C:\WINDOWS\WinSxS\amd64_microsoft.windows.common-controls_6595b64144ccf1df_6.0.26100.5074_none_3e0d6f78e32fd63f;c:\Users\hp\.vscode\extensions\redhat.java-1.45.0-win32-x64\jre\21.0.8-win32-x86_64\bin\server;C:\Users\hp\AppData\Roaming\Code\User\globalStorage\redhat.java\1.45.0\config_win\org.eclipse.equinox.launcher\org.eclipse.equinox.launcher.win32.win32.x86_64_1.2.1400.v20250801-0854;C:\Users\hp\AppData\Local\Temp\jna-3336

VM Arguments:
jvm_args: --add-modules=ALL-SYSTEM --add-opens=java.base/java.util=ALL-UNNAMED --add-opens=java.base/java.lang=ALL-UNNAMED --add-opens=java.base/sun.nio.fs=ALL-UNNAMED -Declipse.application=org.eclipse.jdt.ls.core.id1 -Dosgi.bundles.defaultStartLevel=4 -Declipse.product=org.eclipse.jdt.ls.core.product -Djava.import.generatesMetadataFilesAtProjectRoot=false -DDetectVMInstallationsJob.disabled=true -Dfile.encoding=utf8 -XX:+UseParallelGC -XX:GCTimeRatio=4 -XX:AdaptiveSizePolicyWeight=90 -Dsun.zip.disableMemoryMapping=true -Xmx2G -Xms100m -Xlog:disable -javaagent:c:\Users\hp\.vscode\extensions\redhat.java-1.45.0-win32-x64\lombok\lombok-1.18.39-4050.jar -XX:+HeapDumpOnOutOfMemoryError -XX:HeapDumpPath=c:\Users\hp\AppData\Roaming\Code\User\workspaceStorage\314233e027ade1efa6ded64e5f5a4286\redhat.java -Daether.dependencyCollector.impl=bf 
java_command: c:\Users\hp\.vscode\extensions\redhat.java-1.45.0-win32-x64\server\plugins\org.eclipse.equinox.launcher_1.7.0.v20250519-0528.jar -configuration c:\Users\hp\AppData\Roaming\Code\User\globalStorage\redhat.java\1.45.0\config_win -data c:\Users\hp\AppData\Roaming\Code\User\workspaceStorage\314233e027ade1efa6ded64e5f5a4286\redhat.java\jdt_ws --pipe=\\.\pipe\lsp-8161c94e1eb78e2c674245a0aea982ba-sock
java_class_path (initial): c:\Users\hp\.vscode\extensions\redhat.java-1.45.0-win32-x64\server\plugins\org.eclipse.equinox.launcher_1.7.0.v20250519-0528.jar
Launcher Type: SUN_STANDARD

[Global flags]
    uintx AdaptiveSizePolicyWeight                 = 90                                        {product} {command line}
     intx CICompilerCount                          = 3                                         {product} {ergonomic}
    uintx GCTimeRatio                              = 4                                         {product} {command line}
     bool HeapDumpOnOutOfMemoryError               = true                                   {manageable} {command line}
    ccstr HeapDumpPath                             = c:\Users\hp\AppData\Roaming\Code\User\workspaceStorage\314233e027ade1efa6ded64e5f5a4286\redhat.java         {manageable} {command line}
   size_t InitialHeapSize                          = 104857600                                 {product} {command line}
   size_t MaxHeapSize                              = 2147483648                                {product} {command line}
   size_t MaxNewSize                               = 715653120                                 {product} {ergonomic}
   size_t MinHeapDeltaBytes                        = 524288                                    {product} {ergonomic}
   size_t MinHeapSize                              = 104857600                                 {product} {command line}
   size_t NewSize                                  = 34603008                                  {product} {ergonomic}
    uintx NonNMethodCodeHeapSize                   = 5832780                                {pd product} {ergonomic}
    uintx NonProfiledCodeHeapSize                  = 122912730                              {pd product} {ergonomic}
   size_t OldSize                                  = 70254592                                  {product} {ergonomic}
    uintx ProfiledCodeHeapSize                     = 122912730                              {pd product} {ergonomic}
    uintx ReservedCodeCacheSize                    = 251658240                              {pd product} {ergonomic}
     bool SegmentedCodeCache                       = true                                      {product} {ergonomic}
   size_t SoftMaxHeapSize                          = 2147483648                             {manageable} {ergonomic}
     bool UseCompressedOops                        = true                           {product lp64_product} {ergonomic}
     bool UseLargePagesIndividualAllocation        = false                                  {pd product} {ergonomic}
     bool UseParallelGC                            = true                                      {product} {command line}

Logging:
Log output configuration:
 #0: stdout all=off uptime,level,tags foldmultilines=false
 #1: stderr all=off uptime,level,tags foldmultilines=false

Environment Variables:
PATH=C:\Program Files\Common Files\Oracle\Java\javapath;C:\WINDOWS\system32;C:\WINDOWS;C:\WINDOWS\System32\Wbem;C:\WINDOWS\System32\WindowsPowerShell\v1.0\;C:\WINDOWS\System32\OpenSSH\;C:\xampp\php;C:\ProgramData\ComposerSetup\bin;C:\Program Files\Microsoft SQL Server\Client SDK\ODBC\170\Tools\Binn\;C:\Program Files (x86)\Microsoft SQL Server\150\Tools\Binn\;C:\Program Files\Microsoft SQL Server\150\Tools\Binn\;C:\Program Files\Microsoft SQL Server\150\DTS\Binn\;C:\Program Files\dotnet\;C:\Program Files\Microsoft SQL Server\130\Tools\Binn\;C:\Program Files (x86)\Microsoft SQL Server\160\DTS\Binn\;C:\Program Files\Azure Data Studio\bin;C:\Program Files\nodejs\;C:\Program Files\Git\cmd;C:\Program Files\Java\jdk-25\bin;C:\Users\hp\AppData\Local\Programs\Python\Python313\Scripts\;C:\Users\hp\AppData\Local\Programs\Python\Python313\;C:\Users\hp\AppData\Local\Microsoft\WindowsApps;;C:\Users\hp\AppData\Local\Programs\Microsoft VS Code\bin;C:\Users\hp\AppData\Roaming\Composer\vendor\bin;C:\Program Files\Azure Data Studio\bin;C:\Users\hp\AppData\Roaming\npm
USERNAME=hp
OS=Windows_NT
PROCESSOR_IDENTIFIER=Intel64 Family 6 Model 142 Stepping 12, GenuineIntel
TMP=C:\Users\hp\AppData\Local\Temp
TEMP=C:\Users\hp\AppData\Local\Temp




Periodic native trim disabled

---------------  S Y S T E M  ---------------

OS:
 Windows 11 , 64 bit Build 26100 (10.0.26100.5074)
OS uptime: 1 days 6:47 hours

CPU: total 4 (initial active 4) (2 cores per cpu, 2 threads per core) family 6 model 142 stepping 12 microcode 0xec, cx8, cmov, fxsr, ht, mmx, 3dnowpref, sse, sse2, sse3, ssse3, sse4.1, sse4.2, popcnt, lzcnt, tsc, tscinvbit, avx, avx2, aes, erms, clmul, bmi1, bmi2, adx, fma, vzeroupper, clflush, clflushopt, rdtscp, f16c
Processor Information for the first 4 processors :
  Max Mhz: 2592, Current Mhz: 2093, Mhz Limit: 2073

Memory: 4k page, system-wide physical 3919M (231M free)
TotalPageFile size 14494M (AvailPageFile size 70M)
current process WorkingSet (physical memory assigned to process): 149M, peak: 246M
current process commit charge ("private bytes"): 351M, peak: 367M

vm_info: OpenJDK 64-Bit Server VM (21.0.8+9-LTS) for windows-amd64 JRE (21.0.8+9-LTS), built on 2025-07-15T00:00:00Z by "admin" with MS VC++ 17.7 (VS2022)

END.
