#
# There is insufficient memory for the Java Runtime Environment to continue.
# Native memory allocation (malloc) failed to allocate 1048576 bytes. Error detail: AllocateHeap
# Possible reasons:
#   The system is out of physical RAM or swap space
#   This process is running with CompressedOops enabled, and the Java Heap may be blocking the growth of the native heap
# Possible solutions:
#   Reduce memory load on the system
#   Increase physical memory or swap space
#   Check if swap backing store is full
#   Decrease Java heap size (-Xmx/-Xms)
#   Decrease number of Java threads
#   Decrease Java thread stack sizes (-Xss)
#   Set larger code cache with -XX:ReservedCodeCacheSize=
#   JVM is running with Unscaled Compressed Oops mode in which the Java heap is
#     placed in the first 4GB address space. The Java Heap base address is the
#     maximum limit for the native heap growth. Please use -XX:HeapBaseMinAddress
#     to set the Java Heap base and to place the Java Heap above 4GB virtual address.
# This output file may be truncated or incomplete.
#
#  Out of Memory Error (allocation.cpp:44), pid=14460, tid=6956
#
# JRE version: OpenJDK Runtime Environment Temurin-21.0.8+9 (21.0.8+9) (build 21.0.8+9-LTS)
# Java VM: OpenJDK 64-Bit Server VM Temurin-21.0.8+9 (21.0.8+9-LTS, mixed mode, sharing, tiered, compressed oops, compressed class ptrs, parallel gc, windows-amd64)
# No core dump will be written. Minidumps are not enabled by default on client versions of Windows
#

---------------  S U M M A R Y ------------

Command Line: --add-modules=ALL-SYSTEM --add-opens=java.base/java.util=ALL-UNNAMED --add-opens=java.base/java.lang=ALL-UNNAMED --add-opens=java.base/sun.nio.fs=ALL-UNNAMED -Declipse.application=org.eclipse.jdt.ls.core.id1 -Dosgi.bundles.defaultStartLevel=4 -Declipse.product=org.eclipse.jdt.ls.core.product -Djava.import.generatesMetadataFilesAtProjectRoot=false -DDetectVMInstallationsJob.disabled=true -Dfile.encoding=utf8 -XX:+UseParallelGC -XX:GCTimeRatio=4 -XX:AdaptiveSizePolicyWeight=90 -Dsun.zip.disableMemoryMapping=true -Xmx2G -Xms100m -Xlog:disable -javaagent:c:\Users\hp\.vscode\extensions\redhat.java-1.45.0-win32-x64\lombok\lombok-1.18.39-4050.jar -XX:+HeapDumpOnOutOfMemoryError -XX:HeapDumpPath=c:\Users\hp\AppData\Roaming\Code\User\workspaceStorage\314233e027ade1efa6ded64e5f5a4286\redhat.java -Daether.dependencyCollector.impl=bf c:\Users\hp\.vscode\extensions\redhat.java-1.45.0-win32-x64\server\plugins\org.eclipse.equinox.launcher_1.7.0.v20250519-0528.jar -configuration c:\Users\hp\AppData\Roaming\Code\User\globalStorage\redhat.java\1.45.0\config_win -data c:\Users\hp\AppData\Roaming\Code\User\workspaceStorage\314233e027ade1efa6ded64e5f5a4286\redhat.java\jdt_ws --pipe=\\.\pipe\lsp-0a10059dde99dfb44bbb68f2bb225e33-sock

Host: Intel(R) Core(TM) i3-10110U CPU @ 2.10GHz, 4 cores, 3G,  Windows 11 , 64 bit Build 26100 (10.0.26100.5074)
Time: Thu Sep 25 22:16:01 2025 SE Asia Standard Time elapsed time: 473.726767 seconds (0d 0h 7m 53s)

---------------  T H R E A D  ---------------

Current thread (0x000001c1f8288bb0):  JavaThread "Attach Listener" daemon [_thread_in_vm, id=6956, stack(0x0000007e8bc00000,0x0000007e8bd00000) (1024K)]

Stack: [0x0000007e8bc00000,0x0000007e8bd00000]
Native frames: (J=compiled Java code, j=interpreted, Vv=VM code, C=native code)
V  [jvm.dll+0x6d2449]
V  [jvm.dll+0x8ae341]
V  [jvm.dll+0x8b08be]
V  [jvm.dll+0x8b0fa3]
V  [jvm.dll+0x280c96]
V  [jvm.dll+0xc0347]
V  [jvm.dll+0x6d2cf9]
V  [jvm.dll+0x131116]
V  [jvm.dll+0x3f2d16]
V  [jvm.dll+0x857e6b]
V  [jvm.dll+0x6d0b0d]
C  [ucrtbase.dll+0x37b0]
C  [KERNEL32.DLL+0x2e8d7]
C  [ntdll.dll+0x8d9c]


---------------  P R O C E S S  ---------------

Threads class SMR info:
_java_thread_list=0x000001c1e0b67c60, length=35, elements={
0x000001c1f838b210, 0x000001c1f8278680, 0x000001c1f827b850, 0x000001c1f8287bb0,
0x000001c1f8288bb0, 0x000001c1f828c230, 0x000001c1f8295670, 0x000001c1f829ec00,
0x000001c1f82bf5c0, 0x000001c1f82935a0, 0x000001c1f82921f0, 0x000001c1f8292880,
0x000001c1f8292f10, 0x000001c1f8293c30, 0x000001c1f82942c0, 0x000001c1f8294950,
0x000001c1f8294fe0, 0x000001c1d5c282a0, 0x000001c1d5c28fc0, 0x000001c1d5c29ce0,
0x000001c1d5c2b090, 0x000001c1d5c2de80, 0x000001c1d5c2d7f0, 0x000001c1d5c2b720,
0x000001c1d5c2aa00, 0x000001c1d5c2e510, 0x000001c1d5c2bdb0, 0x000001c1d5c2c440,
0x000001c1d7905700, 0x000001c1d7905070, 0x000001c1d7909210, 0x000001c1d7902280,
0x000001c1d7902910, 0x000001c1d7907e60, 0x000001c1d7907140
}

Java Threads: ( => current thread )
  0x000001c1f838b210 JavaThread "main"                              [_thread_blocked, id=23000, stack(0x0000007e8b500000,0x0000007e8b600000) (1024K)]
  0x000001c1f8278680 JavaThread "Reference Handler"          daemon [_thread_blocked, id=18792, stack(0x0000007e8b900000,0x0000007e8ba00000) (1024K)]
  0x000001c1f827b850 JavaThread "Finalizer"                  daemon [_thread_blocked, id=588, stack(0x0000007e8ba00000,0x0000007e8bb00000) (1024K)]
  0x000001c1f8287bb0 JavaThread "Signal Dispatcher"          daemon [_thread_blocked, id=20632, stack(0x0000007e8bb00000,0x0000007e8bc00000) (1024K)]
=>0x000001c1f8288bb0 JavaThread "Attach Listener"            daemon [_thread_in_vm, id=6956, stack(0x0000007e8bc00000,0x0000007e8bd00000) (1024K)]
  0x000001c1f828c230 JavaThread "Service Thread"             daemon [_thread_blocked, id=20816, stack(0x0000007e8bd00000,0x0000007e8be00000) (1024K)]
  0x000001c1f8295670 JavaThread "Monitor Deflation Thread"   daemon [_thread_blocked, id=9240, stack(0x0000007e8be00000,0x0000007e8bf00000) (1024K)]
  0x000001c1f829ec00 JavaThread "C2 CompilerThread0"         daemon [_thread_blocked, id=9500, stack(0x0000007e8bf00000,0x0000007e8c000000) (1024K)]
  0x000001c1f82bf5c0 JavaThread "C1 CompilerThread0"         daemon [_thread_blocked, id=19288, stack(0x0000007e8c000000,0x0000007e8c100000) (1024K)]
  0x000001c1f82935a0 JavaThread "Common-Cleaner"             daemon [_thread_blocked, id=17832, stack(0x0000007e8c100000,0x0000007e8c200000) (1024K)]
  0x000001c1f82921f0 JavaThread "Notification Thread"        daemon [_thread_blocked, id=10700, stack(0x0000007e8c200000,0x0000007e8c300000) (1024K)]
  0x000001c1f8292880 JavaThread "Active Thread: Equinox Container: 90655ba2-d2dd-4777-9d6a-46593a6013be"        [_thread_blocked, id=18964, stack(0x0000007e8c600000,0x0000007e8c700000) (1024K)]
  0x000001c1f8292f10 JavaThread "Refresh Thread: Equinox Container: 90655ba2-d2dd-4777-9d6a-46593a6013be" daemon [_thread_blocked, id=10768, stack(0x0000007e8c700000,0x0000007e8c800000) (1024K)]
  0x000001c1f8293c30 JavaThread "Framework Event Dispatcher: Equinox Container: 90655ba2-d2dd-4777-9d6a-46593a6013be" daemon [_thread_blocked, id=8856, stack(0x0000007e8c800000,0x0000007e8c900000) (1024K)]
  0x000001c1f82942c0 JavaThread "Start Level: Equinox Container: 90655ba2-d2dd-4777-9d6a-46593a6013be" daemon [_thread_blocked, id=10440, stack(0x0000007e8c900000,0x0000007e8ca00000) (1024K)]
  0x000001c1f8294950 JavaThread "Bundle File Closer"         daemon [_thread_blocked, id=24796, stack(0x0000007e8ca00000,0x0000007e8cb00000) (1024K)]
  0x000001c1f8294fe0 JavaThread "SCR Component Actor"        daemon [_thread_blocked, id=25504, stack(0x0000007e8cb00000,0x0000007e8cc00000) (1024K)]
  0x000001c1d5c282a0 JavaThread "Worker-JM"                         [_thread_blocked, id=16948, stack(0x0000007e8cd00000,0x0000007e8ce00000) (1024K)]
  0x000001c1d5c28fc0 JavaThread "JNA Cleaner"                daemon [_thread_blocked, id=25444, stack(0x0000007e8ce00000,0x0000007e8cf00000) (1024K)]
  0x000001c1d5c29ce0 JavaThread "Java indexing"              daemon [_thread_blocked, id=23052, stack(0x0000007e8d200000,0x0000007e8d300000) (1024K)]
  0x000001c1d5c2b090 JavaThread "Thread-2"                   daemon [_thread_in_native, id=24088, stack(0x0000007e8d900000,0x0000007e8da00000) (1024K)]
  0x000001c1d5c2de80 JavaThread "Thread-3"                   daemon [_thread_in_native, id=18308, stack(0x0000007e8da00000,0x0000007e8db00000) (1024K)]
  0x000001c1d5c2d7f0 JavaThread "Thread-4"                   daemon [_thread_in_native, id=3512, stack(0x0000007e8db00000,0x0000007e8dc00000) (1024K)]
  0x000001c1d5c2b720 JavaThread "Thread-5"                   daemon [_thread_in_native, id=25572, stack(0x0000007e8dc00000,0x0000007e8dd00000) (1024K)]
  0x000001c1d5c2aa00 JavaThread "Thread-6"                   daemon [_thread_in_native, id=19036, stack(0x0000007e8dd00000,0x0000007e8de00000) (1024K)]
  0x000001c1d5c2e510 JavaThread "pool-2-thread-1"                   [_thread_blocked, id=8696, stack(0x0000007e8de00000,0x0000007e8df00000) (1024K)]
  0x000001c1d5c2bdb0 JavaThread "WorkspaceEventsHandler"            [_thread_blocked, id=10576, stack(0x0000007e8df00000,0x0000007e8e000000) (1024K)]
  0x000001c1d5c2c440 JavaThread "pool-1-thread-1"                   [_thread_blocked, id=12620, stack(0x0000007e8e000000,0x0000007e8e100000) (1024K)]
  0x000001c1d7905700 JavaThread "Compiler Source File Reader" daemon [_thread_blocked, id=19176, stack(0x0000007e8e100000,0x0000007e8e200000) (1024K)]
  0x000001c1d7905070 JavaThread "Compiler Source File Reader" daemon [_thread_blocked, id=15516, stack(0x0000007e8e200000,0x0000007e8e300000) (1024K)]
  0x000001c1d7909210 JavaThread "Cleaner-0"                  daemon [_thread_blocked, id=25200, stack(0x0000007e8e800000,0x0000007e8e900000) (1024K)]
  0x000001c1d7902280 JavaThread "ForkJoinPool.commonPool-worker-4" daemon [_thread_blocked, id=16648, stack(0x0000007e8b200000,0x0000007e8b300000) (1024K)]
  0x000001c1d7902910 JavaThread "ForkJoinPool.commonPool-worker-6" daemon [_thread_blocked, id=9260, stack(0x0000007e8cc00000,0x0000007e8cd00000) (1024K)]
  0x000001c1d7907e60 JavaThread "Worker-8"                          [_thread_blocked, id=9880, stack(0x0000007e8d400000,0x0000007e8d500000) (1024K)]
  0x000001c1d7907140 JavaThread "Worker-9"                          [_thread_blocked, id=4880, stack(0x0000007e8cf00000,0x0000007e8d000000) (1024K)]
Total: 35

Other Threads:
  0x000001c1f844c540 VMThread "VM Thread"                           [id=24392, stack(0x0000007e8b800000,0x0000007e8b900000) (1024K)]
  0x000001c1f821ca00 WatcherThread "VM Periodic Task Thread"        [id=13740, stack(0x0000007e8b700000,0x0000007e8b800000) (1024K)]
  0x000001c1f83a9940 WorkerThread "GC Thread#0"                     [id=12824, stack(0x0000007e8b600000,0x0000007e8b700000) (1024K)]
  0x000001c1d0ce6c60 WorkerThread "GC Thread#1"                     [id=22984, stack(0x0000007e8c300000,0x0000007e8c400000) (1024K)]
  0x000001c1d50708c0 WorkerThread "GC Thread#2"                     [id=19088, stack(0x0000007e8c400000,0x0000007e8c500000) (1024K)]
  0x000001c1d5070c60 WorkerThread "GC Thread#3"                     [id=15416, stack(0x0000007e8c500000,0x0000007e8c600000) (1024K)]
Total: 6

Threads with active compile tasks:
Total: 0

VM state: not at safepoint (normal execution)

VM Mutex/Monitor currently owned by a thread: None

Heap address: 0x0000000080000000, size: 2048 MB, Compressed Oops mode: 32-bit

CDS archive(s) mapped at: [0x000001c18f000000-0x000001c18fba0000-0x000001c18fba0000), size 12189696, SharedBaseAddress: 0x000001c18f000000, ArchiveRelocationMode: 1.
Compressed class space mapped at: 0x000001c190000000-0x000001c1d0000000, reserved size: 1073741824
Narrow klass base: 0x000001c18f000000, Narrow klass shift: 0, Narrow klass range: 0x100000000

GC Precious Log:
 CardTable entry size: 512
 CPUs: 4 total, 4 available
 Memory: 3919M
 Large Page Support: Disabled
 NUMA Support: Disabled
 Compressed Oops: Enabled (32-bit)
 Alignments: Space 512K, Generation 512K, Heap 2M
 Heap Min Capacity: 100M
 Heap Initial Capacity: 100M
 Heap Max Capacity: 2G
 Pre-touch: Disabled
 Parallel Workers: 4

Heap:
 PSYoungGen      total 2048K, used 954K [0x00000000d5580000, 0x00000000d5b80000, 0x0000000100000000)
  eden space 1536K, 53% used [0x00000000d5580000,0x00000000d564ebe8,0x00000000d5700000)
  from space 512K, 25% used [0x00000000d5a80000,0x00000000d5aa0000,0x00000000d5b00000)
  to   space 512K, 0% used [0x00000000d5b00000,0x00000000d5b00000,0x00000000d5b80000)
 ParOldGen       total 117248K, used 116805K [0x0000000080000000, 0x0000000087280000, 0x00000000d5580000)
  object space 117248K, 99% used [0x0000000080000000,0x0000000087211770,0x0000000087280000)
 Metaspace       used 70137K, committed 71552K, reserved 1114112K
  class space    used 7257K, committed 7872K, reserved 1048576K

Card table byte_map: [0x000001c1f7d30000,0x000001c1f8140000] _byte_map_base: 0x000001c1f7930000

Marking Bits: (ParMarkBitMap*) 0x00007fffd15da340
 Begin Bits: [0x000001c1fb830000, 0x000001c1fd830000)
 End Bits:   [0x000001c1fd830000, 0x000001c1ff830000)

Polling page: 0x000001c1f61a0000

Metaspace:

Usage:
  Non-class:     61.41 MB used.
      Class:      7.09 MB used.
       Both:     68.49 MB used.

Virtual space:
  Non-class space:       64.00 MB reserved,      62.19 MB ( 97%) committed,  1 nodes.
      Class space:        1.00 GB reserved,       7.69 MB ( <1%) committed,  1 nodes.
             Both:        1.06 GB reserved,      69.88 MB (  6%) committed. 

Chunk freelists:
   Non-Class:  1.75 MB
       Class:  8.30 MB
        Both:  10.05 MB

MaxMetaspaceSize: unlimited
CompressedClassSpaceSize: 1.00 GB
Initial GC threshold: 21.00 MB
Current GC threshold: 97.31 MB
CDS: on
 - commit_granule_bytes: 65536.
 - commit_granule_words: 8192.
 - virtual_space_node_default_size: 8388608.
 - enlarge_chunks_in_place: 1.
 - use_allocation_guard: 0.


Internal statistics:

num_allocs_failed_limit: 11.
num_arena_births: 1168.
num_arena_deaths: 24.
num_vsnodes_births: 2.
num_vsnodes_deaths: 0.
num_space_committed: 1118.
num_space_uncommitted: 0.
num_chunks_returned_to_freelist: 38.
num_chunks_taken_from_freelist: 4628.
num_chunk_merges: 16.
num_chunk_splits: 2755.
num_chunks_enlarged: 1486.
num_inconsistent_stats: 0.

CodeHeap 'non-profiled nmethods': size=120000Kb used=9709Kb max_used=9709Kb free=110290Kb
 bounds [0x000001c187ad0000, 0x000001c188450000, 0x000001c18f000000]
CodeHeap 'profiled nmethods': size=120000Kb used=29057Kb max_used=29057Kb free=90942Kb
 bounds [0x000001c180000000, 0x000001c181c70000, 0x000001c187530000]
CodeHeap 'non-nmethods': size=5760Kb used=1462Kb max_used=1559Kb free=4297Kb
 bounds [0x000001c187530000, 0x000001c1877a0000, 0x000001c187ad0000]
CodeCache: size=245760Kb, used=40228Kb, max_used=40325Kb, free=205529Kb
 total_blobs=12923, nmethods=12148, adapters=677, full_count=0
Compilation: enabled, stopped_count=0, restarted_count=0

Compilation events (20 events):
Event: 406.585 Thread 0x000001c1f82bf5c0 12878       3       org.eclipse.jdt.core.dom.ClassInstanceCreation::accept0 (92 bytes)
Event: 406.587 Thread 0x000001c1f82bf5c0 nmethod 12878 0x000001c181c5a510 code [0x000001c181c5a7a0, 0x000001c181c5b028]
Event: 406.929 Thread 0x000001c1f829ec00 12879   !   4       org.eclipse.jdt.core.dom.QualifiedName::getName (60 bytes)
Event: 406.930 Thread 0x000001c1f829ec00 nmethod 12879 0x000001c188436c90 code [0x000001c188436e20, 0x000001c188436ed0]
Event: 406.970 Thread 0x000001c1f82bf5c0 12880   !   3       org.eclipse.jdt.ls.core.internal.JDTUtils::toURI (64 bytes)
Event: 406.977 Thread 0x000001c1f829ec00 12884   !   4       org.eclipse.jdt.internal.core.util.Util::getUnresolvedJavaElement (574 bytes)
Event: 406.981 Thread 0x000001c1f82bf5c0 nmethod 12880 0x000001c181c5b390 code [0x000001c181c5b6a0, 0x000001c181c5c550]
Event: 406.981 Thread 0x000001c1f82bf5c0 12881       1       org.eclipse.jdt.core.dom.ASTVisitor::visit (2 bytes)
Event: 406.981 Thread 0x000001c1f82bf5c0 nmethod 12881 0x000001c188436f90 code [0x000001c188437120, 0x000001c1884371e8]
Event: 406.981 Thread 0x000001c1f82bf5c0 12882       1       org.eclipse.jdt.core.dom.ASTVisitor::visit (2 bytes)
Event: 406.981 Thread 0x000001c1f82bf5c0 nmethod 12882 0x000001c188437290 code [0x000001c188437420, 0x000001c1884374e8]
Event: 406.981 Thread 0x000001c1f82bf5c0 12883       1       org.eclipse.jdt.core.dom.ASTVisitor::visit (2 bytes)
Event: 406.981 Thread 0x000001c1f82bf5c0 nmethod 12883 0x000001c188437590 code [0x000001c188437720, 0x000001c1884377e8]
Event: 407.118 Thread 0x000001c1f82bf5c0 12886   !   3       org.eclipse.jdt.ls.core.internal.JDTUtils::findResource (319 bytes)
Event: 407.211 Thread 0x000001c1f82bf5c0 nmethod 12886 0x000001c181c5cc90 code [0x000001c181c5d1c0, 0x000001c181c5f5b0]
Event: 407.699 Thread 0x000001c1f829ec00 nmethod 12884 0x000001c188437890 code [0x000001c188438020, 0x000001c18843e200]
Event: 407.700 Thread 0x000001c1f829ec00 12887   !   4       org.eclipse.jdt.core.dom.QualifiedName::getQualifier (60 bytes)
Event: 407.700 Thread 0x000001c1f829ec00 nmethod 12887 0x000001c188442190 code [0x000001c188442320, 0x000001c1884423d0]
Event: 407.700 Thread 0x000001c1f829ec00 12885       4       org.eclipse.jdt.internal.core.util.Util::getPackageFragment (229 bytes)
Event: 407.897 Thread 0x000001c1f829ec00 nmethod 12885 0x000001c188442490 code [0x000001c188442b60, 0x000001c188447da0]

GC Heap History (20 events):
Event: 382.446 GC heap before
{Heap before GC invocations=97 (full 3):
 PSYoungGen      total 2560K, used 1728K [0x00000000d5580000, 0x00000000d5b80000, 0x0000000100000000)
  eden space 1536K, 100% used [0x00000000d5580000,0x00000000d5700000,0x00000000d5700000)
  from space 1024K, 18% used [0x00000000d5980000,0x00000000d59b0000,0x00000000d5a80000)
  to   space 512K, 0% used [0x00000000d5b00000,0x00000000d5b00000,0x00000000d5b80000)
 ParOldGen       total 116224K, used 115764K [0x0000000080000000, 0x0000000087180000, 0x00000000d5580000)
  object space 116224K, 99% used [0x0000000080000000,0x000000008710d190,0x0000000087180000)
 Metaspace       used 70068K, committed 71488K, reserved 1114112K
  class space    used 7253K, committed 7872K, reserved 1048576K
}
Event: 382.447 GC heap after
{Heap after GC invocations=97 (full 3):
 PSYoungGen      total 2048K, used 224K [0x00000000d5580000, 0x00000000d5b80000, 0x0000000100000000)
  eden space 1536K, 0% used [0x00000000d5580000,0x00000000d5580000,0x00000000d5700000)
  from space 512K, 43% used [0x00000000d5b00000,0x00000000d5b38000,0x00000000d5b80000)
  to   space 512K, 0% used [0x00000000d5a80000,0x00000000d5a80000,0x00000000d5b00000)
 ParOldGen       total 116224K, used 115916K [0x0000000080000000, 0x0000000087180000, 0x00000000d5580000)
  object space 116224K, 99% used [0x0000000080000000,0x0000000087133190,0x0000000087180000)
 Metaspace       used 70068K, committed 71488K, reserved 1114112K
  class space    used 7253K, committed 7872K, reserved 1048576K
}
Event: 385.005 GC heap before
{Heap before GC invocations=98 (full 3):
 PSYoungGen      total 2048K, used 1760K [0x00000000d5580000, 0x00000000d5b80000, 0x0000000100000000)
  eden space 1536K, 100% used [0x00000000d5580000,0x00000000d5700000,0x00000000d5700000)
  from space 512K, 43% used [0x00000000d5b00000,0x00000000d5b38000,0x00000000d5b80000)
  to   space 512K, 0% used [0x00000000d5a80000,0x00000000d5a80000,0x00000000d5b00000)
 ParOldGen       total 116224K, used 115916K [0x0000000080000000, 0x0000000087180000, 0x00000000d5580000)
  object space 116224K, 99% used [0x0000000080000000,0x0000000087133190,0x0000000087180000)
 Metaspace       used 70075K, committed 71552K, reserved 1114112K
  class space    used 7253K, committed 7872K, reserved 1048576K
}
Event: 385.007 GC heap after
{Heap after GC invocations=98 (full 3):
 PSYoungGen      total 2048K, used 176K [0x00000000d5580000, 0x00000000d5b80000, 0x0000000100000000)
  eden space 1536K, 0% used [0x00000000d5580000,0x00000000d5580000,0x00000000d5700000)
  from space 512K, 34% used [0x00000000d5a80000,0x00000000d5aac010,0x00000000d5b00000)
  to   space 512K, 0% used [0x00000000d5b00000,0x00000000d5b00000,0x00000000d5b80000)
 ParOldGen       total 116224K, used 116073K [0x0000000080000000, 0x0000000087180000, 0x00000000d5580000)
  object space 116224K, 99% used [0x0000000080000000,0x000000008715a410,0x0000000087180000)
 Metaspace       used 70075K, committed 71552K, reserved 1114112K
  class space    used 7253K, committed 7872K, reserved 1048576K
}
Event: 385.023 GC heap before
{Heap before GC invocations=99 (full 3):
 PSYoungGen      total 2048K, used 1712K [0x00000000d5580000, 0x00000000d5b80000, 0x0000000100000000)
  eden space 1536K, 100% used [0x00000000d5580000,0x00000000d5700000,0x00000000d5700000)
  from space 512K, 34% used [0x00000000d5a80000,0x00000000d5aac010,0x00000000d5b00000)
  to   space 512K, 0% used [0x00000000d5b00000,0x00000000d5b00000,0x00000000d5b80000)
 ParOldGen       total 116224K, used 116073K [0x0000000080000000, 0x0000000087180000, 0x00000000d5580000)
  object space 116224K, 99% used [0x0000000080000000,0x000000008715a410,0x0000000087180000)
 Metaspace       used 70075K, committed 71552K, reserved 1114112K
  class space    used 7253K, committed 7872K, reserved 1048576K
}
Event: 385.025 GC heap after
{Heap after GC invocations=99 (full 3):
 PSYoungGen      total 2048K, used 480K [0x00000000d5580000, 0x00000000d5b80000, 0x0000000100000000)
  eden space 1536K, 0% used [0x00000000d5580000,0x00000000d5580000,0x00000000d5700000)
  from space 512K, 93% used [0x00000000d5b00000,0x00000000d5b78000,0x00000000d5b80000)
  to   space 1024K, 0% used [0x00000000d5980000,0x00000000d5980000,0x00000000d5a80000)
 ParOldGen       total 116224K, used 116128K [0x0000000080000000, 0x0000000087180000, 0x00000000d5580000)
  object space 116224K, 99% used [0x0000000080000000,0x00000000871682c0,0x0000000087180000)
 Metaspace       used 70075K, committed 71552K, reserved 1114112K
  class space    used 7253K, committed 7872K, reserved 1048576K
}
Event: 386.438 GC heap before
{Heap before GC invocations=100 (full 3):
 PSYoungGen      total 2048K, used 2016K [0x00000000d5580000, 0x00000000d5b80000, 0x0000000100000000)
  eden space 1536K, 100% used [0x00000000d5580000,0x00000000d5700000,0x00000000d5700000)
  from space 512K, 93% used [0x00000000d5b00000,0x00000000d5b78000,0x00000000d5b80000)
  to   space 1024K, 0% used [0x00000000d5980000,0x00000000d5980000,0x00000000d5a80000)
 ParOldGen       total 116224K, used 116128K [0x0000000080000000, 0x0000000087180000, 0x00000000d5580000)
  object space 116224K, 99% used [0x0000000080000000,0x00000000871682c0,0x0000000087180000)
 Metaspace       used 70103K, committed 71552K, reserved 1114112K
  class space    used 7257K, committed 7872K, reserved 1048576K
}
Event: 386.440 GC heap after
{Heap after GC invocations=100 (full 3):
 PSYoungGen      total 2560K, used 256K [0x00000000d5580000, 0x00000000d5b80000, 0x0000000100000000)
  eden space 1536K, 0% used [0x00000000d5580000,0x00000000d5580000,0x00000000d5700000)
  from space 1024K, 25% used [0x00000000d5980000,0x00000000d59c0000,0x00000000d5a80000)
  to   space 512K, 0% used [0x00000000d5b00000,0x00000000d5b00000,0x00000000d5b80000)
 ParOldGen       total 116736K, used 116565K [0x0000000080000000, 0x0000000087200000, 0x00000000d5580000)
  object space 116736K, 99% used [0x0000000080000000,0x00000000871d5770,0x0000000087200000)
 Metaspace       used 70103K, committed 71552K, reserved 1114112K
  class space    used 7257K, committed 7872K, reserved 1048576K
}
Event: 387.707 GC heap before
{Heap before GC invocations=101 (full 3):
 PSYoungGen      total 2560K, used 1792K [0x00000000d5580000, 0x00000000d5b80000, 0x0000000100000000)
  eden space 1536K, 100% used [0x00000000d5580000,0x00000000d5700000,0x00000000d5700000)
  from space 1024K, 25% used [0x00000000d5980000,0x00000000d59c0000,0x00000000d5a80000)
  to   space 512K, 0% used [0x00000000d5b00000,0x00000000d5b00000,0x00000000d5b80000)
 ParOldGen       total 116736K, used 116565K [0x0000000080000000, 0x0000000087200000, 0x00000000d5580000)
  object space 116736K, 99% used [0x0000000080000000,0x00000000871d5770,0x0000000087200000)
 Metaspace       used 70105K, committed 71552K, reserved 1114112K
  class space    used 7257K, committed 7872K, reserved 1048576K
}
Event: 387.709 GC heap after
{Heap after GC invocations=101 (full 3):
 PSYoungGen      total 2048K, used 128K [0x00000000d5580000, 0x00000000d5b80000, 0x0000000100000000)
  eden space 1536K, 0% used [0x00000000d5580000,0x00000000d5580000,0x00000000d5700000)
  from space 512K, 25% used [0x00000000d5b00000,0x00000000d5b20000,0x00000000d5b80000)
  to   space 512K, 0% used [0x00000000d5a80000,0x00000000d5a80000,0x00000000d5b00000)
 ParOldGen       total 117248K, used 116781K [0x0000000080000000, 0x0000000087280000, 0x00000000d5580000)
  object space 117248K, 99% used [0x0000000080000000,0x000000008720b770,0x0000000087280000)
 Metaspace       used 70105K, committed 71552K, reserved 1114112K
  class space    used 7257K, committed 7872K, reserved 1048576K
}
Event: 392.170 GC heap before
{Heap before GC invocations=102 (full 3):
 PSYoungGen      total 2048K, used 1664K [0x00000000d5580000, 0x00000000d5b80000, 0x0000000100000000)
  eden space 1536K, 100% used [0x00000000d5580000,0x00000000d5700000,0x00000000d5700000)
  from space 512K, 25% used [0x00000000d5b00000,0x00000000d5b20000,0x00000000d5b80000)
  to   space 512K, 0% used [0x00000000d5a80000,0x00000000d5a80000,0x00000000d5b00000)
 ParOldGen       total 117248K, used 116781K [0x0000000080000000, 0x0000000087280000, 0x00000000d5580000)
  object space 117248K, 99% used [0x0000000080000000,0x000000008720b770,0x0000000087280000)
 Metaspace       used 70107K, committed 71552K, reserved 1114112K
  class space    used 7257K, committed 7872K, reserved 1048576K
}
Event: 392.171 GC heap after
{Heap after GC invocations=102 (full 3):
 PSYoungGen      total 2048K, used 128K [0x00000000d5580000, 0x00000000d5b80000, 0x0000000100000000)
  eden space 1536K, 0% used [0x00000000d5580000,0x00000000d5580000,0x00000000d5700000)
  from space 512K, 25% used [0x00000000d5a80000,0x00000000d5aa0000,0x00000000d5b00000)
  to   space 512K, 0% used [0x00000000d5b00000,0x00000000d5b00000,0x00000000d5b80000)
 ParOldGen       total 117248K, used 116781K [0x0000000080000000, 0x0000000087280000, 0x00000000d5580000)
  object space 117248K, 99% used [0x0000000080000000,0x000000008720b770,0x0000000087280000)
 Metaspace       used 70107K, committed 71552K, reserved 1114112K
  class space    used 7257K, committed 7872K, reserved 1048576K
}
Event: 394.446 GC heap before
{Heap before GC invocations=103 (full 3):
 PSYoungGen      total 2048K, used 1664K [0x00000000d5580000, 0x00000000d5b80000, 0x0000000100000000)
  eden space 1536K, 100% used [0x00000000d5580000,0x00000000d5700000,0x00000000d5700000)
  from space 512K, 25% used [0x00000000d5a80000,0x00000000d5aa0000,0x00000000d5b00000)
  to   space 512K, 0% used [0x00000000d5b00000,0x00000000d5b00000,0x00000000d5b80000)
 ParOldGen       total 117248K, used 116781K [0x0000000080000000, 0x0000000087280000, 0x00000000d5580000)
  object space 117248K, 99% used [0x0000000080000000,0x000000008720b770,0x0000000087280000)
 Metaspace       used 70110K, committed 71552K, reserved 1114112K
  class space    used 7257K, committed 7872K, reserved 1048576K
}
Event: 394.448 GC heap after
{Heap after GC invocations=103 (full 3):
 PSYoungGen      total 2048K, used 96K [0x00000000d5580000, 0x00000000d5b80000, 0x0000000100000000)
  eden space 1536K, 0% used [0x00000000d5580000,0x00000000d5580000,0x00000000d5700000)
  from space 512K, 18% used [0x00000000d5b00000,0x00000000d5b18000,0x00000000d5b80000)
  to   space 512K, 0% used [0x00000000d5a80000,0x00000000d5a80000,0x00000000d5b00000)
 ParOldGen       total 117248K, used 116797K [0x0000000080000000, 0x0000000087280000, 0x00000000d5580000)
  object space 117248K, 99% used [0x0000000080000000,0x000000008720f770,0x0000000087280000)
 Metaspace       used 70110K, committed 71552K, reserved 1114112K
  class space    used 7257K, committed 7872K, reserved 1048576K
}
Event: 396.588 GC heap before
{Heap before GC invocations=104 (full 3):
 PSYoungGen      total 2048K, used 1631K [0x00000000d5580000, 0x00000000d5b80000, 0x0000000100000000)
  eden space 1536K, 99% used [0x00000000d5580000,0x00000000d56fffd8,0x00000000d5700000)
  from space 512K, 18% used [0x00000000d5b00000,0x00000000d5b18000,0x00000000d5b80000)
  to   space 512K, 0% used [0x00000000d5a80000,0x00000000d5a80000,0x00000000d5b00000)
 ParOldGen       total 117248K, used 116797K [0x0000000080000000, 0x0000000087280000, 0x00000000d5580000)
  object space 117248K, 99% used [0x0000000080000000,0x000000008720f770,0x0000000087280000)
 Metaspace       used 70119K, committed 71552K, reserved 1114112K
  class space    used 7257K, committed 7872K, reserved 1048576K
}
Event: 396.692 GC heap after
{Heap after GC invocations=104 (full 3):
 PSYoungGen      total 2048K, used 128K [0x00000000d5580000, 0x00000000d5b80000, 0x0000000100000000)
  eden space 1536K, 0% used [0x00000000d5580000,0x00000000d5580000,0x00000000d5700000)
  from space 512K, 25% used [0x00000000d5a80000,0x00000000d5aa0000,0x00000000d5b00000)
  to   space 512K, 0% used [0x00000000d5b00000,0x00000000d5b00000,0x00000000d5b80000)
 ParOldGen       total 117248K, used 116805K [0x0000000080000000, 0x0000000087280000, 0x00000000d5580000)
  object space 117248K, 99% used [0x0000000080000000,0x0000000087211770,0x0000000087280000)
 Metaspace       used 70119K, committed 71552K, reserved 1114112K
  class space    used 7257K, committed 7872K, reserved 1048576K
}
Event: 399.066 GC heap before
{Heap before GC invocations=105 (full 3):
 PSYoungGen      total 2048K, used 1664K [0x00000000d5580000, 0x00000000d5b80000, 0x0000000100000000)
  eden space 1536K, 100% used [0x00000000d5580000,0x00000000d5700000,0x00000000d5700000)
  from space 512K, 25% used [0x00000000d5a80000,0x00000000d5aa0000,0x00000000d5b00000)
  to   space 512K, 0% used [0x00000000d5b00000,0x00000000d5b00000,0x00000000d5b80000)
 ParOldGen       total 117248K, used 116805K [0x0000000080000000, 0x0000000087280000, 0x00000000d5580000)
  object space 117248K, 99% used [0x0000000080000000,0x0000000087211770,0x0000000087280000)
 Metaspace       used 70127K, committed 71552K, reserved 1114112K
  class space    used 7257K, committed 7872K, reserved 1048576K
}
Event: 399.068 GC heap after
{Heap after GC invocations=105 (full 3):
 PSYoungGen      total 2048K, used 128K [0x00000000d5580000, 0x00000000d5b80000, 0x0000000100000000)
  eden space 1536K, 0% used [0x00000000d5580000,0x00000000d5580000,0x00000000d5700000)
  from space 512K, 25% used [0x00000000d5b00000,0x00000000d5b20000,0x00000000d5b80000)
  to   space 512K, 0% used [0x00000000d5a80000,0x00000000d5a80000,0x00000000d5b00000)
 ParOldGen       total 117248K, used 116805K [0x0000000080000000, 0x0000000087280000, 0x00000000d5580000)
  object space 117248K, 99% used [0x0000000080000000,0x0000000087211770,0x0000000087280000)
 Metaspace       used 70127K, committed 71552K, reserved 1114112K
  class space    used 7257K, committed 7872K, reserved 1048576K
}
Event: 406.927 GC heap before
{Heap before GC invocations=106 (full 3):
 PSYoungGen      total 2048K, used 1664K [0x00000000d5580000, 0x00000000d5b80000, 0x0000000100000000)
  eden space 1536K, 100% used [0x00000000d5580000,0x00000000d5700000,0x00000000d5700000)
  from space 512K, 25% used [0x00000000d5b00000,0x00000000d5b20000,0x00000000d5b80000)
  to   space 512K, 0% used [0x00000000d5a80000,0x00000000d5a80000,0x00000000d5b00000)
 ParOldGen       total 117248K, used 116805K [0x0000000080000000, 0x0000000087280000, 0x00000000d5580000)
  object space 117248K, 99% used [0x0000000080000000,0x0000000087211770,0x0000000087280000)
 Metaspace       used 70133K, committed 71552K, reserved 1114112K
  class space    used 7257K, committed 7872K, reserved 1048576K
}
Event: 406.928 GC heap after
{Heap after GC invocations=106 (full 3):
 PSYoungGen      total 2048K, used 128K [0x00000000d5580000, 0x00000000d5b80000, 0x0000000100000000)
  eden space 1536K, 0% used [0x00000000d5580000,0x00000000d5580000,0x00000000d5700000)
  from space 512K, 25% used [0x00000000d5a80000,0x00000000d5aa0000,0x00000000d5b00000)
  to   space 512K, 0% used [0x00000000d5b00000,0x00000000d5b00000,0x00000000d5b80000)
 ParOldGen       total 117248K, used 116805K [0x0000000080000000, 0x0000000087280000, 0x00000000d5580000)
  object space 117248K, 99% used [0x0000000080000000,0x0000000087211770,0x0000000087280000)
 Metaspace       used 70133K, committed 71552K, reserved 1114112K
  class space    used 7257K, committed 7872K, reserved 1048576K
}

Dll operation events (10 events):
Event: 0.014 Loaded shared library c:\Users\hp\.vscode\extensions\redhat.java-1.45.0-win32-x64\jre\21.0.8-win32-x86_64\bin\java.dll
Event: 0.087 Loaded shared library c:\Users\hp\.vscode\extensions\redhat.java-1.45.0-win32-x64\jre\21.0.8-win32-x86_64\bin\zip.dll
Event: 0.113 Loaded shared library C:\Users\hp\.vscode\extensions\redhat.java-1.45.0-win32-x64\jre\21.0.8-win32-x86_64\bin\instrument.dll
Event: 0.118 Loaded shared library C:\Users\hp\.vscode\extensions\redhat.java-1.45.0-win32-x64\jre\21.0.8-win32-x86_64\bin\net.dll
Event: 0.123 Loaded shared library C:\Users\hp\.vscode\extensions\redhat.java-1.45.0-win32-x64\jre\21.0.8-win32-x86_64\bin\nio.dll
Event: 0.128 Loaded shared library C:\Users\hp\.vscode\extensions\redhat.java-1.45.0-win32-x64\jre\21.0.8-win32-x86_64\bin\zip.dll
Event: 0.150 Loaded shared library C:\Users\hp\.vscode\extensions\redhat.java-1.45.0-win32-x64\jre\21.0.8-win32-x86_64\bin\jimage.dll
Event: 0.342 Loaded shared library c:\Users\hp\.vscode\extensions\redhat.java-1.45.0-win32-x64\jre\21.0.8-win32-x86_64\bin\verify.dll
Event: 4.535 Loaded shared library C:\Users\hp\AppData\Roaming\Code\User\globalStorage\redhat.java\1.45.0\config_win\org.eclipse.equinox.launcher\org.eclipse.equinox.launcher.win32.win32.x86_64_1.2.1400.v20250801-0854\eclipse_11916.dll
Event: 7.983 Loaded shared library C:\Users\hp\AppData\Local\Temp\jna-3336\jna4172659304262890626.dll

Deoptimization events (20 events):
Event: 393.504 Thread 0x000001c1d7905d90 Uncommon trap: trap_request=0xffffffbe fr.pc=0x000001c188423144 relative=0x00000000000002a4
Event: 393.504 Thread 0x000001c1d7905d90 Uncommon trap: reason=profile_predicate action=maybe_recompile pc=0x000001c188423144 method=sun.security.provider.HashDrbg.addBytes([BI[[B)V @ 36 c2
Event: 393.504 Thread 0x000001c1d7905d90 DEOPT PACKING pc=0x000001c188423144 sp=0x0000007e8b4fe730
Event: 393.511 Thread 0x000001c1d7905d90 DEOPT UNPACKING pc=0x000001c187583aa2 sp=0x0000007e8b4fe680 mode 2
Event: 394.210 Thread 0x000001c1d7905d90 Uncommon trap: trap_request=0xffffffbe fr.pc=0x000001c188423144 relative=0x00000000000002a4
Event: 394.210 Thread 0x000001c1d7905d90 Uncommon trap: reason=profile_predicate action=maybe_recompile pc=0x000001c188423144 method=sun.security.provider.HashDrbg.addBytes([BI[[B)V @ 36 c2
Event: 394.210 Thread 0x000001c1d7905d90 DEOPT PACKING pc=0x000001c188423144 sp=0x0000007e8b4fe760
Event: 394.210 Thread 0x000001c1d7905d90 DEOPT UNPACKING pc=0x000001c187583aa2 sp=0x0000007e8b4fe6b0 mode 2
Event: 394.437 Thread 0x000001c1d7905d90 Uncommon trap: trap_request=0xffffffbe fr.pc=0x000001c188423144 relative=0x00000000000002a4
Event: 394.437 Thread 0x000001c1d7905d90 Uncommon trap: reason=profile_predicate action=maybe_recompile pc=0x000001c188423144 method=sun.security.provider.HashDrbg.addBytes([BI[[B)V @ 36 c2
Event: 394.437 Thread 0x000001c1d7905d90 DEOPT PACKING pc=0x000001c188423144 sp=0x0000007e8b4fe760
Event: 394.437 Thread 0x000001c1d7905d90 DEOPT UNPACKING pc=0x000001c187583aa2 sp=0x0000007e8b4fe6b0 mode 2
Event: 394.443 Thread 0x000001c1d7905d90 DEOPT PACKING pc=0x000001c18183b063 sp=0x0000007e8b4fdd30
Event: 394.443 Thread 0x000001c1d7905d90 DEOPT UNPACKING pc=0x000001c187584242 sp=0x0000007e8b4fd228 mode 0
Event: 394.637 Thread 0x000001c1d7905d90 Uncommon trap: trap_request=0xffffffbe fr.pc=0x000001c188423144 relative=0x00000000000002a4
Event: 394.637 Thread 0x000001c1d7905d90 Uncommon trap: reason=profile_predicate action=maybe_recompile pc=0x000001c188423144 method=sun.security.provider.HashDrbg.addBytes([BI[[B)V @ 36 c2
Event: 394.637 Thread 0x000001c1d7905d90 DEOPT PACKING pc=0x000001c188423144 sp=0x0000007e8b4fe760
Event: 394.637 Thread 0x000001c1d7905d90 DEOPT UNPACKING pc=0x000001c187583aa2 sp=0x0000007e8b4fe6b0 mode 2
Event: 396.022 Thread 0x000001c1d5c2c440 DEOPT PACKING pc=0x000001c181b8ec44 sp=0x0000007e8e0feac0
Event: 396.022 Thread 0x000001c1d5c2c440 DEOPT UNPACKING pc=0x000001c187584242 sp=0x0000007e8e0fdfa0 mode 0

Classes loaded (20 events):
Event: 310.353 Loading class java/util/stream/Nodes$CollectorTask$OfRef
Event: 310.358 Loading class java/util/stream/Nodes$CollectorTask
Event: 310.361 Loading class java/util/stream/Nodes$CollectorTask done
Event: 310.364 Loading class java/util/stream/Nodes$CollectorTask$OfRef done
Event: 310.372 Loading class java/util/function/LongFunction
Event: 310.373 Loading class java/util/function/LongFunction done
Event: 310.375 Loading class java/util/stream/Nodes$ConcNode
Event: 310.375 Loading class java/util/stream/Nodes$AbstractConcNode
Event: 310.377 Loading class java/util/stream/Nodes$AbstractConcNode done
Event: 310.377 Loading class java/util/stream/Nodes$ConcNode done
Event: 310.492 Loading class java/util/stream/Nodes$ToArrayTask$OfRef
Event: 310.493 Loading class java/util/stream/Nodes$ToArrayTask
Event: 310.496 Loading class java/util/stream/Nodes$ToArrayTask done
Event: 310.497 Loading class java/util/stream/Nodes$ToArrayTask$OfRef done
Event: 310.520 Loading class java/io/ObjectOutputStream$BlockDataOutputStream
Event: 310.523 Loading class java/io/ObjectOutputStream$BlockDataOutputStream done
Event: 310.523 Loading class java/io/ObjectOutputStream$HandleTable
Event: 310.523 Loading class java/io/ObjectOutputStream$HandleTable done
Event: 310.524 Loading class java/io/ObjectOutputStream$ReplaceTable
Event: 310.524 Loading class java/io/ObjectOutputStream$ReplaceTable done

Classes unloaded (12 events):
Event: 9.538 Thread 0x000001c1f844c540 Unloading class 0x000001c1901ab000 'java/lang/invoke/LambdaForm$MH+0x000001c1901ab000'
Event: 9.538 Thread 0x000001c1f844c540 Unloading class 0x000001c1901aac00 'java/lang/invoke/LambdaForm$MH+0x000001c1901aac00'
Event: 9.538 Thread 0x000001c1f844c540 Unloading class 0x000001c1901aa800 'java/lang/invoke/LambdaForm$MH+0x000001c1901aa800'
Event: 9.538 Thread 0x000001c1f844c540 Unloading class 0x000001c1901aa400 'java/lang/invoke/LambdaForm$MH+0x000001c1901aa400'
Event: 9.538 Thread 0x000001c1f844c540 Unloading class 0x000001c1901aa000 'java/lang/invoke/LambdaForm$BMH+0x000001c1901aa000'
Event: 9.538 Thread 0x000001c1f844c540 Unloading class 0x000001c1901a9c00 'java/lang/invoke/LambdaForm$DMH+0x000001c1901a9c00'
Event: 9.538 Thread 0x000001c1f844c540 Unloading class 0x000001c1901a8800 'java/lang/invoke/LambdaForm$DMH+0x000001c1901a8800'
Event: 10.902 Thread 0x000001c1f844c540 Unloading class 0x000001c190362c00 'java/lang/invoke/LambdaForm$MH+0x000001c190362c00'
Event: 10.902 Thread 0x000001c1f844c540 Unloading class 0x000001c190362400 'java/lang/invoke/LambdaForm$MH+0x000001c190362400'
Event: 10.902 Thread 0x000001c1f844c540 Unloading class 0x000001c190361c00 'java/lang/invoke/LambdaForm$MH+0x000001c190361c00'
Event: 10.902 Thread 0x000001c1f844c540 Unloading class 0x000001c190361800 'java/lang/invoke/LambdaForm$DMH+0x000001c190361800'
Event: 10.902 Thread 0x000001c1f844c540 Unloading class 0x000001c190360c00 'java/lang/invoke/LambdaForm$MH+0x000001c190360c00'

Classes redefined (0 events):
No events

Internal exceptions (20 events):
Event: 278.805 Thread 0x000001c1d7902910 Implicit null exception at 0x000001c18803f720 to 0x000001c18803f9ac
Event: 279.323 Thread 0x000001c1d7902910 Exception <a 'java/lang/ClassNotFoundException'{0x00000000d5e68358}: sun/net/www/protocol/jdt/Handler> (0x00000000d5e68358) 
thrown [s\src\hotspot\share\classfile\systemDictionary.cpp, line 312]
Event: 279.324 Thread 0x000001c1d7902910 Exception <a 'java/lang/ClassNotFoundException'{0x00000000d5e6aa98}: sun/net/www/protocol/jdt/Handler> (0x00000000d5e6aa98) 
thrown [s\src\hotspot\share\classfile\systemDictionary.cpp, line 312]
Event: 279.325 Thread 0x000001c1d7902910 Exception <a 'java/lang/ClassNotFoundException'{0x00000000d5e6cfb8}: sun/net/www/protocol/jdt/Handler> (0x00000000d5e6cfb8) 
thrown [s\src\hotspot\share\classfile\systemDictionary.cpp, line 312]
Event: 284.138 Thread 0x000001c1d5c2c440 Exception <a 'java/lang/IncompatibleClassChangeError'{0x00000000d5d948b0}: Found class java.lang.Object, but interface was expected> (0x00000000d5d948b0) 
thrown [s\src\hotspot\share\interpreter\linkResolver.cpp, line 840]
Event: 284.153 Thread 0x000001c1d7902910 Exception <a 'java/lang/NoSuchMethodError'{0x00000000d5d9ef90}: 'java.lang.Object java.lang.invoke.DirectMethodHandle$Holder.invokeStatic(java.lang.Object, int, int, java.lang.Object)'> (0x00000000d5d9ef90) 
thrown [s\src\hotspot\share\interpreter\linkResolver.cpp, line 773]
Event: 288.635 Thread 0x000001c1d5c2c440 Exception <a 'java/lang/IncompatibleClassChangeError'{0x00000000d623c5b0}: Found class java.lang.Object, but interface was expected> (0x00000000d623c5b0) 
thrown [s\src\hotspot\share\interpreter\linkResolver.cpp, line 840]
Event: 288.637 Thread 0x000001c1d5c2c440 Exception <a 'java/lang/IncompatibleClassChangeError'{0x00000000d62409a8}: Found class java.lang.Object, but interface was expected> (0x00000000d62409a8) 
thrown [s\src\hotspot\share\interpreter\linkResolver.cpp, line 840]
Event: 288.882 Thread 0x000001c1d5c29ce0 Exception <a 'sun/nio/fs/WindowsException'{0x00000000d56b03b0}> (0x00000000d56b03b0) 
thrown [s\src\hotspot\share\prims\jni.cpp, line 520]
Event: 289.232 Thread 0x000001c1d5c29ce0 Exception <a 'sun/nio/fs/WindowsException'{0x00000000d5900708}> (0x00000000d5900708) 
thrown [s\src\hotspot\share\prims\jni.cpp, line 520]
Event: 299.942 Thread 0x000001c1d5c29ce0 Exception <a 'sun/nio/fs/WindowsException'{0x00000000d59320b0}> (0x00000000d59320b0) 
thrown [s\src\hotspot\share\prims\jni.cpp, line 520]
Event: 300.366 Thread 0x000001c1d5c29ce0 Exception <a 'sun/nio/fs/WindowsException'{0x00000000d5593898}> (0x00000000d5593898) 
thrown [s\src\hotspot\share\prims\jni.cpp, line 520]
Event: 303.235 Thread 0x000001c1d5c29ce0 Exception <a 'sun/nio/fs/WindowsException'{0x00000000d58c6ab8}> (0x00000000d58c6ab8) 
thrown [s\src\hotspot\share\prims\jni.cpp, line 520]
Event: 303.486 Thread 0x000001c1d5c29ce0 Exception <a 'sun/nio/fs/WindowsException'{0x00000000d5b7d1b8}> (0x00000000d5b7d1b8) 
thrown [s\src\hotspot\share\prims\jni.cpp, line 520]
Event: 310.456 Thread 0x000001c1d5c28930 Implicit null exception at 0x000001c1880f1009 to 0x000001c1880f13a4
Event: 310.591 Thread 0x000001c1d5c28930 Exception <a 'java/lang/NoSuchMethodError'{0x00000000d5933f00}: 'java.lang.Object java.lang.invoke.DirectMethodHandle$Holder.newInvokeSpecial(java.lang.Object, java.lang.Object, java.lang.Object, java.lang.Object, java.lang.Object, java.lang.Object, java.lang.Object, java.lang.Object)'> (0x00000000d5933f00) 
thrown [s\src\hotspot\share\interpreter\linkResolver.cpp, line 773]
Event: 310.765 Thread 0x000001c1d5c29ce0 Exception <a 'sun/nio/fs/WindowsException'{0x00000000d5af89a8}> (0x00000000d5af89a8) 
thrown [s\src\hotspot\share\prims\jni.cpp, line 520]
Event: 310.985 Thread 0x000001c1d5c29ce0 Exception <a 'sun/nio/fs/WindowsException'{0x00000000d575dcc0}> (0x00000000d575dcc0) 
thrown [s\src\hotspot\share\prims\jni.cpp, line 520]
Event: 380.338 Thread 0x000001c1d5c29ce0 Exception <a 'sun/nio/fs/WindowsException'{0x00000000d5806f48}> (0x00000000d5806f48) 
thrown [s\src\hotspot\share\prims\jni.cpp, line 520]
Event: 380.794 Thread 0x000001c1d5c29ce0 Exception <a 'sun/nio/fs/WindowsException'{0x00000000d55ac2f0}> (0x00000000d55ac2f0) 
thrown [s\src\hotspot\share\prims\jni.cpp, line 520]

ZGC Phase Switch (0 events):
No events

VM Operations (20 events):
Event: 394.446 Executing VM operation: ParallelGCFailedAllocation (Allocation Failure)
Event: 394.448 Executing VM operation: ParallelGCFailedAllocation (Allocation Failure) done
Event: 396.462 Executing VM operation: Cleanup
Event: 396.543 Executing VM operation: Cleanup done
Event: 396.548 Executing VM operation: ParallelGCFailedAllocation (Allocation Failure)
Event: 396.693 Executing VM operation: ParallelGCFailedAllocation (Allocation Failure) done
Event: 397.696 Executing VM operation: Cleanup
Event: 397.696 Executing VM operation: Cleanup done
Event: 398.698 Executing VM operation: Cleanup
Event: 398.698 Executing VM operation: Cleanup done
Event: 399.066 Executing VM operation: ParallelGCFailedAllocation (Allocation Failure)
Event: 399.068 Executing VM operation: ParallelGCFailedAllocation (Allocation Failure) done
Event: 406.927 Executing VM operation: ParallelGCFailedAllocation (Allocation Failure)
Event: 406.928 Executing VM operation: ParallelGCFailedAllocation (Allocation Failure) done
Event: 407.933 Executing VM operation: Cleanup
Event: 407.933 Executing VM operation: Cleanup done
Event: 420.852 Executing VM operation: HandshakeAllThreads (HandshakeForDeflation)
Event: 420.852 Executing VM operation: HandshakeAllThreads (HandshakeForDeflation) done
Event: 420.882 Executing VM operation: RendezvousGCThreads
Event: 420.882 Executing VM operation: RendezvousGCThreads done

Memory protections (0 events):
No events

Nmethod flushes (20 events):
Event: 17.153 Thread 0x000001c1f844c540 flushing  nmethod 0x000001c1808c7890
Event: 17.153 Thread 0x000001c1f844c540 flushing  nmethod 0x000001c1808c7e10
Event: 17.153 Thread 0x000001c1f844c540 flushing  nmethod 0x000001c1808d6510
Event: 17.153 Thread 0x000001c1f844c540 flushing  nmethod 0x000001c1808f5810
Event: 17.153 Thread 0x000001c1f844c540 flushing  nmethod 0x000001c1808f6b90
Event: 17.153 Thread 0x000001c1f844c540 flushing  nmethod 0x000001c1808f7790
Event: 17.153 Thread 0x000001c1f844c540 flushing  nmethod 0x000001c1808f7d90
Event: 17.153 Thread 0x000001c1f844c540 flushing  nmethod 0x000001c1808fb210
Event: 17.153 Thread 0x000001c1f844c540 flushing  nmethod 0x000001c1808fd990
Event: 17.153 Thread 0x000001c1f844c540 flushing  nmethod 0x000001c180900790
Event: 17.153 Thread 0x000001c1f844c540 flushing  nmethod 0x000001c18090a390
Event: 17.153 Thread 0x000001c1f844c540 flushing  nmethod 0x000001c180933c90
Event: 17.153 Thread 0x000001c1f844c540 flushing  nmethod 0x000001c18093b990
Event: 17.153 Thread 0x000001c1f844c540 flushing  nmethod 0x000001c180940310
Event: 17.153 Thread 0x000001c1f844c540 flushing  nmethod 0x000001c180952b10
Event: 17.153 Thread 0x000001c1f844c540 flushing  nmethod 0x000001c18095af90
Event: 17.153 Thread 0x000001c1f844c540 flushing  nmethod 0x000001c18096b190
Event: 17.153 Thread 0x000001c1f844c540 flushing  nmethod 0x000001c18096bc10
Event: 17.153 Thread 0x000001c1f844c540 flushing  nmethod 0x000001c18096cf10
Event: 17.153 Thread 0x000001c1f844c540 flushing  nmethod 0x000001c180972010

Events (20 events):
Event: 208.189 Thread 0x000001c1d5c2c440 Thread added: 0x000001c1d7905d90
Event: 208.194 Thread 0x000001c1d7905d90 Thread added: 0x000001c1d7902910
Event: 208.341 Thread 0x000001c1d5c28930 Thread added: 0x000001c1d7908b80
Event: 310.276 Thread 0x000001c1d79049e0 Thread added: 0x000001c1d7907e60
Event: 310.323 Thread 0x000001c1d5c28930 Thread added: 0x000001c1d7906ab0
Event: 310.386 Thread 0x000001c1d7906ab0 Thread exited: 0x000001c1d7906ab0
Event: 310.463 Thread 0x000001c1d5c28930 Thread added: 0x000001c1d79098a0
Event: 310.491 Thread 0x000001c1d79098a0 Thread added: 0x000001c1d7906ab0
Event: 310.497 Thread 0x000001c1d7906ab0 Thread exited: 0x000001c1d7906ab0
Event: 310.497 Thread 0x000001c1d79098a0 Thread exited: 0x000001c1d79098a0
Event: 315.414 Thread 0x000001c1d7904350 Thread exited: 0x000001c1d7904350
Event: 315.414 Thread 0x000001c1d7903cc0 Thread exited: 0x000001c1d7903cc0
Event: 370.892 Thread 0x000001c1d7908b80 Thread exited: 0x000001c1d7908b80
Event: 370.962 Thread 0x000001c1d5c2cad0 Thread exited: 0x000001c1d5c2cad0
Event: 370.997 Thread 0x000001c1d5c28930 Thread exited: 0x000001c1d5c28930
Event: 380.386 Thread 0x000001c1d7907e60 Thread added: 0x000001c1d7907140
Event: 380.597 Thread 0x000001c1d79049e0 Thread added: 0x000001c1d7903cc0
Event: 440.710 Thread 0x000001c1d7903cc0 Thread exited: 0x000001c1d7903cc0
Event: 440.741 Thread 0x000001c1d79049e0 Thread exited: 0x000001c1d79049e0
Event: 467.193 Thread 0x000001c1d7905d90 Thread exited: 0x000001c1d7905d90


Dynamic libraries:
0x00007ff7b6110000 - 0x00007ff7b611e000 	c:\Users\hp\.vscode\extensions\redhat.java-1.45.0-win32-x64\jre\21.0.8-win32-x86_64\bin\java.exe
0x00007ff8701a0000 - 0x00007ff870409000 	C:\WINDOWS\SYSTEM32\ntdll.dll
0x00007ff86eec0000 - 0x00007ff86ef89000 	C:\WINDOWS\System32\KERNEL32.DLL
0x00007ff86d960000 - 0x00007ff86dd53000 	C:\WINDOWS\System32\KERNELBASE.dll
0x00007ff86d510000 - 0x00007ff86d65b000 	C:\WINDOWS\System32\ucrtbase.dll
0x00007ff82fac0000 - 0x00007ff82fade000 	c:\Users\hp\.vscode\extensions\redhat.java-1.45.0-win32-x64\jre\21.0.8-win32-x86_64\bin\VCRUNTIME140.dll
0x00007ff831100000 - 0x00007ff831118000 	c:\Users\hp\.vscode\extensions\redhat.java-1.45.0-win32-x64\jre\21.0.8-win32-x86_64\bin\jli.dll
0x00007ff86e4a0000 - 0x00007ff86e664000 	C:\WINDOWS\System32\USER32.dll
0x00007ff855fb0000 - 0x00007ff856243000 	C:\WINDOWS\WinSxS\amd64_microsoft.windows.common-controls_6595b64144ccf1df_6.0.26100.5074_none_3e0d6f78e32fd63f\COMCTL32.dll
0x00007ff86d890000 - 0x00007ff86d8b7000 	C:\WINDOWS\System32\win32u.dll
0x00007ff86fb40000 - 0x00007ff86fbe9000 	C:\WINDOWS\System32\msvcrt.dll
0x00007ff86fb10000 - 0x00007ff86fb3b000 	C:\WINDOWS\System32\GDI32.dll
0x00007ff86d3e0000 - 0x00007ff86d50d000 	C:\WINDOWS\System32\gdi32full.dll
0x00007ff86d330000 - 0x00007ff86d3d3000 	C:\WINDOWS\System32\msvcp_win.dll
0x00007ff86e730000 - 0x00007ff86e75f000 	C:\WINDOWS\System32\IMM32.DLL
0x00007ff846c50000 - 0x00007ff846c5c000 	c:\Users\hp\.vscode\extensions\redhat.java-1.45.0-win32-x64\jre\21.0.8-win32-x86_64\bin\vcruntime140_1.dll
0x00007fffe4120000 - 0x00007fffe41ad000 	c:\Users\hp\.vscode\extensions\redhat.java-1.45.0-win32-x64\jre\21.0.8-win32-x86_64\bin\msvcp140.dll
0x00007fffd0920000 - 0x00007fffd16b7000 	c:\Users\hp\.vscode\extensions\redhat.java-1.45.0-win32-x64\jre\21.0.8-win32-x86_64\bin\server\jvm.dll
0x00007ff86e670000 - 0x00007ff86e724000 	C:\WINDOWS\System32\ADVAPI32.dll
0x00007ff86e260000 - 0x00007ff86e306000 	C:\WINDOWS\System32\sechost.dll
0x00007ff86fe40000 - 0x00007ff86ff58000 	C:\WINDOWS\System32\RPCRT4.dll
0x00007ff86ffe0000 - 0x00007ff870054000 	C:\WINDOWS\System32\WS2_32.dll
0x00007ff860140000 - 0x00007ff86014b000 	C:\WINDOWS\SYSTEM32\VERSION.dll
0x00007ff86d190000 - 0x00007ff86d1ee000 	C:\WINDOWS\SYSTEM32\POWRPROF.dll
0x00007ff8514d0000 - 0x00007ff851505000 	C:\WINDOWS\SYSTEM32\WINMM.dll
0x00007ff86d170000 - 0x00007ff86d184000 	C:\WINDOWS\SYSTEM32\UMPDC.dll
0x00007ff86c110000 - 0x00007ff86c12b000 	C:\WINDOWS\SYSTEM32\kernel.appcore.dll
0x00007ff841050000 - 0x00007ff84105a000 	c:\Users\hp\.vscode\extensions\redhat.java-1.45.0-win32-x64\jre\21.0.8-win32-x86_64\bin\jimage.dll
0x00007ff86aa60000 - 0x00007ff86aca2000 	C:\WINDOWS\SYSTEM32\DBGHELP.DLL
0x00007ff86eff0000 - 0x00007ff86f36b000 	C:\WINDOWS\System32\combase.dll
0x00007ff86dfa0000 - 0x00007ff86e077000 	C:\WINDOWS\System32\OLEAUT32.dll
0x00007ff84d5e0000 - 0x00007ff84d61d000 	C:\WINDOWS\SYSTEM32\dbgcore.DLL
0x00007ff86d8c0000 - 0x00007ff86d959000 	C:\WINDOWS\System32\bcryptPrimitives.dll
0x00007ff865aa0000 - 0x00007ff865aaf000 	c:\Users\hp\.vscode\extensions\redhat.java-1.45.0-win32-x64\jre\21.0.8-win32-x86_64\bin\instrument.dll
0x00007ff82bee0000 - 0x00007ff82beff000 	c:\Users\hp\.vscode\extensions\redhat.java-1.45.0-win32-x64\jre\21.0.8-win32-x86_64\bin\java.dll
0x00007ff86e770000 - 0x00007ff86eebd000 	C:\WINDOWS\System32\SHELL32.dll
0x00007ff86d720000 - 0x00007ff86d88c000 	C:\WINDOWS\System32\wintypes.dll
0x00007ff86afd0000 - 0x00007ff86b829000 	C:\WINDOWS\SYSTEM32\windows.storage.dll
0x00007ff86e310000 - 0x00007ff86e400000 	C:\WINDOWS\System32\SHCORE.dll
0x00007ff870060000 - 0x00007ff8700c2000 	C:\WINDOWS\System32\shlwapi.dll
0x00007ff86d250000 - 0x00007ff86d279000 	C:\WINDOWS\SYSTEM32\profapi.dll
0x00007ff829a00000 - 0x00007ff829a18000 	c:\Users\hp\.vscode\extensions\redhat.java-1.45.0-win32-x64\jre\21.0.8-win32-x86_64\bin\zip.dll
0x00007ff865a90000 - 0x00007ff865aa0000 	C:\Users\hp\.vscode\extensions\redhat.java-1.45.0-win32-x64\jre\21.0.8-win32-x86_64\bin\net.dll
0x00007ff863960000 - 0x00007ff863a7f000 	C:\WINDOWS\SYSTEM32\WINHTTP.dll
0x00007ff86c690000 - 0x00007ff86c6fb000 	C:\WINDOWS\system32\mswsock.dll
0x00007ff865a70000 - 0x00007ff865a86000 	C:\Users\hp\.vscode\extensions\redhat.java-1.45.0-win32-x64\jre\21.0.8-win32-x86_64\bin\nio.dll
0x00007ff864140000 - 0x00007ff864150000 	c:\Users\hp\.vscode\extensions\redhat.java-1.45.0-win32-x64\jre\21.0.8-win32-x86_64\bin\verify.dll
0x00007ff824d50000 - 0x00007ff824d94000 	C:\Users\hp\AppData\Roaming\Code\User\globalStorage\redhat.java\1.45.0\config_win\org.eclipse.equinox.launcher\org.eclipse.equinox.launcher.win32.win32.x86_64_1.2.1400.v20250801-0854\eclipse_11916.dll
0x00007ff86f380000 - 0x00007ff86f518000 	C:\WINDOWS\System32\ole32.dll
0x00007ff86c930000 - 0x00007ff86c94b000 	C:\WINDOWS\SYSTEM32\CRYPTSP.dll
0x00007ff86c070000 - 0x00007ff86c0ab000 	C:\WINDOWS\system32\rsaenh.dll
0x00007ff86c730000 - 0x00007ff86c75b000 	C:\WINDOWS\SYSTEM32\USERENV.dll
0x00007ff86d220000 - 0x00007ff86d246000 	C:\WINDOWS\SYSTEM32\bcrypt.dll
0x00007ff86c950000 - 0x00007ff86c95c000 	C:\WINDOWS\SYSTEM32\CRYPTBASE.dll
0x00007ff86bb80000 - 0x00007ff86bbb4000 	C:\WINDOWS\SYSTEM32\IPHLPAPI.DLL
0x00007ff86f370000 - 0x00007ff86f37a000 	C:\WINDOWS\System32\NSI.dll
0x00007ff814510000 - 0x00007ff814559000 	C:\Users\hp\AppData\Local\Temp\jna-3336\jna4172659304262890626.dll
0x00007ff86fe30000 - 0x00007ff86fe38000 	C:\WINDOWS\System32\PSAPI.DLL
0x00007ff864350000 - 0x00007ff86436e000 	C:\WINDOWS\SYSTEM32\dhcpcsvc6.DLL
0x00007ff864320000 - 0x00007ff864343000 	C:\WINDOWS\SYSTEM32\dhcpcsvc.DLL

JVMTI agents:
c:\Users\hp\.vscode\extensions\redhat.java-1.45.0-win32-x64\lombok\lombok-1.18.39-4050.jar path:c:\Users\hp\.vscode\extensions\redhat.java-1.45.0-win32-x64\jre\21.0.8-win32-x86_64\bin\instrument.dll, loaded, initialized, instrumentlib options:none

dbghelp: loaded successfully - version: 4.0.5 - missing functions: none
symbol engine: initialized successfully - sym options: 0x614 - pdb path: .;c:\Users\hp\.vscode\extensions\redhat.java-1.45.0-win32-x64\jre\21.0.8-win32-x86_64\bin;C:\WINDOWS\SYSTEM32;C:\WINDOWS\WinSxS\amd64_microsoft.windows.common-controls_6595b64144ccf1df_6.0.26100.5074_none_3e0d6f78e32fd63f;c:\Users\hp\.vscode\extensions\redhat.java-1.45.0-win32-x64\jre\21.0.8-win32-x86_64\bin\server;C:\Users\hp\AppData\Roaming\Code\User\globalStorage\redhat.java\1.45.0\config_win\org.eclipse.equinox.launcher\org.eclipse.equinox.launcher.win32.win32.x86_64_1.2.1400.v20250801-0854;C:\Users\hp\AppData\Local\Temp\jna-3336

VM Arguments:
jvm_args: --add-modules=ALL-SYSTEM --add-opens=java.base/java.util=ALL-UNNAMED --add-opens=java.base/java.lang=ALL-UNNAMED --add-opens=java.base/sun.nio.fs=ALL-UNNAMED -Declipse.application=org.eclipse.jdt.ls.core.id1 -Dosgi.bundles.defaultStartLevel=4 -Declipse.product=org.eclipse.jdt.ls.core.product -Djava.import.generatesMetadataFilesAtProjectRoot=false -DDetectVMInstallationsJob.disabled=true -Dfile.encoding=utf8 -XX:+UseParallelGC -XX:GCTimeRatio=4 -XX:AdaptiveSizePolicyWeight=90 -Dsun.zip.disableMemoryMapping=true -Xmx2G -Xms100m -Xlog:disable -javaagent:c:\Users\hp\.vscode\extensions\redhat.java-1.45.0-win32-x64\lombok\lombok-1.18.39-4050.jar -XX:+HeapDumpOnOutOfMemoryError -XX:HeapDumpPath=c:\Users\hp\AppData\Roaming\Code\User\workspaceStorage\314233e027ade1efa6ded64e5f5a4286\redhat.java -Daether.dependencyCollector.impl=bf 
java_command: c:\Users\hp\.vscode\extensions\redhat.java-1.45.0-win32-x64\server\plugins\org.eclipse.equinox.launcher_1.7.0.v20250519-0528.jar -configuration c:\Users\hp\AppData\Roaming\Code\User\globalStorage\redhat.java\1.45.0\config_win -data c:\Users\hp\AppData\Roaming\Code\User\workspaceStorage\314233e027ade1efa6ded64e5f5a4286\redhat.java\jdt_ws --pipe=\\.\pipe\lsp-0a10059dde99dfb44bbb68f2bb225e33-sock
java_class_path (initial): c:\Users\hp\.vscode\extensions\redhat.java-1.45.0-win32-x64\server\plugins\org.eclipse.equinox.launcher_1.7.0.v20250519-0528.jar
Launcher Type: SUN_STANDARD

[Global flags]
    uintx AdaptiveSizePolicyWeight                 = 90                                        {product} {command line}
     intx CICompilerCount                          = 3                                         {product} {ergonomic}
    uintx GCTimeRatio                              = 4                                         {product} {command line}
     bool HeapDumpOnOutOfMemoryError               = true                                   {manageable} {command line}
    ccstr HeapDumpPath                             = c:\Users\hp\AppData\Roaming\Code\User\workspaceStorage\314233e027ade1efa6ded64e5f5a4286\redhat.java         {manageable} {command line}
   size_t InitialHeapSize                          = 104857600                                 {product} {command line}
   size_t MaxHeapSize                              = 2147483648                                {product} {command line}
   size_t MaxNewSize                               = 715653120                                 {product} {ergonomic}
   size_t MinHeapDeltaBytes                        = 524288                                    {product} {ergonomic}
   size_t MinHeapSize                              = 104857600                                 {product} {command line}
   size_t NewSize                                  = 34603008                                  {product} {ergonomic}
    uintx NonNMethodCodeHeapSize                   = 5832780                                {pd product} {ergonomic}
    uintx NonProfiledCodeHeapSize                  = 122912730                              {pd product} {ergonomic}
   size_t OldSize                                  = 70254592                                  {product} {ergonomic}
    uintx ProfiledCodeHeapSize                     = 122912730                              {pd product} {ergonomic}
    uintx ReservedCodeCacheSize                    = 251658240                              {pd product} {ergonomic}
     bool SegmentedCodeCache                       = true                                      {product} {ergonomic}
   size_t SoftMaxHeapSize                          = 2147483648                             {manageable} {ergonomic}
     bool UseCompressedOops                        = true                           {product lp64_product} {ergonomic}
     bool UseLargePagesIndividualAllocation        = false                                  {pd product} {ergonomic}
     bool UseParallelGC                            = true                                      {product} {command line}

Logging:
Log output configuration:
 #0: stdout all=off uptime,level,tags foldmultilines=false
 #1: stderr all=off uptime,level,tags foldmultilines=false

Environment Variables:
PATH=C:\Program Files\Common Files\Oracle\Java\javapath;C:\WINDOWS\system32;C:\WINDOWS;C:\WINDOWS\System32\Wbem;C:\WINDOWS\System32\WindowsPowerShell\v1.0\;C:\WINDOWS\System32\OpenSSH\;C:\xampp\php;C:\ProgramData\ComposerSetup\bin;C:\Program Files\Microsoft SQL Server\Client SDK\ODBC\170\Tools\Binn\;C:\Program Files (x86)\Microsoft SQL Server\150\Tools\Binn\;C:\Program Files\Microsoft SQL Server\150\Tools\Binn\;C:\Program Files\Microsoft SQL Server\150\DTS\Binn\;C:\Program Files\dotnet\;C:\Program Files\Microsoft SQL Server\130\Tools\Binn\;C:\Program Files (x86)\Microsoft SQL Server\160\DTS\Binn\;C:\Program Files\Azure Data Studio\bin;C:\Program Files\nodejs\;C:\Program Files\Git\cmd;C:\Program Files\Java\jdk-25\bin;C:\Users\hp\AppData\Local\Programs\Python\Python313\Scripts\;C:\Users\hp\AppData\Local\Programs\Python\Python313\;C:\Users\hp\AppData\Local\Microsoft\WindowsApps;;C:\Users\hp\AppData\Local\Programs\Microsoft VS Code\bin;C:\Users\hp\AppData\Roaming\Composer\vendor\bin;C:\Program Files\Azure Data Studio\bin;C:\Users\hp\AppData\Roaming\npm
USERNAME=hp
OS=Windows_NT
PROCESSOR_IDENTIFIER=Intel64 Family 6 Model 142 Stepping 12, GenuineIntel
TMP=C:\Users\hp\AppData\Local\Temp
TEMP=C:\Users\hp\AppData\Local\Temp




Periodic native trim disabled

---------------  S Y S T E M  ---------------

OS:
 Windows 11 , 64 bit Build 26100 (10.0.26100.5074)
OS uptime: 1 days 6:33 hours

CPU: total 4 (initial active 4) (2 cores per cpu, 2 threads per core) family 6 model 142 stepping 12 microcode 0xec, cx8, cmov, fxsr, ht, mmx, 3dnowpref, sse, sse2, sse3, ssse3, sse4.1, sse4.2, popcnt, lzcnt, tsc, tscinvbit, avx, avx2, aes, erms, clmul, bmi1, bmi2, adx, fma, vzeroupper, clflush, clflushopt, rdtscp, f16c
Processor Information for the first 4 processors :
  Max Mhz: 2592, Current Mhz: 2093, Mhz Limit: 2073

Memory: 4k page, system-wide physical 3919M (310M free)
TotalPageFile size 14494M (AvailPageFile size 77M)
current process WorkingSet (physical memory assigned to process): 8M, peak: 239M
current process commit charge ("private bytes"): 405M, peak: 412M

vm_info: OpenJDK 64-Bit Server VM (21.0.8+9-LTS) for windows-amd64 JRE (21.0.8+9-LTS), built on 2025-07-15T00:00:00Z by "admin" with MS VC++ 17.7 (VS2022)

END.
