#
# There is insufficient memory for the Java Runtime Environment to continue.
# Native memory allocation (malloc) failed to allocate 1569936 bytes. Error detail: Chunk::new
# Possible reasons:
#   The system is out of physical RAM or swap space
#   This process is running with CompressedOops enabled, and the Java Heap may be blocking the growth of the native heap
# Possible solutions:
#   Reduce memory load on the system
#   Increase physical memory or swap space
#   Check if swap backing store is full
#   Decrease Java heap size (-Xmx/-Xms)
#   Decrease number of Java threads
#   Decrease Java thread stack sizes (-Xss)
#   Set larger code cache with -XX:ReservedCodeCacheSize=
#   JVM is running with Unscaled Compressed Oops mode in which the Java heap is
#     placed in the first 4GB address space. The Java Heap base address is the
#     maximum limit for the native heap growth. Please use -XX:HeapBaseMinAddress
#     to set the Java Heap base and to place the Java Heap above 4GB virtual address.
# This output file may be truncated or incomplete.
#
#  Out of Memory Error (arena.cpp:168), pid=2088, tid=17712
#
# JRE version: OpenJDK Runtime Environment Temurin-21.0.9+10 (21.0.9+10) (build 21.0.9+10-LTS)
# Java VM: OpenJDK 64-Bit Server VM Temurin-21.0.9+10 (21.0.9+10-LTS, mixed mode, sharing, tiered, compressed oops, compressed class ptrs, parallel gc, windows-amd64)
# No core dump will be written. Minidumps are not enabled by default on client versions of Windows
#

---------------  S U M M A R Y ------------

Command Line: --add-modules=ALL-SYSTEM --add-opens=java.base/java.util=ALL-UNNAMED --add-opens=java.base/java.lang=ALL-UNNAMED --add-opens=java.base/sun.nio.fs=ALL-UNNAMED -Declipse.application=org.eclipse.jdt.ls.core.id1 -Dosgi.bundles.defaultStartLevel=4 -Declipse.product=org.eclipse.jdt.ls.core.product -Djava.import.generatesMetadataFilesAtProjectRoot=false -DDetectVMInstallationsJob.disabled=true -Dfile.encoding=utf8 -XX:+UseParallelGC -XX:GCTimeRatio=4 -XX:AdaptiveSizePolicyWeight=90 -Dsun.zip.disableMemoryMapping=true -Xmx2G -Xms100m -Xlog:disable -javaagent:c:\Users\hp\.vscode\extensions\redhat.java-1.50.0-win32-x64\lombok\lombok-1.18.39-4050.jar -XX:+HeapDumpOnOutOfMemoryError -XX:HeapDumpPath=c:\Users\hp\AppData\Roaming\Code\User\workspaceStorage\314233e027ade1efa6ded64e5f5a4286\redhat.java -Daether.dependencyCollector.impl=bf c:\Users\hp\.vscode\extensions\redhat.java-1.50.0-win32-x64\server\plugins\org.eclipse.equinox.launcher_1.7.100.v20251111-0406.jar -configuration c:\Users\hp\AppData\Roaming\Code\User\globalStorage\redhat.java\1.50.0\config_win -data c:\Users\hp\AppData\Roaming\Code\User\workspaceStorage\314233e027ade1efa6ded64e5f5a4286\redhat.java\jdt_ws --pipe=\\.\pipe\lsp-2a6a2063fdccb807141830c61af34237-sock

Host: Intel(R) Core(TM) i3-10110U CPU @ 2.10GHz, 4 cores, 3G,  Windows 11 , 64 bit Build 26100 (10.0.26100.7309)
Time: Fri Dec 19 21:01:42 2025 SE Asia Standard Time elapsed time: 14.213662 seconds (0d 0h 0m 14s)

---------------  T H R E A D  ---------------

Current thread (0x0000021b38b24d60):  JavaThread "C2 CompilerThread0" daemon [_thread_in_native, id=17712, stack(0x0000005001200000,0x0000005001300000) (1024K)]


Current CompileTask:
C2:14213 4087   !   4       org.eclipse.osgi.internal.loader.classpath.ClasspathManager::findClassImpl (328 bytes)

Stack: [0x0000005001200000,0x0000005001300000]
Native frames: (J=compiled Java code, j=interpreted, Vv=VM code, C=native code)
V  [jvm.dll+0x6d6e29]
V  [jvm.dll+0x8b4b76]
V  [jvm.dll+0x8b712e]
V  [jvm.dll+0x8b7813]
V  [jvm.dll+0x283d86]
V  [jvm.dll+0xc66ed]
V  [jvm.dll+0xc6c31]
V  [jvm.dll+0x3be501]
V  [jvm.dll+0x38ab92]
V  [jvm.dll+0x389fda]
V  [jvm.dll+0x24bfa0]
V  [jvm.dll+0x24b580]
V  [jvm.dll+0x1cb13e]
V  [jvm.dll+0x25b29d]
V  [jvm.dll+0x25982a]
V  [jvm.dll+0x3f7ea6]
V  [jvm.dll+0x85e9ad]
V  [jvm.dll+0x6d565d]
C  [ucrtbase.dll+0x37b0]
C  [KERNEL32.DLL+0x2e8d7]
C  [ntdll.dll+0x8c53c]


---------------  P R O C E S S  ---------------

Threads class SMR info:
_java_thread_list=0x0000021b96e1c610, length=24, elements={
0x0000021b38c2dcb0, 0x0000021b38b16ce0, 0x0000021b38b1c2d0, 0x0000021b38b1fe30,
0x0000021b38b20a80, 0x0000021b38b234e0, 0x0000021b38b23f30, 0x0000021b38b24d60,
0x0000021b38b8e0f0, 0x0000021b91363960, 0x0000021b91498270, 0x0000021b91a735d0,
0x0000021b91a4efa0, 0x0000021b91d48f50, 0x0000021b91d49980, 0x0000021b91b3b020,
0x0000021b96532700, 0x0000021b913e07d0, 0x0000021b963d7990, 0x0000021b9172ce90,
0x0000021b9172d520, 0x0000021b9172a0a0, 0x0000021b9172bae0, 0x0000021b9172adc0
}

Java Threads: ( => current thread )
  0x0000021b38c2dcb0 JavaThread "main"                              [_thread_blocked, id=11372, stack(0x0000005000800000,0x0000005000900000) (1024K)]
  0x0000021b38b16ce0 JavaThread "Reference Handler"          daemon [_thread_blocked, id=1004, stack(0x0000005000c00000,0x0000005000d00000) (1024K)]
  0x0000021b38b1c2d0 JavaThread "Finalizer"                  daemon [_thread_blocked, id=18744, stack(0x0000005000d00000,0x0000005000e00000) (1024K)]
  0x0000021b38b1fe30 JavaThread "Signal Dispatcher"          daemon [_thread_blocked, id=18496, stack(0x0000005000e00000,0x0000005000f00000) (1024K)]
  0x0000021b38b20a80 JavaThread "Attach Listener"            daemon [_thread_blocked, id=21812, stack(0x0000005000f00000,0x0000005001000000) (1024K)]
  0x0000021b38b234e0 JavaThread "Service Thread"             daemon [_thread_blocked, id=18648, stack(0x0000005001000000,0x0000005001100000) (1024K)]
  0x0000021b38b23f30 JavaThread "Monitor Deflation Thread"   daemon [_thread_blocked, id=17052, stack(0x0000005001100000,0x0000005001200000) (1024K)]
=>0x0000021b38b24d60 JavaThread "C2 CompilerThread0"         daemon [_thread_in_native, id=17712, stack(0x0000005001200000,0x0000005001300000) (1024K)]
  0x0000021b38b8e0f0 JavaThread "C1 CompilerThread0"         daemon [_thread_blocked, id=13256, stack(0x0000005001300000,0x0000005001400000) (1024K)]
  0x0000021b91363960 JavaThread "Common-Cleaner"             daemon [_thread_blocked, id=12568, stack(0x0000005001400000,0x0000005001500000) (1024K)]
  0x0000021b91498270 JavaThread "Notification Thread"        daemon [_thread_blocked, id=17356, stack(0x0000005001500000,0x0000005001600000) (1024K)]
  0x0000021b91a735d0 JavaThread "Active Thread: Equinox Container: f081a36d-3b2b-4bb6-9223-4132eee93bf9"        [_thread_blocked, id=19152, stack(0x0000005001900000,0x0000005001a00000) (1024K)]
  0x0000021b91a4efa0 JavaThread "Refresh Thread: Equinox Container: f081a36d-3b2b-4bb6-9223-4132eee93bf9" daemon [_thread_blocked, id=4240, stack(0x0000005001a00000,0x0000005001b00000) (1024K)]
  0x0000021b91d48f50 JavaThread "Framework Event Dispatcher: Equinox Container: f081a36d-3b2b-4bb6-9223-4132eee93bf9" daemon [_thread_blocked, id=8428, stack(0x0000005001b00000,0x0000005001c00000) (1024K)]
  0x0000021b91d49980 JavaThread "Start Level: Equinox Container: f081a36d-3b2b-4bb6-9223-4132eee93bf9" daemon [_thread_in_vm, id=14620, stack(0x0000005001c00000,0x0000005001d00000) (1024K)]
  0x0000021b91b3b020 JavaThread "Bundle File Closer"         daemon [_thread_blocked, id=9792, stack(0x0000005001d00000,0x0000005001e00000) (1024K)]
  0x0000021b96532700 JavaThread "SCR Component Actor"        daemon [_thread_blocked, id=18528, stack(0x0000005001e00000,0x0000005001f00000) (1024K)]
  0x0000021b913e07d0 JavaThread "Worker-JM"                         [_thread_blocked, id=3512, stack(0x0000005001f00000,0x0000005002000000) (1024K)]
  0x0000021b963d7990 JavaThread "JNA Cleaner"                daemon [_thread_blocked, id=10784, stack(0x0000005002000000,0x0000005002100000) (1024K)]
  0x0000021b9172ce90 JavaThread "Worker-0: Updating Maven Dependencies"        [_thread_blocked, id=8696, stack(0x0000005002100000,0x0000005002200000) (1024K)]
  0x0000021b9172d520 JavaThread "Worker-1: Repository registry initialization"        [_thread_in_native, id=19072, stack(0x0000005002200000,0x0000005002300000) (1024K)]
  0x0000021b9172a0a0 JavaThread "Worker-2"                          [_thread_blocked, id=15088, stack(0x0000005002300000,0x0000005002400000) (1024K)]
  0x0000021b9172bae0 JavaThread "Worker-3"                          [_thread_blocked, id=19060, stack(0x0000005002400000,0x0000005002500000) (1024K)]
  0x0000021b9172adc0 JavaThread "Java indexing"              daemon [_thread_blocked, id=15604, stack(0x0000005002500000,0x0000005002600000) (1024K)]
Total: 24

Other Threads:
  0x0000021b38cebaf0 VMThread "VM Thread"                           [id=16860, stack(0x0000005000b00000,0x0000005000c00000) (1024K)]
  0x0000021b38abca00 WatcherThread "VM Periodic Task Thread"        [id=10312, stack(0x0000005000a00000,0x0000005000b00000) (1024K)]
  0x0000021b38c4bfe0 WorkerThread "GC Thread#0"                     [id=11856, stack(0x0000005000900000,0x0000005000a00000) (1024K)]
  0x0000021b91692230 WorkerThread "GC Thread#1"                     [id=22792, stack(0x0000005001600000,0x0000005001700000) (1024K)]
  0x0000021b9180dd30 WorkerThread "GC Thread#2"                     [id=21912, stack(0x0000005001700000,0x0000005001800000) (1024K)]
  0x0000021b9180e0d0 WorkerThread "GC Thread#3"                     [id=20892, stack(0x0000005001800000,0x0000005001900000) (1024K)]
Total: 6

Threads with active compile tasks:
C2 CompilerThread0  14259 4087   !   4       org.eclipse.osgi.internal.loader.classpath.ClasspathManager::findClassImpl (328 bytes)
Total: 1

VM state: not at safepoint (normal execution)

VM Mutex/Monitor currently owned by a thread: None

Heap address: 0x0000000080000000, size: 2048 MB, Compressed Oops mode: 32-bit

CDS archive(s) mapped at: [0x0000021b50000000-0x0000021b50ba0000-0x0000021b50ba0000), size 12189696, SharedBaseAddress: 0x0000021b50000000, ArchiveRelocationMode: 1.
Compressed class space mapped at: 0x0000021b51000000-0x0000021b91000000, reserved size: 1073741824
Narrow klass base: 0x0000021b50000000, Narrow klass shift: 0, Narrow klass range: 0x100000000

GC Precious Log:
 CardTable entry size: 512
 CPUs: 4 total, 4 available
 Memory: 3919M
 Large Page Support: Disabled
 NUMA Support: Disabled
 Compressed Oops: Enabled (32-bit)
 Alignments: Space 512K, Generation 512K, Heap 2M
 Heap Min Capacity: 100M
 Heap Initial Capacity: 100M
 Heap Max Capacity: 2G
 Pre-touch: Disabled
 Parallel Workers: 4

Heap:
 PSYoungGen      total 24064K, used 18148K [0x00000000d5580000, 0x00000000d7300000, 0x0000000100000000)
  eden space 22528K, 75% used [0x00000000d5580000,0x00000000d66102c0,0x00000000d6b80000)
  from space 1536K, 77% used [0x00000000d7000000,0x00000000d7129128,0x00000000d7180000)
  to   space 1536K, 0% used [0x00000000d7180000,0x00000000d7180000,0x00000000d7300000)
 ParOldGen       total 68608K, used 15594K [0x0000000080000000, 0x0000000084300000, 0x00000000d5580000)
  object space 68608K, 22% used [0x0000000080000000,0x0000000080f3a968,0x0000000084300000)
 Metaspace       used 32535K, committed 33536K, reserved 1114112K
  class space    used 3349K, committed 3776K, reserved 1048576K

Card table byte_map: [0x0000021b385d0000,0x0000021b389e0000] _byte_map_base: 0x0000021b381d0000

Marking Bits: (ParMarkBitMap*) 0x00007ff867462460
 Begin Bits: [0x0000021b4b0e0000, 0x0000021b4d0e0000)
 End Bits:   [0x0000021b4d0e0000, 0x0000021b4f0e0000)

Polling page: 0x0000021b368a0000

Metaspace:

Usage:
  Non-class:     28.50 MB used.
      Class:      3.27 MB used.
       Both:     31.77 MB used.

Virtual space:
  Non-class space:       64.00 MB reserved,      29.06 MB ( 45%) committed,  1 nodes.
      Class space:        1.00 GB reserved,       3.69 MB ( <1%) committed,  1 nodes.
             Both:        1.06 GB reserved,      32.75 MB (  3%) committed. 

Chunk freelists:
   Non-Class:  2.03 MB
       Class:  12.13 MB
        Both:  14.16 MB

MaxMetaspaceSize: unlimited
CompressedClassSpaceSize: 1.00 GB
Initial GC threshold: 21.00 MB
Current GC threshold: 35.00 MB
CDS: on
 - commit_granule_bytes: 65536.
 - commit_granule_words: 8192.
 - virtual_space_node_default_size: 8388608.
 - enlarge_chunks_in_place: 1.
 - use_allocation_guard: 0.


Internal statistics:

num_allocs_failed_limit: 3.
num_arena_births: 714.
num_arena_deaths: 14.
num_vsnodes_births: 2.
num_vsnodes_deaths: 0.
num_space_committed: 524.
num_space_uncommitted: 0.
num_chunks_returned_to_freelist: 17.
num_chunks_taken_from_freelist: 2068.
num_chunk_merges: 9.
num_chunk_splits: 1285.
num_chunks_enlarged: 784.
num_inconsistent_stats: 0.

CodeHeap 'non-profiled nmethods': size=120000Kb used=1957Kb max_used=1957Kb free=118043Kb
 bounds [0x0000021b43900000, 0x0000021b43b70000, 0x0000021b4ae30000]
CodeHeap 'profiled nmethods': size=120000Kb used=9330Kb max_used=9330Kb free=110669Kb
 bounds [0x0000021b3be30000, 0x0000021b3c750000, 0x0000021b43360000]
CodeHeap 'non-nmethods': size=5760Kb used=1343Kb max_used=1395Kb free=4416Kb
 bounds [0x0000021b43360000, 0x0000021b435d0000, 0x0000021b43900000]
CodeCache: size=245760Kb, used=12630Kb, max_used=12682Kb, free=233128Kb
 total_blobs=5054, nmethods=4418, adapters=542, full_count=0
Compilation: enabled, stopped_count=0, restarted_count=0

Compilation events (20 events):
Event: 14.081 Thread 0x0000021b38b8e0f0 4422       2       sun.reflect.annotation.AnnotationInvocationHandler::invoke (182 bytes)
Event: 14.082 Thread 0x0000021b38b8e0f0 nmethod 4422 0x0000021b3c743f90 code [0x0000021b3c744240, 0x0000021b3c744ab0]
Event: 14.082 Thread 0x0000021b38b8e0f0 4423       2       java.lang.Class::getConstructor0 (83 bytes)
Event: 14.083 Thread 0x0000021b38b8e0f0 nmethod 4423 0x0000021b3c744f10 code [0x0000021b3c745120, 0x0000021b3c7455a8]
Event: 14.089 Thread 0x0000021b38b8e0f0 4425       2       java.lang.CompoundEnumeration::hasMoreElements (5 bytes)
Event: 14.089 Thread 0x0000021b38b8e0f0 nmethod 4425 0x0000021b3c745910 code [0x0000021b3c745ac0, 0x0000021b3c745be0]
Event: 14.090 Thread 0x0000021b38b8e0f0 4426   !   2       java.security.AccessController::doPrivileged (22 bytes)
Event: 14.090 Thread 0x0000021b38b8e0f0 nmethod 4426 0x0000021b3c745c90 code [0x0000021b3c745e60, 0x0000021b3c7460a8]
Event: 14.091 Thread 0x0000021b38b8e0f0 4427       2       java.lang.Class::annotationData (44 bytes)
Event: 14.092 Thread 0x0000021b38b8e0f0 nmethod 4427 0x0000021b3c746210 code [0x0000021b3c7463e0, 0x0000021b3c7465f8]
Event: 14.092 Thread 0x0000021b38b8e0f0 4428       2       jdk.internal.module.ServicesCatalog::findServices (17 bytes)
Event: 14.092 Thread 0x0000021b38b8e0f0 nmethod 4428 0x0000021b3c746710 code [0x0000021b3c7468c0, 0x0000021b3c746a58]
Event: 14.092 Thread 0x0000021b38b8e0f0 4429       2       java.util.concurrent.ConcurrentHashMap::getOrDefault (16 bytes)
Event: 14.093 Thread 0x0000021b38b8e0f0 nmethod 4429 0x0000021b3c746b10 code [0x0000021b3c746cc0, 0x0000021b3c746df8]
Event: 14.093 Thread 0x0000021b38b8e0f0 4430       2       jdk.internal.loader.BuiltinClassLoader::findResources (182 bytes)
Event: 14.095 Thread 0x0000021b38b8e0f0 nmethod 4430 0x0000021b3c746e90 code [0x0000021b3c747140, 0x0000021b3c747b10]
Event: 14.095 Thread 0x0000021b38b8e0f0 4431       2       jdk.internal.loader.BuiltinClassLoader::findResourcesOnClassPath (43 bytes)
Event: 14.095 Thread 0x0000021b38b8e0f0 nmethod 4431 0x0000021b3c748310 code [0x0000021b3c7484c0, 0x0000021b3c748650]
Event: 14.095 Thread 0x0000021b38b8e0f0 4432       2       jdk.internal.loader.BuiltinClassLoader$1::<init> (28 bytes)
Event: 14.095 Thread 0x0000021b38b8e0f0 nmethod 4432 0x0000021b3c748790 code [0x0000021b3c748940, 0x0000021b3c748ad0]

GC Heap History (20 events):
Event: 3.860 GC heap before
{Heap before GC invocations=3 (full 0):
 PSYoungGen      total 29696K, used 29671K [0x00000000d5580000, 0x00000000d7680000, 0x0000000100000000)
  eden space 25600K, 100% used [0x00000000d5580000,0x00000000d6e80000,0x00000000d6e80000)
  from space 4096K, 99% used [0x00000000d7280000,0x00000000d7679e98,0x00000000d7680000)
  to   space 4096K, 0% used [0x00000000d6e80000,0x00000000d6e80000,0x00000000d7280000)
 ParOldGen       total 68608K, used 1701K [0x0000000080000000, 0x0000000084300000, 0x00000000d5580000)
  object space 68608K, 2% used [0x0000000080000000,0x00000000801a9548,0x0000000084300000)
 Metaspace       used 9428K, committed 9728K, reserved 1114112K
  class space    used 1007K, committed 1152K, reserved 1048576K
}
Event: 3.867 GC heap after
{Heap after GC invocations=3 (full 0):
 PSYoungGen      total 29696K, used 4085K [0x00000000d5580000, 0x00000000d7680000, 0x0000000100000000)
  eden space 25600K, 0% used [0x00000000d5580000,0x00000000d5580000,0x00000000d6e80000)
  from space 4096K, 99% used [0x00000000d6e80000,0x00000000d727d688,0x00000000d7280000)
  to   space 4096K, 0% used [0x00000000d7280000,0x00000000d7280000,0x00000000d7680000)
 ParOldGen       total 68608K, used 5038K [0x0000000080000000, 0x0000000084300000, 0x00000000d5580000)
  object space 68608K, 7% used [0x0000000080000000,0x00000000804eb9e8,0x0000000084300000)
 Metaspace       used 9428K, committed 9728K, reserved 1114112K
  class space    used 1007K, committed 1152K, reserved 1048576K
}
Event: 7.301 GC heap before
{Heap before GC invocations=4 (full 0):
 PSYoungGen      total 29696K, used 29685K [0x00000000d5580000, 0x00000000d7680000, 0x0000000100000000)
  eden space 25600K, 100% used [0x00000000d5580000,0x00000000d6e80000,0x00000000d6e80000)
  from space 4096K, 99% used [0x00000000d6e80000,0x00000000d727d688,0x00000000d7280000)
  to   space 4096K, 0% used [0x00000000d7280000,0x00000000d7280000,0x00000000d7680000)
 ParOldGen       total 68608K, used 5038K [0x0000000080000000, 0x0000000084300000, 0x00000000d5580000)
  object space 68608K, 7% used [0x0000000080000000,0x00000000804eb9e8,0x0000000084300000)
 Metaspace       used 12158K, committed 12608K, reserved 1114112K
  class space    used 1296K, committed 1472K, reserved 1048576K
}
Event: 7.308 GC heap after
{Heap after GC invocations=4 (full 0):
 PSYoungGen      total 29696K, used 4077K [0x00000000d5580000, 0x00000000d7680000, 0x0000000100000000)
  eden space 25600K, 0% used [0x00000000d5580000,0x00000000d5580000,0x00000000d6e80000)
  from space 4096K, 99% used [0x00000000d7280000,0x00000000d767b698,0x00000000d7680000)
  to   space 4096K, 0% used [0x00000000d6e80000,0x00000000d6e80000,0x00000000d7280000)
 ParOldGen       total 68608K, used 6247K [0x0000000080000000, 0x0000000084300000, 0x00000000d5580000)
  object space 68608K, 9% used [0x0000000080000000,0x0000000080619f10,0x0000000084300000)
 Metaspace       used 12158K, committed 12608K, reserved 1114112K
  class space    used 1296K, committed 1472K, reserved 1048576K
}
Event: 8.751 GC heap before
{Heap before GC invocations=5 (full 0):
 PSYoungGen      total 29696K, used 29677K [0x00000000d5580000, 0x00000000d7680000, 0x0000000100000000)
  eden space 25600K, 100% used [0x00000000d5580000,0x00000000d6e80000,0x00000000d6e80000)
  from space 4096K, 99% used [0x00000000d7280000,0x00000000d767b698,0x00000000d7680000)
  to   space 4096K, 0% used [0x00000000d6e80000,0x00000000d6e80000,0x00000000d7280000)
 ParOldGen       total 68608K, used 6247K [0x0000000080000000, 0x0000000084300000, 0x00000000d5580000)
  object space 68608K, 9% used [0x0000000080000000,0x0000000080619f10,0x0000000084300000)
 Metaspace       used 16225K, committed 16896K, reserved 1114112K
  class space    used 1684K, committed 1984K, reserved 1048576K
}
Event: 8.756 GC heap after
{Heap after GC invocations=5 (full 0):
 PSYoungGen      total 29184K, used 4088K [0x00000000d5580000, 0x00000000d7a00000, 0x0000000100000000)
  eden space 25088K, 0% used [0x00000000d5580000,0x00000000d5580000,0x00000000d6e00000)
  from space 4096K, 99% used [0x00000000d6e80000,0x00000000d727e3d8,0x00000000d7280000)
  to   space 6144K, 0% used [0x00000000d7400000,0x00000000d7400000,0x00000000d7a00000)
 ParOldGen       total 68608K, used 7759K [0x0000000080000000, 0x0000000084300000, 0x00000000d5580000)
  object space 68608K, 11% used [0x0000000080000000,0x0000000080793ef0,0x0000000084300000)
 Metaspace       used 16225K, committed 16896K, reserved 1114112K
  class space    used 1684K, committed 1984K, reserved 1048576K
}
Event: 10.644 GC heap before
{Heap before GC invocations=6 (full 0):
 PSYoungGen      total 29184K, used 29176K [0x00000000d5580000, 0x00000000d7a00000, 0x0000000100000000)
  eden space 25088K, 100% used [0x00000000d5580000,0x00000000d6e00000,0x00000000d6e00000)
  from space 4096K, 99% used [0x00000000d6e80000,0x00000000d727e3d8,0x00000000d7280000)
  to   space 6144K, 0% used [0x00000000d7400000,0x00000000d7400000,0x00000000d7a00000)
 ParOldGen       total 68608K, used 7759K [0x0000000080000000, 0x0000000084300000, 0x00000000d5580000)
  object space 68608K, 11% used [0x0000000080000000,0x0000000080793ef0,0x0000000084300000)
 Metaspace       used 18985K, committed 19776K, reserved 1114112K
  class space    used 2008K, committed 2304K, reserved 1048576K
}
Event: 10.653 GC heap after
{Heap after GC invocations=6 (full 0):
 PSYoungGen      total 29696K, used 4763K [0x00000000d5580000, 0x00000000d7900000, 0x0000000100000000)
  eden space 24576K, 0% used [0x00000000d5580000,0x00000000d5580000,0x00000000d6d80000)
  from space 5120K, 93% used [0x00000000d7400000,0x00000000d78a6c80,0x00000000d7900000)
  to   space 5120K, 0% used [0x00000000d6f00000,0x00000000d6f00000,0x00000000d7400000)
 ParOldGen       total 68608K, used 7767K [0x0000000080000000, 0x0000000084300000, 0x00000000d5580000)
  object space 68608K, 11% used [0x0000000080000000,0x0000000080795ef0,0x0000000084300000)
 Metaspace       used 18985K, committed 19776K, reserved 1114112K
  class space    used 2008K, committed 2304K, reserved 1048576K
}
Event: 11.077 GC heap before
{Heap before GC invocations=7 (full 0):
 PSYoungGen      total 29696K, used 21627K [0x00000000d5580000, 0x00000000d7900000, 0x0000000100000000)
  eden space 24576K, 68% used [0x00000000d5580000,0x00000000d65f8030,0x00000000d6d80000)
  from space 5120K, 93% used [0x00000000d7400000,0x00000000d78a6c80,0x00000000d7900000)
  to   space 5120K, 0% used [0x00000000d6f00000,0x00000000d6f00000,0x00000000d7400000)
 ParOldGen       total 68608K, used 7767K [0x0000000080000000, 0x0000000084300000, 0x00000000d5580000)
  object space 68608K, 11% used [0x0000000080000000,0x0000000080795ef0,0x0000000084300000)
 Metaspace       used 20690K, committed 21504K, reserved 1114112K
  class space    used 2199K, committed 2560K, reserved 1048576K
}
Event: 11.083 GC heap after
{Heap after GC invocations=7 (full 0):
 PSYoungGen      total 29184K, used 4597K [0x00000000d5580000, 0x00000000d7780000, 0x0000000100000000)
  eden space 24576K, 0% used [0x00000000d5580000,0x00000000d5580000,0x00000000d6d80000)
  from space 4608K, 99% used [0x00000000d6f00000,0x00000000d737d470,0x00000000d7380000)
  to   space 4096K, 0% used [0x00000000d7380000,0x00000000d7380000,0x00000000d7780000)
 ParOldGen       total 68608K, used 9039K [0x0000000080000000, 0x0000000084300000, 0x00000000d5580000)
  object space 68608K, 13% used [0x0000000080000000,0x00000000808d3f88,0x0000000084300000)
 Metaspace       used 20690K, committed 21504K, reserved 1114112K
  class space    used 2199K, committed 2560K, reserved 1048576K
}
Event: 11.083 GC heap before
{Heap before GC invocations=8 (full 1):
 PSYoungGen      total 29184K, used 4597K [0x00000000d5580000, 0x00000000d7780000, 0x0000000100000000)
  eden space 24576K, 0% used [0x00000000d5580000,0x00000000d5580000,0x00000000d6d80000)
  from space 4608K, 99% used [0x00000000d6f00000,0x00000000d737d470,0x00000000d7380000)
  to   space 4096K, 0% used [0x00000000d7380000,0x00000000d7380000,0x00000000d7780000)
 ParOldGen       total 68608K, used 9039K [0x0000000080000000, 0x0000000084300000, 0x00000000d5580000)
  object space 68608K, 13% used [0x0000000080000000,0x00000000808d3f88,0x0000000084300000)
 Metaspace       used 20690K, committed 21504K, reserved 1114112K
  class space    used 2199K, committed 2560K, reserved 1048576K
}
Event: 11.129 GC heap after
{Heap after GC invocations=8 (full 1):
 PSYoungGen      total 29184K, used 0K [0x00000000d5580000, 0x00000000d7780000, 0x0000000100000000)
  eden space 24576K, 0% used [0x00000000d5580000,0x00000000d5580000,0x00000000d6d80000)
  from space 4608K, 0% used [0x00000000d6f00000,0x00000000d6f00000,0x00000000d7380000)
  to   space 4096K, 0% used [0x00000000d7380000,0x00000000d7380000,0x00000000d7780000)
 ParOldGen       total 68608K, used 13117K [0x0000000080000000, 0x0000000084300000, 0x00000000d5580000)
  object space 68608K, 19% used [0x0000000080000000,0x0000000080ccf468,0x0000000084300000)
 Metaspace       used 20678K, committed 21504K, reserved 1114112K
  class space    used 2196K, committed 2560K, reserved 1048576K
}
Event: 11.813 GC heap before
{Heap before GC invocations=9 (full 1):
 PSYoungGen      total 29184K, used 24576K [0x00000000d5580000, 0x00000000d7780000, 0x0000000100000000)
  eden space 24576K, 100% used [0x00000000d5580000,0x00000000d6d80000,0x00000000d6d80000)
  from space 4608K, 0% used [0x00000000d6f00000,0x00000000d6f00000,0x00000000d7380000)
  to   space 4096K, 0% used [0x00000000d7380000,0x00000000d7380000,0x00000000d7780000)
 ParOldGen       total 68608K, used 13117K [0x0000000080000000, 0x0000000084300000, 0x00000000d5580000)
  object space 68608K, 19% used [0x0000000080000000,0x0000000080ccf468,0x0000000084300000)
 Metaspace       used 23402K, committed 24256K, reserved 1114112K
  class space    used 2360K, committed 2752K, reserved 1048576K
}
Event: 11.814 GC heap after
{Heap after GC invocations=9 (full 1):
 PSYoungGen      total 25088K, used 658K [0x00000000d5580000, 0x00000000d7480000, 0x0000000100000000)
  eden space 24064K, 0% used [0x00000000d5580000,0x00000000d5580000,0x00000000d6d00000)
  from space 1024K, 64% used [0x00000000d7380000,0x00000000d7424b48,0x00000000d7480000)
  to   space 2560K, 0% used [0x00000000d6f80000,0x00000000d6f80000,0x00000000d7200000)
 ParOldGen       total 68608K, used 13117K [0x0000000080000000, 0x0000000084300000, 0x00000000d5580000)
  object space 68608K, 19% used [0x0000000080000000,0x0000000080ccf468,0x0000000084300000)
 Metaspace       used 23402K, committed 24256K, reserved 1114112K
  class space    used 2360K, committed 2752K, reserved 1048576K
}
Event: 12.577 GC heap before
{Heap before GC invocations=10 (full 1):
 PSYoungGen      total 25088K, used 24722K [0x00000000d5580000, 0x00000000d7480000, 0x0000000100000000)
  eden space 24064K, 100% used [0x00000000d5580000,0x00000000d6d00000,0x00000000d6d00000)
  from space 1024K, 64% used [0x00000000d7380000,0x00000000d7424b48,0x00000000d7480000)
  to   space 2560K, 0% used [0x00000000d6f80000,0x00000000d6f80000,0x00000000d7200000)
 ParOldGen       total 68608K, used 13117K [0x0000000080000000, 0x0000000084300000, 0x00000000d5580000)
  object space 68608K, 19% used [0x0000000080000000,0x0000000080ccf468,0x0000000084300000)
 Metaspace       used 26598K, committed 27520K, reserved 1114112K
  class space    used 2683K, committed 3072K, reserved 1048576K
}
Event: 12.579 GC heap after
{Heap after GC invocations=10 (full 1):
 PSYoungGen      total 26112K, used 927K [0x00000000d5580000, 0x00000000d7400000, 0x0000000100000000)
  eden space 23552K, 0% used [0x00000000d5580000,0x00000000d5580000,0x00000000d6c80000)
  from space 2560K, 36% used [0x00000000d6f80000,0x00000000d7067cd0,0x00000000d7200000)
  to   space 1536K, 0% used [0x00000000d7280000,0x00000000d7280000,0x00000000d7400000)
 ParOldGen       total 68608K, used 13125K [0x0000000080000000, 0x0000000084300000, 0x00000000d5580000)
  object space 68608K, 19% used [0x0000000080000000,0x0000000080cd1468,0x0000000084300000)
 Metaspace       used 26598K, committed 27520K, reserved 1114112K
  class space    used 2683K, committed 3072K, reserved 1048576K
}
Event: 12.833 GC heap before
{Heap before GC invocations=11 (full 1):
 PSYoungGen      total 26112K, used 24474K [0x00000000d5580000, 0x00000000d7400000, 0x0000000100000000)
  eden space 23552K, 99% used [0x00000000d5580000,0x00000000d6c7ed08,0x00000000d6c80000)
  from space 2560K, 36% used [0x00000000d6f80000,0x00000000d7067cd0,0x00000000d7200000)
  to   space 1536K, 0% used [0x00000000d7280000,0x00000000d7280000,0x00000000d7400000)
 ParOldGen       total 68608K, used 13125K [0x0000000080000000, 0x0000000084300000, 0x00000000d5580000)
  object space 68608K, 19% used [0x0000000080000000,0x0000000080cd1468,0x0000000084300000)
 Metaspace       used 28511K, committed 29440K, reserved 1114112K
  class space    used 2887K, committed 3264K, reserved 1048576K
}
Event: 12.836 GC heap after
{Heap after GC invocations=11 (full 1):
 PSYoungGen      total 24576K, used 1499K [0x00000000d5580000, 0x00000000d7400000, 0x0000000100000000)
  eden space 23040K, 0% used [0x00000000d5580000,0x00000000d5580000,0x00000000d6c00000)
  from space 1536K, 97% used [0x00000000d7280000,0x00000000d73f6da0,0x00000000d7400000)
  to   space 2048K, 0% used [0x00000000d7000000,0x00000000d7000000,0x00000000d7200000)
 ParOldGen       total 68608K, used 14176K [0x0000000080000000, 0x0000000084300000, 0x00000000d5580000)
  object space 68608K, 20% used [0x0000000080000000,0x0000000080dd83b0,0x0000000084300000)
 Metaspace       used 28511K, committed 29440K, reserved 1114112K
  class space    used 2887K, committed 3264K, reserved 1048576K
}
Event: 13.685 GC heap before
{Heap before GC invocations=12 (full 1):
 PSYoungGen      total 24576K, used 24539K [0x00000000d5580000, 0x00000000d7400000, 0x0000000100000000)
  eden space 23040K, 100% used [0x00000000d5580000,0x00000000d6c00000,0x00000000d6c00000)
  from space 1536K, 97% used [0x00000000d7280000,0x00000000d73f6da0,0x00000000d7400000)
  to   space 2048K, 0% used [0x00000000d7000000,0x00000000d7000000,0x00000000d7200000)
 ParOldGen       total 68608K, used 14176K [0x0000000080000000, 0x0000000084300000, 0x00000000d5580000)
  object space 68608K, 20% used [0x0000000080000000,0x0000000080dd83b0,0x0000000084300000)
 Metaspace       used 30596K, committed 31552K, reserved 1114112K
  class space    used 3137K, committed 3520K, reserved 1048576K
}
Event: 13.689 GC heap after
{Heap after GC invocations=12 (full 1):
 PSYoungGen      total 24064K, used 1188K [0x00000000d5580000, 0x00000000d7300000, 0x0000000100000000)
  eden space 22528K, 0% used [0x00000000d5580000,0x00000000d5580000,0x00000000d6b80000)
  from space 1536K, 77% used [0x00000000d7000000,0x00000000d7129128,0x00000000d7180000)
  to   space 1536K, 0% used [0x00000000d7180000,0x00000000d7180000,0x00000000d7300000)
 ParOldGen       total 68608K, used 15594K [0x0000000080000000, 0x0000000084300000, 0x00000000d5580000)
  object space 68608K, 22% used [0x0000000080000000,0x0000000080f3a968,0x0000000084300000)
 Metaspace       used 30596K, committed 31552K, reserved 1114112K
  class space    used 3137K, committed 3520K, reserved 1048576K
}

Dll operation events (10 events):
Event: 0.032 Loaded shared library c:\Users\hp\.vscode\extensions\redhat.java-1.50.0-win32-x64\jre\21.0.9-win32-x86_64\bin\java.dll
Event: 0.201 Loaded shared library c:\Users\hp\.vscode\extensions\redhat.java-1.50.0-win32-x64\jre\21.0.9-win32-x86_64\bin\zip.dll
Event: 0.267 Loaded shared library C:\Users\hp\.vscode\extensions\redhat.java-1.50.0-win32-x64\jre\21.0.9-win32-x86_64\bin\instrument.dll
Event: 0.279 Loaded shared library C:\Users\hp\.vscode\extensions\redhat.java-1.50.0-win32-x64\jre\21.0.9-win32-x86_64\bin\net.dll
Event: 0.282 Loaded shared library C:\Users\hp\.vscode\extensions\redhat.java-1.50.0-win32-x64\jre\21.0.9-win32-x86_64\bin\nio.dll
Event: 0.290 Loaded shared library C:\Users\hp\.vscode\extensions\redhat.java-1.50.0-win32-x64\jre\21.0.9-win32-x86_64\bin\zip.dll
Event: 0.327 Loaded shared library C:\Users\hp\.vscode\extensions\redhat.java-1.50.0-win32-x64\jre\21.0.9-win32-x86_64\bin\jimage.dll
Event: 0.466 Loaded shared library c:\Users\hp\.vscode\extensions\redhat.java-1.50.0-win32-x64\jre\21.0.9-win32-x86_64\bin\verify.dll
Event: 3.282 Loaded shared library C:\Users\hp\AppData\Roaming\Code\User\globalStorage\redhat.java\1.50.0\config_win\org.eclipse.equinox.launcher\org.eclipse.equinox.launcher.win32.win32.x86_64_1.2.1400.v20250801-0854\eclipse_11916.dll
Event: 10.080 Loaded shared library C:\Users\hp\AppData\Local\Temp\jna-3336\jna18241757780750463228.dll

Deoptimization events (20 events):
Event: 13.682 Thread 0x0000021b91d49980 DEOPT PACKING pc=0x0000021b43a74420 sp=0x0000005001cfdbc0
Event: 13.682 Thread 0x0000021b91d49980 DEOPT UNPACKING pc=0x0000021b433b3aa2 sp=0x0000005001cfdb18 mode 2
Event: 13.799 Thread 0x0000021b9172d520 Uncommon trap: trap_request=0xffffff45 fr.pc=0x0000021b43ad4c08 relative=0x0000000000001108
Event: 13.799 Thread 0x0000021b9172d520 Uncommon trap: reason=unstable_if action=reinterpret pc=0x0000021b43ad4c08 method=sun.nio.cs.StreamDecoder.lockedRead0()I @ 30 c2
Event: 13.799 Thread 0x0000021b9172d520 DEOPT PACKING pc=0x0000021b43ad4c08 sp=0x00000050022fe340
Event: 13.799 Thread 0x0000021b9172d520 DEOPT UNPACKING pc=0x0000021b433b3aa2 sp=0x00000050022fe168 mode 2
Event: 13.807 Thread 0x0000021b9172d520 Uncommon trap: trap_request=0xffffff45 fr.pc=0x0000021b43ad6fe8 relative=0x0000000000000628
Event: 13.807 Thread 0x0000021b9172d520 Uncommon trap: reason=unstable_if action=reinterpret pc=0x0000021b43ad6fe8 method=sun.nio.cs.StreamDecoder.lockedRead0()I @ 30 c2
Event: 13.807 Thread 0x0000021b9172d520 DEOPT PACKING pc=0x0000021b43ad6fe8 sp=0x00000050022fe3c0
Event: 13.807 Thread 0x0000021b9172d520 DEOPT UNPACKING pc=0x0000021b433b3aa2 sp=0x00000050022fe278 mode 2
Event: 13.810 Thread 0x0000021b9172d520 Uncommon trap: trap_request=0xffffff45 fr.pc=0x0000021b43adc604 relative=0x0000000000000364
Event: 13.810 Thread 0x0000021b9172d520 Uncommon trap: reason=unstable_if action=reinterpret pc=0x0000021b43adc604 method=sun.nio.cs.StreamDecoder.lockedRead0()I @ 30 c2
Event: 13.810 Thread 0x0000021b9172d520 DEOPT PACKING pc=0x0000021b43adc604 sp=0x00000050022fe310
Event: 13.810 Thread 0x0000021b9172d520 DEOPT UNPACKING pc=0x0000021b433b3aa2 sp=0x00000050022fe220 mode 2
Event: 13.819 Thread 0x0000021b9172d520 Uncommon trap: trap_request=0xffffff45 fr.pc=0x0000021b43adbf18 relative=0x0000000000000158
Event: 13.821 Thread 0x0000021b9172d520 Uncommon trap: reason=unstable_if action=reinterpret pc=0x0000021b43adbf18 method=sun.nio.cs.StreamDecoder.lockedRead0()I @ 30 c2
Event: 13.821 Thread 0x0000021b9172d520 DEOPT PACKING pc=0x0000021b43adbf18 sp=0x00000050022fe260
Event: 13.821 Thread 0x0000021b9172d520 DEOPT UNPACKING pc=0x0000021b433b3aa2 sp=0x00000050022fe1e8 mode 2
Event: 13.954 Thread 0x0000021b91d49980 DEOPT PACKING pc=0x0000021b3c681f06 sp=0x0000005001cfd720
Event: 13.954 Thread 0x0000021b91d49980 DEOPT UNPACKING pc=0x0000021b433b4242 sp=0x0000005001cfcc30 mode 0

Classes loaded (20 events):
Event: 14.059 Loading class sun/nio/cs/DoubleByte$Encoder done
Event: 14.059 Loading class sun/nio/cs/MS1251
Event: 14.059 Loading class sun/nio/cs/MS1251 done
Event: 14.060 Loading class sun/nio/cs/MS1250
Event: 14.060 Loading class sun/nio/cs/MS1250 done
Event: 14.061 Loading class sun/nio/cs/ISO_8859_2
Event: 14.061 Loading class sun/nio/cs/ISO_8859_2 done
Event: 14.067 Loading class sun/nio/cs/ISO_8859_4
Event: 14.068 Loading class sun/nio/cs/ISO_8859_4 done
Event: 14.068 Loading class sun/nio/cs/ISO_8859_5
Event: 14.068 Loading class sun/nio/cs/ISO_8859_5 done
Event: 14.071 Loading class sun/nio/cs/ISO_8859_9
Event: 14.071 Loading class sun/nio/cs/ISO_8859_9 done
Event: 14.072 Loading class sun/nio/cs/ISO_8859_7
Event: 14.072 Loading class sun/nio/cs/ISO_8859_7 done
Event: 14.073 Loading class sun/nio/cs/IBM850
Event: 14.073 Loading class sun/nio/cs/IBM850 done
Event: 14.076 Loading class sun/nio/cs/SJIS
Event: 14.076 Loading class sun/nio/cs/SJIS done
Event: 14.097 Loading class sun/nio/cs/KOI8_R

Classes unloaded (7 events):
Event: 11.092 Thread 0x0000021b38cebaf0 Unloading class 0x0000021b511acc00 'java/lang/invoke/LambdaForm$MH+0x0000021b511acc00'
Event: 11.092 Thread 0x0000021b38cebaf0 Unloading class 0x0000021b511ac800 'java/lang/invoke/LambdaForm$MH+0x0000021b511ac800'
Event: 11.092 Thread 0x0000021b38cebaf0 Unloading class 0x0000021b511ac400 'java/lang/invoke/LambdaForm$MH+0x0000021b511ac400'
Event: 11.092 Thread 0x0000021b38cebaf0 Unloading class 0x0000021b511ac000 'java/lang/invoke/LambdaForm$MH+0x0000021b511ac000'
Event: 11.092 Thread 0x0000021b38cebaf0 Unloading class 0x0000021b511abc00 'java/lang/invoke/LambdaForm$BMH+0x0000021b511abc00'
Event: 11.092 Thread 0x0000021b38cebaf0 Unloading class 0x0000021b511ab800 'java/lang/invoke/LambdaForm$DMH+0x0000021b511ab800'
Event: 11.092 Thread 0x0000021b38cebaf0 Unloading class 0x0000021b511aa400 'java/lang/invoke/LambdaForm$DMH+0x0000021b511aa400'

Classes redefined (0 events):
No events

Internal exceptions (20 events):
Event: 12.109 Thread 0x0000021b9172d520 Exception <a 'java/lang/NoSuchMethodError'{0x00000000d5f08938}: 'java.lang.Object java.lang.invoke.DirectMethodHandle$Holder.invokeStaticInit(java.lang.Object, java.lang.Object, java.lang.Object, java.lang.Object, java.lang.Object, java.lang.Object, java.lang.Object)'> (0x00000000d5f08938) 
thrown [s\src\hotspot\share\interpreter\linkResolver.cpp, line 773]
Event: 12.109 Thread 0x0000021b9172d520 Exception <a 'java/lang/NoSuchMethodError'{0x00000000d5f13550}: 'java.lang.Object java.lang.invoke.Invokers$Holder.invoke_MT(java.lang.Object, java.lang.Object, java.lang.Object, java.lang.Object, java.lang.Object, java.lang.Object, java.lang.Object, java.lang.Object, java.lang.Object)'> (0x00000000d5f13550) 
thrown [s\src\hotspot\share\interpreter\linkResolver.cpp, line 773]
Event: 12.124 Thread 0x0000021b9172d520 Exception <a 'java/lang/NoSuchMethodError'{0x00000000d6008ac8}: 'int java.lang.invoke.DirectMethodHandle$Holder.invokeVirtual(java.lang.Object, java.lang.Object, java.lang.Object)'> (0x00000000d6008ac8) 
thrown [s\src\hotspot\share\interpreter\linkResolver.cpp, line 773]
Event: 12.125 Thread 0x0000021b9172d520 Exception <a 'java/lang/NoSuchMethodError'{0x00000000d600c9e0}: 'int java.lang.invoke.DirectMethodHandle$Holder.invokeStaticInit(java.lang.Object, int, int)'> (0x00000000d600c9e0) 
thrown [s\src\hotspot\share\interpreter\linkResolver.cpp, line 773]
Event: 12.126 Thread 0x0000021b9172d520 Exception <a 'java/lang/NoSuchMethodError'{0x00000000d6025a10}: 'int java.lang.invoke.DirectMethodHandle$Holder.invokeStaticInit(java.lang.Object, long, long)'> (0x00000000d6025a10) 
thrown [s\src\hotspot\share\interpreter\linkResolver.cpp, line 773]
Event: 12.127 Thread 0x0000021b9172d520 Exception <a 'java/lang/NoSuchMethodError'{0x00000000d609b568}: 'int java.lang.invoke.DirectMethodHandle$Holder.invokeStaticInit(java.lang.Object, float, float)'> (0x00000000d609b568) 
thrown [s\src\hotspot\share\interpreter\linkResolver.cpp, line 773]
Event: 12.127 Thread 0x0000021b91d49980 Implicit null exception at 0x0000021b43a9c575 to 0x0000021b43a9c668
Event: 12.128 Thread 0x0000021b9172d520 Exception <a 'java/lang/NoSuchMethodError'{0x00000000d60a1eb0}: 'int java.lang.invoke.DirectMethodHandle$Holder.invokeStaticInit(java.lang.Object, double, double)'> (0x00000000d60a1eb0) 
thrown [s\src\hotspot\share\interpreter\linkResolver.cpp, line 773]
Event: 12.133 Thread 0x0000021b9172d520 Exception <a 'java/lang/NoSuchMethodError'{0x00000000d60a62a0}: 'int java.lang.invoke.DirectMethodHandle$Holder.invokeStatic(java.lang.Object, long)'> (0x00000000d60a62a0) 
thrown [s\src\hotspot\share\interpreter\linkResolver.cpp, line 773]
Event: 12.139 Thread 0x0000021b9172d520 Exception <a 'java/lang/NoSuchMethodError'{0x00000000d60d08f0}: 'int java.lang.invoke.Invokers$Holder.linkToTargetMethod(java.lang.Object, java.lang.Object)'> (0x00000000d60d08f0) 
thrown [s\src\hotspot\share\interpreter\linkResolver.cpp, line 773]
Event: 12.141 Thread 0x0000021b9172ce90 Exception <a 'java/lang/NoSuchMethodError'{0x00000000d60df078}: 'int java.lang.invoke.DirectMethodHandle$Holder.invokeSpecial(java.lang.Object, java.lang.Object, java.lang.Object, java.lang.Object)'> (0x00000000d60df078) 
thrown [s\src\hotspot\share\interpreter\linkResolver.cpp, line 773]
Event: 12.143 Thread 0x0000021b9172ce90 Exception <a 'java/lang/NoSuchMethodError'{0x00000000d60f7a98}: 'java.lang.Object java.lang.invoke.DirectMethodHandle$Holder.invokeStatic(java.lang.Object, int, java.lang.Object, java.lang.Object)'> (0x00000000d60f7a98) 
thrown [s\src\hotspot\share\interpreter\linkResolver.cpp, line 773]
Event: 12.144 Thread 0x0000021b9172ce90 Exception <a 'java/lang/NoSuchMethodError'{0x00000000d60fe828}: 'java.lang.Object java.lang.invoke.DelegatingMethodHandle$Holder.delegate(java.lang.Object, int, java.lang.Object, java.lang.Object)'> (0x00000000d60fe828) 
thrown [s\src\hotspot\share\interpreter\linkResolver.cpp, line 773]
Event: 12.148 Thread 0x0000021b9172ce90 Exception <a 'java/lang/NoSuchMethodError'{0x00000000d611f9d0}: 'int java.lang.invoke.Invokers$Holder.linkToTargetMethod(java.lang.Object, java.lang.Object, java.lang.Object)'> (0x00000000d611f9d0) 
thrown [s\src\hotspot\share\interpreter\linkResolver.cpp, line 773]
Event: 12.241 Thread 0x0000021b9172d520 Exception <a 'java/lang/NoSuchMethodError'{0x00000000d63800e8}: 'java.lang.Object java.lang.invoke.DirectMethodHandle$Holder.invokeSpecialIFC(java.lang.Object, java.lang.Object, java.lang.Object, java.lang.Object)'> (0x00000000d63800e8) 
thrown [s\src\hotspot\share\interpreter\linkResolver.cpp, line 773]
Event: 13.310 Thread 0x0000021b9172d520 Exception <a 'java/lang/NoClassDefFoundError'{0x00000000d62cec98}: javax/enterprise/inject/Typed> (0x00000000d62cec98) 
thrown [s\src\hotspot\share\classfile\systemDictionary.cpp, line 301]
Event: 13.343 Thread 0x0000021b91d49980 Exception <a 'java/lang/ClassNotFoundException'{0x00000000d63319e8}: com/sun/org/apache/xerces/internal/impl/msg/spi/DOMMessagesProvider> (0x00000000d63319e8) 
thrown [s\src\hotspot\share\classfile\systemDictionary.cpp, line 312]
Event: 13.344 Thread 0x0000021b91d49980 Exception <a 'java/lang/ClassNotFoundException'{0x00000000d63431a0}: com/sun/org/apache/xerces/internal/impl/msg/spi/XMLSerializerMessagesProvider> (0x00000000d63431a0) 
thrown [s\src\hotspot\share\classfile\systemDictionary.cpp, line 312]
Event: 13.348 Thread 0x0000021b91d49980 Exception <a 'java/lang/ClassNotFoundException'{0x00000000d634c460}: com/sun/org/apache/xerces/internal/impl/msg/spi/XMLMessagesProvider> (0x00000000d634c460) 
thrown [s\src\hotspot\share\classfile\systemDictionary.cpp, line 312]
Event: 14.000 Thread 0x0000021b91d49980 Exception <a 'java/lang/ClassNotFoundException'{0x00000000d5fe7720}: com/sun/org/apache/xml/internal/serializer/spi/XMLEntitiesProvider> (0x00000000d5fe7720) 
thrown [s\src\hotspot\share\classfile\systemDictionary.cpp, line 312]

ZGC Phase Switch (0 events):
No events

VM Operations (20 events):
Event: 10.644 Executing VM operation: ParallelGCFailedAllocation (Allocation Failure)
Event: 10.653 Executing VM operation: ParallelGCFailedAllocation (Allocation Failure) done
Event: 11.077 Executing VM operation: CollectForMetadataAllocation (Metadata GC Threshold)
Event: 11.129 Executing VM operation: CollectForMetadataAllocation (Metadata GC Threshold) done
Event: 11.813 Executing VM operation: ParallelGCFailedAllocation (Allocation Failure)
Event: 11.814 Executing VM operation: ParallelGCFailedAllocation (Allocation Failure) done
Event: 12.151 Executing VM operation: HandshakeAllThreads (Deoptimize)
Event: 12.151 Executing VM operation: HandshakeAllThreads (Deoptimize) done
Event: 12.576 Executing VM operation: ParallelGCFailedAllocation (Allocation Failure)
Event: 12.579 Executing VM operation: ParallelGCFailedAllocation (Allocation Failure) done
Event: 12.833 Executing VM operation: ParallelGCFailedAllocation (Allocation Failure)
Event: 12.836 Executing VM operation: ParallelGCFailedAllocation (Allocation Failure) done
Event: 13.241 Executing VM operation: HandshakeAllThreads (Deoptimize)
Event: 13.241 Executing VM operation: HandshakeAllThreads (Deoptimize) done
Event: 13.681 Executing VM operation: HandshakeAllThreads (Deoptimize)
Event: 13.681 Executing VM operation: HandshakeAllThreads (Deoptimize) done
Event: 13.685 Executing VM operation: ParallelGCFailedAllocation (Allocation Failure)
Event: 13.689 Executing VM operation: ParallelGCFailedAllocation (Allocation Failure) done
Event: 14.057 Executing VM operation: HandshakeAllThreads (Deoptimize)
Event: 14.058 Executing VM operation: HandshakeAllThreads (Deoptimize) done

Memory protections (0 events):
No events

Nmethod flushes (0 events):
No events

Events (20 events):
Event: 0.112 Thread 0x0000021b38c2dcb0 Thread added: 0x0000021b38b20a80
Event: 0.113 Thread 0x0000021b38c2dcb0 Thread added: 0x0000021b38b234e0
Event: 0.114 Thread 0x0000021b38c2dcb0 Thread added: 0x0000021b38b23f30
Event: 0.114 Thread 0x0000021b38c2dcb0 Thread added: 0x0000021b38b24d60
Event: 0.116 Thread 0x0000021b38c2dcb0 Thread added: 0x0000021b38b8e0f0
Event: 0.272 Thread 0x0000021b38c2dcb0 Thread added: 0x0000021b91363960
Event: 0.614 Thread 0x0000021b38c2dcb0 Thread added: 0x0000021b91498270
Event: 2.909 Thread 0x0000021b38c2dcb0 Thread added: 0x0000021b91a735d0
Event: 3.262 Thread 0x0000021b38c2dcb0 Thread added: 0x0000021b91a4efa0
Event: 3.341 Thread 0x0000021b91a4efa0 Thread added: 0x0000021b91d48f50
Event: 3.344 Thread 0x0000021b38c2dcb0 Thread added: 0x0000021b91d49980
Event: 3.951 Thread 0x0000021b91d49980 Thread added: 0x0000021b91b3b020
Event: 6.531 Thread 0x0000021b91d49980 Thread added: 0x0000021b96532700
Event: 8.188 Thread 0x0000021b91d49980 Thread added: 0x0000021b913e07d0
Event: 10.131 Thread 0x0000021b91d49980 Thread added: 0x0000021b963d7990
Event: 10.185 Thread 0x0000021b91d49980 Thread added: 0x0000021b9172ce90
Event: 10.214 Thread 0x0000021b91d49980 Thread added: 0x0000021b9172d520
Event: 12.057 Thread 0x0000021b9172d520 Thread added: 0x0000021b9172a0a0
Event: 12.315 Thread 0x0000021b9172a0a0 Thread added: 0x0000021b9172bae0
Event: 13.511 Thread 0x0000021b91d49980 Thread added: 0x0000021b9172adc0


Dynamic libraries:
0x00007ff70a0d0000 - 0x00007ff70a0de000 	c:\Users\hp\.vscode\extensions\redhat.java-1.50.0-win32-x64\jre\21.0.9-win32-x86_64\bin\java.exe
0x00007ff905160000 - 0x00007ff9053c7000 	C:\WINDOWS\SYSTEM32\ntdll.dll
0x00007ff9036a0000 - 0x00007ff903769000 	C:\WINDOWS\System32\KERNEL32.DLL
0x00007ff902860000 - 0x00007ff902c4f000 	C:\WINDOWS\System32\KERNELBASE.dll
0x00007ff902420000 - 0x00007ff90256b000 	C:\WINDOWS\System32\ucrtbase.dll
0x00007ff8e6490000 - 0x00007ff8e64a8000 	c:\Users\hp\.vscode\extensions\redhat.java-1.50.0-win32-x64\jre\21.0.9-win32-x86_64\bin\jli.dll
0x00007ff904540000 - 0x00007ff904705000 	C:\WINDOWS\System32\USER32.dll
0x00007ff8e6470000 - 0x00007ff8e648e000 	c:\Users\hp\.vscode\extensions\redhat.java-1.50.0-win32-x64\jre\21.0.9-win32-x86_64\bin\VCRUNTIME140.dll
0x00007ff9027a0000 - 0x00007ff9027c7000 	C:\WINDOWS\System32\win32u.dll
0x00007ff904740000 - 0x00007ff90476b000 	C:\WINDOWS\System32\GDI32.dll
0x00007ff902c60000 - 0x00007ff902d8c000 	C:\WINDOWS\System32\gdi32full.dll
0x00007ff9022b0000 - 0x00007ff902353000 	C:\WINDOWS\System32\msvcp_win.dll
0x00007ff8e7d80000 - 0x00007ff8e8013000 	C:\WINDOWS\WinSxS\amd64_microsoft.windows.common-controls_6595b64144ccf1df_6.0.26100.7309_none_3e05feeae336a044\COMCTL32.dll
0x00007ff904390000 - 0x00007ff904439000 	C:\WINDOWS\System32\msvcrt.dll
0x00007ff902f00000 - 0x00007ff902f31000 	C:\WINDOWS\System32\IMM32.DLL
0x00007ff8fd290000 - 0x00007ff8fd29c000 	c:\Users\hp\.vscode\extensions\redhat.java-1.50.0-win32-x64\jre\21.0.9-win32-x86_64\bin\vcruntime140_1.dll
0x00007ff8a3cb0000 - 0x00007ff8a3d3d000 	c:\Users\hp\.vscode\extensions\redhat.java-1.50.0-win32-x64\jre\21.0.9-win32-x86_64\bin\msvcp140.dll
0x00007ff8667a0000 - 0x00007ff867540000 	c:\Users\hp\.vscode\extensions\redhat.java-1.50.0-win32-x64\jre\21.0.9-win32-x86_64\bin\server\jvm.dll
0x00007ff903d80000 - 0x00007ff903e34000 	C:\WINDOWS\System32\ADVAPI32.dll
0x00007ff904770000 - 0x00007ff904816000 	C:\WINDOWS\System32\sechost.dll
0x00007ff903050000 - 0x00007ff903168000 	C:\WINDOWS\System32\RPCRT4.dll
0x00007ff904820000 - 0x00007ff904894000 	C:\WINDOWS\System32\WS2_32.dll
0x00007ff902110000 - 0x00007ff90216e000 	C:\WINDOWS\SYSTEM32\POWRPROF.dll
0x00007ff8ec600000 - 0x00007ff8ec635000 	C:\WINDOWS\SYSTEM32\WINMM.dll
0x00007ff8f35e0000 - 0x00007ff8f35eb000 	C:\WINDOWS\SYSTEM32\VERSION.dll
0x00007ff9020f0000 - 0x00007ff902104000 	C:\WINDOWS\SYSTEM32\UMPDC.dll
0x00007ff901060000 - 0x00007ff90107b000 	C:\WINDOWS\SYSTEM32\kernel.appcore.dll
0x00007ff8fcdd0000 - 0x00007ff8fcdda000 	c:\Users\hp\.vscode\extensions\redhat.java-1.50.0-win32-x64\jre\21.0.9-win32-x86_64\bin\jimage.dll
0x00007ff8ff6b0000 - 0x00007ff8ff8f2000 	C:\WINDOWS\SYSTEM32\DBGHELP.DLL
0x00007ff903310000 - 0x00007ff903695000 	C:\WINDOWS\System32\combase.dll
0x00007ff9042b0000 - 0x00007ff904386000 	C:\WINDOWS\System32\OLEAUT32.dll
0x00007ff8e68c0000 - 0x00007ff8e68fc000 	C:\WINDOWS\SYSTEM32\dbgcore.DLL
0x00007ff902570000 - 0x00007ff902615000 	C:\WINDOWS\System32\bcryptPrimitives.dll
0x00007ff8ebc20000 - 0x00007ff8ebc2f000 	c:\Users\hp\.vscode\extensions\redhat.java-1.50.0-win32-x64\jre\21.0.9-win32-x86_64\bin\instrument.dll
0x00007ff8e6140000 - 0x00007ff8e6160000 	c:\Users\hp\.vscode\extensions\redhat.java-1.50.0-win32-x64\jre\21.0.9-win32-x86_64\bin\java.dll
0x00007ff904960000 - 0x00007ff9050b3000 	C:\WINDOWS\System32\SHELL32.dll
0x00007ff902d90000 - 0x00007ff902efa000 	C:\WINDOWS\System32\wintypes.dll
0x00007ff8ffd70000 - 0x00007ff9005ce000 	C:\WINDOWS\SYSTEM32\windows.storage.dll
0x00007ff902f40000 - 0x00007ff903035000 	C:\WINDOWS\System32\SHCORE.dll
0x00007ff903d10000 - 0x00007ff903d76000 	C:\WINDOWS\System32\shlwapi.dll
0x00007ff9021d0000 - 0x00007ff9021f9000 	C:\WINDOWS\SYSTEM32\profapi.dll
0x00007ff8f5540000 - 0x00007ff8f5558000 	c:\Users\hp\.vscode\extensions\redhat.java-1.50.0-win32-x64\jre\21.0.9-win32-x86_64\bin\zip.dll
0x00007ff8e7220000 - 0x00007ff8e7230000 	C:\Users\hp\.vscode\extensions\redhat.java-1.50.0-win32-x64\jre\21.0.9-win32-x86_64\bin\net.dll
0x00007ff8f4b00000 - 0x00007ff8f4c28000 	C:\WINDOWS\SYSTEM32\WINHTTP.dll
0x00007ff9015d0000 - 0x00007ff90163b000 	C:\WINDOWS\system32\mswsock.dll
0x00007ff8c8280000 - 0x00007ff8c8296000 	C:\Users\hp\.vscode\extensions\redhat.java-1.50.0-win32-x64\jre\21.0.9-win32-x86_64\bin\nio.dll
0x00007ff8e6d80000 - 0x00007ff8e6d90000 	c:\Users\hp\.vscode\extensions\redhat.java-1.50.0-win32-x64\jre\21.0.9-win32-x86_64\bin\verify.dll
0x00007ff8b1ea0000 - 0x00007ff8b1ee4000 	C:\Users\hp\AppData\Roaming\Code\User\globalStorage\redhat.java\1.50.0\config_win\org.eclipse.equinox.launcher\org.eclipse.equinox.launcher.win32.win32.x86_64_1.2.1400.v20250801-0854\eclipse_11916.dll
0x00007ff903170000 - 0x00007ff903307000 	C:\WINDOWS\System32\ole32.dll
0x00007ff901890000 - 0x00007ff9018ab000 	C:\WINDOWS\SYSTEM32\CRYPTSP.dll
0x00007ff900fc0000 - 0x00007ff900ffa000 	C:\WINDOWS\system32\rsaenh.dll
0x00007ff901680000 - 0x00007ff9016ab000 	C:\WINDOWS\SYSTEM32\USERENV.dll
0x00007ff9021a0000 - 0x00007ff9021ca000 	C:\WINDOWS\SYSTEM32\bcrypt.dll
0x00007ff9018b0000 - 0x00007ff9018bc000 	C:\WINDOWS\SYSTEM32\CRYPTBASE.dll
0x00007ff900a70000 - 0x00007ff900aa4000 	C:\WINDOWS\SYSTEM32\IPHLPAPI.DLL
0x00007ff905110000 - 0x00007ff90511a000 	C:\WINDOWS\System32\NSI.dll
0x00007ff8a78f0000 - 0x00007ff8a7939000 	C:\Users\hp\AppData\Local\Temp\jna-3336\jna18241757780750463228.dll
0x00007ff903040000 - 0x00007ff903048000 	C:\WINDOWS\System32\PSAPI.DLL

JVMTI agents:
c:\Users\hp\.vscode\extensions\redhat.java-1.50.0-win32-x64\lombok\lombok-1.18.39-4050.jar path:c:\Users\hp\.vscode\extensions\redhat.java-1.50.0-win32-x64\jre\21.0.9-win32-x86_64\bin\instrument.dll, loaded, initialized, instrumentlib options:none

dbghelp: loaded successfully - version: 4.0.5 - missing functions: none
symbol engine: initialized successfully - sym options: 0x614 - pdb path: .;c:\Users\hp\.vscode\extensions\redhat.java-1.50.0-win32-x64\jre\21.0.9-win32-x86_64\bin;C:\WINDOWS\SYSTEM32;C:\WINDOWS\WinSxS\amd64_microsoft.windows.common-controls_6595b64144ccf1df_6.0.26100.7309_none_3e05feeae336a044;c:\Users\hp\.vscode\extensions\redhat.java-1.50.0-win32-x64\jre\21.0.9-win32-x86_64\bin\server;C:\Users\hp\AppData\Roaming\Code\User\globalStorage\redhat.java\1.50.0\config_win\org.eclipse.equinox.launcher\org.eclipse.equinox.launcher.win32.win32.x86_64_1.2.1400.v20250801-0854;C:\Users\hp\AppData\Local\Temp\jna-3336

VM Arguments:
jvm_args: --add-modules=ALL-SYSTEM --add-opens=java.base/java.util=ALL-UNNAMED --add-opens=java.base/java.lang=ALL-UNNAMED --add-opens=java.base/sun.nio.fs=ALL-UNNAMED -Declipse.application=org.eclipse.jdt.ls.core.id1 -Dosgi.bundles.defaultStartLevel=4 -Declipse.product=org.eclipse.jdt.ls.core.product -Djava.import.generatesMetadataFilesAtProjectRoot=false -DDetectVMInstallationsJob.disabled=true -Dfile.encoding=utf8 -XX:+UseParallelGC -XX:GCTimeRatio=4 -XX:AdaptiveSizePolicyWeight=90 -Dsun.zip.disableMemoryMapping=true -Xmx2G -Xms100m -Xlog:disable -javaagent:c:\Users\hp\.vscode\extensions\redhat.java-1.50.0-win32-x64\lombok\lombok-1.18.39-4050.jar -XX:+HeapDumpOnOutOfMemoryError -XX:HeapDumpPath=c:\Users\hp\AppData\Roaming\Code\User\workspaceStorage\314233e027ade1efa6ded64e5f5a4286\redhat.java -Daether.dependencyCollector.impl=bf 
java_command: c:\Users\hp\.vscode\extensions\redhat.java-1.50.0-win32-x64\server\plugins\org.eclipse.equinox.launcher_1.7.100.v20251111-0406.jar -configuration c:\Users\hp\AppData\Roaming\Code\User\globalStorage\redhat.java\1.50.0\config_win -data c:\Users\hp\AppData\Roaming\Code\User\workspaceStorage\314233e027ade1efa6ded64e5f5a4286\redhat.java\jdt_ws --pipe=\\.\pipe\lsp-2a6a2063fdccb807141830c61af34237-sock
java_class_path (initial): c:\Users\hp\.vscode\extensions\redhat.java-1.50.0-win32-x64\server\plugins\org.eclipse.equinox.launcher_1.7.100.v20251111-0406.jar
Launcher Type: SUN_STANDARD

[Global flags]
    uintx AdaptiveSizePolicyWeight                 = 90                                        {product} {command line}
     intx CICompilerCount                          = 3                                         {product} {ergonomic}
    uintx GCTimeRatio                              = 4                                         {product} {command line}
     bool HeapDumpOnOutOfMemoryError               = true                                   {manageable} {command line}
    ccstr HeapDumpPath                             = c:\Users\hp\AppData\Roaming\Code\User\workspaceStorage\314233e027ade1efa6ded64e5f5a4286\redhat.java         {manageable} {command line}
   size_t InitialHeapSize                          = 104857600                                 {product} {command line}
   size_t MaxHeapSize                              = 2147483648                                {product} {command line}
   size_t MaxNewSize                               = 715653120                                 {product} {ergonomic}
   size_t MinHeapDeltaBytes                        = 524288                                    {product} {ergonomic}
   size_t MinHeapSize                              = 104857600                                 {product} {command line}
   size_t NewSize                                  = 34603008                                  {product} {ergonomic}
    uintx NonNMethodCodeHeapSize                   = 5832780                                {pd product} {ergonomic}
    uintx NonProfiledCodeHeapSize                  = 122912730                              {pd product} {ergonomic}
   size_t OldSize                                  = 70254592                                  {product} {ergonomic}
    uintx ProfiledCodeHeapSize                     = 122912730                              {pd product} {ergonomic}
    uintx ReservedCodeCacheSize                    = 251658240                              {pd product} {ergonomic}
     bool SegmentedCodeCache                       = true                                      {product} {ergonomic}
   size_t SoftMaxHeapSize                          = 2147483648                             {manageable} {ergonomic}
     bool UseCompressedOops                        = true                           {product lp64_product} {ergonomic}
     bool UseLargePagesIndividualAllocation        = false                                  {pd product} {ergonomic}
     bool UseParallelGC                            = true                                      {product} {command line}

Logging:
Log output configuration:
 #0: stdout all=off uptime,level,tags foldmultilines=false
 #1: stderr all=off uptime,level,tags foldmultilines=false

Release file:
JAVA_VERSION="21.0.9" 
MODULES="java.base java.compiler java.datatransfer java.xml java.prefs java.desktop java.instrument java.logging java.management java.security.sasl java.naming java.rmi java.management.rmi java.net.http java.scripting java.security.jgss java.transaction.xa java.sql java.sql.rowset java.xml.crypto java.se java.smartcardio jdk.accessibility jdk.internal.jvmstat jdk.attach jdk.charsets jdk.internal.opt jdk.zipfs jdk.compiler jdk.crypto.ec jdk.crypto.cryptoki jdk.crypto.mscapi jdk.dynalink jdk.internal.ed jdk.editpad jdk.hotspot.agent jdk.httpserver jdk.internal.le jdk.internal.vm.ci jdk.internal.vm.compiler jdk.internal.vm.compiler.management jdk.jartool jdk.javadoc jdk.jcmd jdk.management jdk.management.agent jdk.jconsole jdk.jdeps jdk.jdwp.agent jdk.jdi jdk.jfr jdk.jshell jdk.jsobject jdk.jstatd jdk.localedata jdk.management.jfr jdk.naming.dns jdk.naming.rmi jdk.net jdk.nio.mapmode jdk.random jdk.sctp jdk.security.auth jdk.security.jgss jdk.unsupported jdk.unsupported.desktop jdk.xml.dom" 

Environment Variables:
PATH=C:\Program Files\Common Files\Oracle\Java\javapath;C:\WINDOWS\system32;C:\WINDOWS;C:\WINDOWS\System32\Wbem;C:\WINDOWS\System32\WindowsPowerShell\v1.0\;C:\WINDOWS\System32\OpenSSH\;C:\xampp\php;C:\ProgramData\ComposerSetup\bin;C:\Program Files\Microsoft SQL Server\Client SDK\ODBC\170\Tools\Binn\;C:\Program Files (x86)\Microsoft SQL Server\150\Tools\Binn\;C:\Program Files\Microsoft SQL Server\150\Tools\Binn\;C:\Program Files\Microsoft SQL Server\150\DTS\Binn\;C:\Program Files\dotnet\;C:\Program Files\Microsoft SQL Server\130\Tools\Binn\;C:\Program Files (x86)\Microsoft SQL Server\160\DTS\Binn\;C:\Program Files\Azure Data Studio\bin;C:\Program Files\nodejs\;C:\Program Files\Git\cmd;C:\Program Files\Java\jdk-25\bin;C:\Users\hp\AppData\Local\Programs\Python\Python313\Scripts\;C:\Users\hp\AppData\Local\Programs\Python\Python313\;C:\Users\hp\AppData\Local\Microsoft\WindowsApps;;C:\Users\hp\AppData\Local\Programs\Microsoft VS Code\bin;C:\Users\hp\AppData\Roaming\Composer\vendor\bin;C:\Program Files\Azure Data Studio\bin;C:\Users\hp\AppData\Roaming\npm
USERNAME=hp
OS=Windows_NT
PROCESSOR_IDENTIFIER=Intel64 Family 6 Model 142 Stepping 12, GenuineIntel
TMP=C:\Users\hp\AppData\Local\Temp
TEMP=C:\Users\hp\AppData\Local\Temp




Periodic native trim disabled

---------------  S Y S T E M  ---------------

OS:
 Windows 11 , 64 bit Build 26100 (10.0.26100.7309)
OS uptime: 1 days 3:47 hours

CPU: total 4 (initial active 4) (2 cores per cpu, 2 threads per core) family 6 model 142 stepping 12 microcode 0xec, cx8, cmov, fxsr, ht, mmx, 3dnowpref, sse, sse2, sse3, ssse3, sse4.1, sse4.2, popcnt, lzcnt, tsc, tscinvbit, avx, avx2, aes, erms, clmul, bmi1, bmi2, adx, fma, vzeroupper, clflush, clflushopt, rdtscp, f16c
Processor Information for the first 4 processors :
  Max Mhz: 2592, Current Mhz: 2093, Mhz Limit: 2073

Memory: 4k page, system-wide physical 3919M (156M free)
TotalPageFile size 14494M (AvailPageFile size 0M)
current process WorkingSet (physical memory assigned to process): 165M, peak: 171M
current process commit charge ("private bytes"): 286M, peak: 287M

vm_info: OpenJDK 64-Bit Server VM (21.0.9+10-LTS) for windows-amd64 JRE (21.0.9+10-LTS), built on 2025-10-21T00:00:00Z by "admin" with unknown MS VC++:1942

END.
